#
# A fatal error has been detected by the Java Runtime Environment:
#
#  EXCEPTION_ACCESS_VIOLATION (0xc0000005) at pc=0x00007ffada7b068a, pid=924, tid=14852
#
# JRE version: Java(TM) SE Runtime Environment (21.0.6+8) (build 21.0.6+8-LTS-188)
# Java VM: Java HotSpot(TM) 64-Bit Server VM (21.0.6+8-LTS-188, mixed mode, sharing, tiered, compressed oops, compressed class ptrs, g1 gc, windows-amd64)
# Problematic frame:
# V  [jvm.dll+0x7c068a]
#
# No core dump will be written. Minidumps are not enabled by default on client versions of Windows
#
# If you would like to submit a bug report, please visit:
#   https://bugreport.java.com/bugreport/crash.jsp
#

---------------  S U M M A R Y ------------

Command Line: -javaagent:C:\Program Files\JetBrains\IntelliJ IDEA Community Edition 2024.3.5\lib\idea_rt.jar=57942 -Dfile.encoding=UTF-8 -Dsun.stdout.encoding=UTF-8 -Dsun.stderr.encoding=UTF-8 med.vol.api.ApiApplication

Host: Intel(R) Core(TM) i5-7200U CPU @ 2.50GHz, 4 cores, 19G,  Windows 11 , 64 bit Build 26100 (10.0.26100.4768)
Time: Sun Aug 17 14:55:50 2025 Hora oficial do Brasil elapsed time: 60.545588 seconds (0d 0h 1m 0s)

---------------  T H R E A D  ---------------

Current thread (0x000002387d68cd00):  JavaThread "restartedMain"        [_thread_in_vm, id=14852, stack(0x000000d167f00000,0x000000d168000000) (1024K)]

Stack: [0x000000d167f00000,0x000000d168000000],  sp=0x000000d167ffdf80,  free space=1015k
Native frames: (J=compiled Java code, j=interpreted, Vv=VM code, C=native code)
V  [jvm.dll+0x7c068a]
V  [jvm.dll+0x67d143]
V  [jvm.dll+0x5d3fae]
V  [jvm.dll+0x5d18c7]
V  [jvm.dll+0x5d4659]
V  [jvm.dll+0x5d34a5]
V  [jvm.dll+0x3d68e5]
V  [jvm.dll+0x3d5f5d]
C  0x0000023864169000

The last pc belongs to invokevirtual (printed below).
Java frames: (J=compiled Java code, j=interpreted, Vv=VM code)
j  java.util.Date.convertToAbbr(Ljava/lang/StringBuilder;Ljava/lang/String;)Ljava/lang/StringBuilder;+9 java.base@21.0.6
j  java.util.Date.toString()Ljava/lang/String;+34 java.base@21.0.6
J 2346 c1 java.lang.StringBuilder.append(Ljava/lang/Object;)Ljava/lang/StringBuilder; java.base@21.0.6 (9 bytes) @ 0x000002385d061dfc [0x000002385d061c60+0x000000000000019c]
j  org.springframework.context.support.AbstractApplicationContext.toString()Ljava/lang/String;+30
J 1458 c1 java.lang.String.valueOf(Ljava/lang/Object;)Ljava/lang/String; java.base@21.0.6 (15 bytes) @ 0x000002385ce9a0fc [0x000002385ce99fc0+0x000000000000013c]
j  org.springframework.context.support.AbstractApplicationContext.getApplicationEventMulticaster()Lorg/springframework/context/event/ApplicationEventMulticaster;+12
j  org.springframework.context.support.ApplicationListenerDetector.postProcessBeforeDestruction(Ljava/lang/Object;Ljava/lang/String;)V+16
j  org.springframework.beans.factory.support.DisposableBeanAdapter.destroy()V+48
j  org.springframework.beans.factory.support.DefaultSingletonBeanRegistry.destroyBean(Ljava/lang/String;Lorg/springframework/beans/factory/DisposableBean;)V+115
j  org.springframework.beans.factory.support.DefaultSingletonBeanRegistry.destroySingleton(Ljava/lang/String;)V+36
j  org.springframework.beans.factory.support.DefaultListableBeanFactory.destroySingleton(Ljava/lang/String;)V+2
j  org.springframework.beans.factory.support.DefaultSingletonBeanRegistry.destroySingletons()V+78
j  org.springframework.beans.factory.support.DefaultListableBeanFactory.destroySingletons()V+1
j  org.springframework.context.support.AbstractApplicationContext.destroyBeans()V+4
j  org.springframework.context.support.AbstractApplicationContext.refresh()V+142
j  org.springframework.boot.web.servlet.context.ServletWebServerApplicationContext.refresh()V+1
j  org.springframework.boot.SpringApplication.refresh(Lorg/springframework/context/ConfigurableApplicationContext;)V+1
j  org.springframework.boot.SpringApplication.refreshContext(Lorg/springframework/context/ConfigurableApplicationContext;)V+19
j  org.springframework.boot.SpringApplication.run([Ljava/lang/String;)Lorg/springframework/context/ConfigurableApplicationContext;+113
j  org.springframework.boot.SpringApplication.run([Ljava/lang/Class;[Ljava/lang/String;)Lorg/springframework/context/ConfigurableApplicationContext;+9
j  org.springframework.boot.SpringApplication.run(Ljava/lang/Class;[Ljava/lang/String;)Lorg/springframework/context/ConfigurableApplicationContext;+9
j  med.vol.api.ApiApplication.main([Ljava/lang/String;)V+3
j  java.lang.invoke.LambdaForm$DMH+0x0000023801006000.invokeStatic(Ljava/lang/Object;Ljava/lang/Object;)V+10 java.base@21.0.6
j  java.lang.invoke.LambdaForm$MH+0x0000023801094800.invoke(Ljava/lang/Object;Ljava/lang/Object;Ljava/lang/Object;)Ljava/lang/Object;+33 java.base@21.0.6
J 3543 c1 jdk.internal.reflect.DirectMethodHandleAccessor.invoke(Ljava/lang/Object;[Ljava/lang/Object;)Ljava/lang/Object; java.base@21.0.6 (92 bytes) @ 0x000002385d3388ac [0x000002385d3374a0+0x000000000000140c]
J 3778 c1 java.lang.reflect.Method.invoke(Ljava/lang/Object;[Ljava/lang/Object;)Ljava/lang/Object; java.base@21.0.6 (108 bytes) @ 0x000002385d3e4884 [0x000002385d3e4340+0x0000000000000544]
j  org.springframework.boot.devtools.restart.RestartLauncher.run()V+47
v  ~StubRoutines::call_stub 0x000002386415100d

siginfo: EXCEPTION_ACCESS_VIOLATION (0xc0000005), reading address 0xffffffffffffffff


Registers:
RAX=0x00000000ffffffff, RBX=0x02000238004843a0, RCX=0x02000238004843a0, RDX=0x000000d167ffdf58
RSP=0x000000d167ffdf80, RBP=0x000000d167ffe040, RSI=0x0000023800487348, RDI=0x0000023800008018
R8 =0x000000000000001c, R9 =0x0000000000000001, R10=0x0000000000000017, R11=0x0000000000000000
R12=0x0000023874c43eb0, R13=0x000002387e56fde0, R14=0x000000d167ffe308, R15=0x0000023800008018
RIP=0x00007ffada7b068a, EFLAGS=0x0000000000010202


Register to memory mapping:

RAX=0x00000000ffffffff is an unknown value
RBX=0x02000238004843a0 is an unknown value
RCX=0x02000238004843a0 is an unknown value
RDX=0x000000d167ffdf58 is pointing into the stack for thread: 0x000002387d68cd00
RSP=0x000000d167ffdf80 is pointing into the stack for thread: 0x000002387d68cd00
RBP=0x000000d167ffe040 is pointing into the stack for thread: 0x000002387d68cd00
RSI=0x0000023800487348 is pointing into metadata
RDI=0x0000023800008018 is a pointer to class: 
java.lang.StringBuilder {0x0000023800008020}
 - instance size:     3
 - klass size:        144
 - access:            public final synchronized 
 - flags:             rewritten has_nonstatic_fields has_nonstatic_concrete_methods is_shared_boot_class has_localvariable_table has_miranda_methods has_resolved_methods 
 - state:             fully_initialized
 - name:              'java/lang/StringBuilder'
 - super:             'java/lang/AbstractStringBuilder'
 - sub:               
 - arrays:            'java/lang/StringBuilder'[]
 - methods:           Array<T>(0x0000023800620868)
 - method ordering:   Array<T>(0x0000023800620bb0)
 - default_methods:   Array<T>(0x0000023800620b78)
 - default vtable indices:   Array<T>(0x0000023800620d38)
 - local interfaces:  Array<T>(0x0000023800620b88)
 - trans. interfaces: Array<T>(0x000002380061fac8)
 - constants:         constant pool [422] {0x000002380061faf8} for 'java/lang/StringBuilder' cache=0x0000023800467818
 - class loader data:  loader data: 0x0000023853085eb0 of 'bootstrap'
 - source file:       'StringBuilder.java'
 - generic signature: 'Ljava/lang/AbstractStringBuilder;Ljava/lang/Appendable;Ljava/io/Serializable;Ljava/lang/Comparable<Ljava/lang/StringBuilder;>;Ljava/lang/CharSequence;'
 - inner classes:     Array<T>(0x0000023800613ef0)
 - nest members:     Array<T>(0x0000023800613ef0)
 - permitted subclasses:     Array<T>(0x0000023800613ef0)
 - java mirror:       a 'java/lang/Class'{0x00000006c1e4c218} = 'java/lang/StringBuilder'
 - vtable length      68  (start addr: 0x00000238000081d8)
 - itable length      19 (start addr: 0x00000238000083f8)
 - ---- static fields (1 words):
 - static final 'serialVersionUID' 'J' @112 
 - ---- non-static fields (3 words):
 - 'count' 'I' @12 
 - 'coder' 'B' @16 
 - 'maybeLatin1' 'Z' @17 
 - 'value' '[B' @20 
 - non-static oop maps: 20-20 
R8 =0x000000000000001c is an unknown value
R9 =0x0000000000000001 is an unknown value
R10=0x0000000000000017 is an unknown value
R11=0x0 is null
R12=0x0000023874c43eb0 points into unknown readable memory: 0x0000000000000014 | 14 00 00 00 00 00 00 00
R13=0x000002387e56fde0 points into unknown readable memory: 0x000002387d68c602 | 02 c6 68 7d 38 02 00 00
R14=0x000000d167ffe308 is pointing into the stack for thread: 0x000002387d68cd00
R15=0x0000023800008018 is a pointer to class: 
java.lang.StringBuilder {0x0000023800008020}
 - instance size:     3
 - klass size:        144
 - access:            public final synchronized 
 - flags:             rewritten has_nonstatic_fields has_nonstatic_concrete_methods is_shared_boot_class has_localvariable_table has_miranda_methods has_resolved_methods 
 - state:             fully_initialized
 - name:              'java/lang/StringBuilder'
 - super:             'java/lang/AbstractStringBuilder'
 - sub:               
 - arrays:            'java/lang/StringBuilder'[]
 - methods:           Array<T>(0x0000023800620868)
 - method ordering:   Array<T>(0x0000023800620bb0)
 - default_methods:   Array<T>(0x0000023800620b78)
 - default vtable indices:   Array<T>(0x0000023800620d38)
 - local interfaces:  Array<T>(0x0000023800620b88)
 - trans. interfaces: Array<T>(0x000002380061fac8)
 - constants:         constant pool [422] {0x000002380061faf8} for 'java/lang/StringBuilder' cache=0x0000023800467818
 - class loader data:  loader data: 0x0000023853085eb0 of 'bootstrap'
 - source file:       'StringBuilder.java'
 - generic signature: 'Ljava/lang/AbstractStringBuilder;Ljava/lang/Appendable;Ljava/io/Serializable;Ljava/lang/Comparable<Ljava/lang/StringBuilder;>;Ljava/lang/CharSequence;'
 - inner classes:     Array<T>(0x0000023800613ef0)
 - nest members:     Array<T>(0x0000023800613ef0)
 - permitted subclasses:     Array<T>(0x0000023800613ef0)
 - java mirror:       a 'java/lang/Class'{0x00000006c1e4c218} = 'java/lang/StringBuilder'
 - vtable length      68  (start addr: 0x00000238000081d8)
 - itable length      19 (start addr: 0x00000238000083f8)
 - ---- static fields (1 words):
 - static final 'serialVersionUID' 'J' @112 
 - ---- non-static fields (3 words):
 - 'count' 'I' @12 
 - 'coder' 'B' @16 
 - 'maybeLatin1' 'Z' @17 
 - 'value' '[B' @20 
 - non-static oop maps: 20-20 

Top of Stack: (sp=0x000000d167ffdf80)
0x000000d167ffdf80:   000000000000001c ffffffff0000000c
0x000000d167ffdf90:   0000023800480090 0000000000000000
0x000000d167ffdfa0:   0000023800008018 00007ffada66d143
0x000000d167ffdfb0:   02000238004843a0 000000d167ffe040
0x000000d167ffdfc0:   0000023800487348 000000d167ffe308
0x000000d167ffdfd0:   0000000000000000 00007ffada5c3fae
0x000000d167ffdfe0:   0000000000000000 000000d167ffe0e0
0x000000d167ffdff0:   000002387d68cd00 000000000000003b
0x000000d167ffe000:   0000023800000000 00007ffada5c4050
0x000000d167ffe010:   0000023874c43ea0 0000000000000000
0x000000d167ffe020:   0000000000000000 0000023874c44288
0x000000d167ffe030:   000002387d68cd00 00000000000003d8
0x000000d167ffe040:   00007ffadaa21408 0000001800000000
0x000000d167ffe050:   0000000000000000 0000000000000000
0x000000d167ffe060:   0000000000000000 0000000000000000
0x000000d167ffe070:   000000d167ffe089 0000000000000018
0x000000d167ffe080:   0000000000000030 6c2e6176616a2700
0x000000d167ffe090:   697274532e676e61 65646c697542676e
0x000000d167ffe0a0:   0000000000000072 0000023800480000
0x000000d167ffe0b0:   00007ffadac38490 000002380058b230
0x000000d167ffe0c0:   00000238004871e8 00007ffada3b0080
0x000000d167ffe0d0:   0000a3ae52880f58 000000d167ffe420
0x000000d167ffe0e0:   000000d167ffe308 000000d167ffe420
0x000000d167ffe0f0:   00000238007d9336 0000000000000001
0x000000d167ffe100:   000002387d68cd00 000002387d68cd00
0x000000d167ffe110:   0000a3ae52880f18 00007ffada5c187a
0x000000d167ffe120:   00000238007d9339 000000d167ffe420
0x000000d167ffe130:   00000238007d9339 0000000000000000
0x000000d167ffe140:   000000d167ffe308 000002387d68cd00
0x000000d167ffe150:   0000023800008018 00007ffada5c18c7
0x000000d167ffe160:   00000238007d6d82 000002387923b1a8
0x000000d167ffe170:   000002387d68cd00 000002387d68cd00 

Instructions: (pc=0x00007ffada7b068a)
0x00007ffada7b058a:   cc cc cc cc cc cc 48 89 5c 24 08 48 89 74 24 10
0x00007ffada7b059a:   48 89 7c 24 18 41 56 48 83 ec 20 41 8b d9 49 63
0x00007ffada7b05aa:   f8 48 8b f2 4c 8b f1 e8 1a d4 ef ff 44 0f bf d0
0x00007ffada7b05ba:   49 8d 4e 06 41 c1 e2 10 4c 8b c7 44 0b d3 66 41
0x00007ffada7b05ca:   89 7e 04 48 8b d6 45 89 16 41 c6 46 07 00 c6 01
0x00007ffada7b05da:   00 e8 30 44 13 00 48 8b 5c 24 30 49 8b c6 48 8b
0x00007ffada7b05ea:   74 24 38 48 8b 7c 24 40 48 83 c4 20 41 5e c3 cc
0x00007ffada7b05fa:   cc cc cc cc cc cc 40 53 48 83 ec 20 8b 02 48 8b
0x00007ffada7b060a:   d9 89 01 0f b7 42 04 48 83 c2 06 66 89 41 04 44
0x00007ffada7b061a:   8b c0 48 83 c1 06 e8 eb 43 13 00 48 8b c3 48 83
0x00007ffada7b062a:   c4 20 5b c3 cc cc 4c 8b d2 4c 8b d9 45 85 c0 7e
0x00007ffada7b063a:   3c 44 0f b7 49 04 41 8d 40 ff 41 3b c1 44 0f 4c
0x00007ffada7b064a:   c8 4d 63 c1 45 85 c9 7e 1f 48 8b c2 4c 2b da 49
0x00007ffada7b065a:   8b d0 0f 1f 40 00 41 0f b6 4c 03 06 88 08 48 8d
0x00007ffada7b066a:   40 01 48 83 ea 01 75 ee 43 c6 04 10 00 49 8b c2
0x00007ffada7b067a:   c3 cc cc cc cc cc 48 89 5c 24 08 57 48 83 ec 20
0x00007ffada7b068a:   0f b7 59 04 48 8b f9 33 d2 48 8d 4b 01 e8 d4 f5
0x00007ffada7b069a:   f5 ff 0f b7 57 04 4c 8b c0 3b da 0f 42 d3 44 8b
0x00007ffada7b06aa:   ca 85 d2 74 39 48 2b f8 0f 1f 40 00 66 66 0f 1f
0x00007ffada7b06ba:   84 00 00 00 00 00 0f b6 4c 07 06 88 08 48 ff c0
0x00007ffada7b06ca:   48 8b c8 49 2b c8 49 3b c9 7c eb 42 c6 04 02 00
0x00007ffada7b06da:   49 8b c0 48 8b 5c 24 30 48 83 c4 20 5f c3 48 8b
0x00007ffada7b06ea:   5c 24 30 c6 04 02 00 48 83 c4 20 5f c3 cc cc cc
0x00007ffada7b06fa:   cc cc cc cc cc cc 4c 8b d1 45 85 c0 7e 6c 44 0f
0x00007ffada7b070a:   b7 49 04 41 8d 40 ff 41 3b c1 44 0f 4c c8 4d 63
0x00007ffada7b071a:   d9 45 85 c9 7e 22 48 8b ca 4c 2b d2 4d 8b c3 0f
0x00007ffada7b072a:   1f 80 00 00 00 00 41 0f b6 44 0a 06 88 01 48 8d
0x00007ffada7b073a:   49 01 49 83 e8 01 75 ee 41 c6 04 13 00 48 c7 c0
0x00007ffada7b074a:   ff ff ff ff 66 90 48 ff c0 80 3c 02 00 75 f7 48
0x00007ffada7b075a:   63 c8 85 c0 48 8b c2 7e 14 80 38 2f 75 03 c6 00
0x00007ffada7b076a:   2e 48 ff c0 48 83 e9 01 75 ef 48 8b c2 c3 cc cc
0x00007ffada7b077a:   cc cc cc cc cc cc 48 83 ec 28 e8 f7 fe ff ff 4c 


Stack slot to memory mapping:

stack at sp + 0 slots: 0x000000000000001c is an unknown value
stack at sp + 1 slots: 0xffffffff0000000c is an unknown value
stack at sp + 2 slots: 0x0000023800480090 is pointing into metadata
stack at sp + 3 slots: 0x0 is null
stack at sp + 4 slots: 0x0000023800008018 is a pointer to class: 
java.lang.StringBuilder {0x0000023800008020}
 - instance size:     3
 - klass size:        144
 - access:            public final synchronized 
 - flags:             rewritten has_nonstatic_fields has_nonstatic_concrete_methods is_shared_boot_class has_localvariable_table has_miranda_methods has_resolved_methods 
 - state:             fully_initialized
 - name:              'java/lang/StringBuilder'
 - super:             'java/lang/AbstractStringBuilder'
 - sub:               
 - arrays:            'java/lang/StringBuilder'[]
 - methods:           Array<T>(0x0000023800620868)
 - method ordering:   Array<T>(0x0000023800620bb0)
 - default_methods:   Array<T>(0x0000023800620b78)
 - default vtable indices:   Array<T>(0x0000023800620d38)
 - local interfaces:  Array<T>(0x0000023800620b88)
 - trans. interfaces: Array<T>(0x000002380061fac8)
 - constants:         constant pool [422] {0x000002380061faf8} for 'java/lang/StringBuilder' cache=0x0000023800467818
 - class loader data:  loader data: 0x0000023853085eb0 of 'bootstrap'
 - source file:       'StringBuilder.java'
 - generic signature: 'Ljava/lang/AbstractStringBuilder;Ljava/lang/Appendable;Ljava/io/Serializable;Ljava/lang/Comparable<Ljava/lang/StringBuilder;>;Ljava/lang/CharSequence;'
 - inner classes:     Array<T>(0x0000023800613ef0)
 - nest members:     Array<T>(0x0000023800613ef0)
 - permitted subclasses:     Array<T>(0x0000023800613ef0)
 - java mirror:       a 'java/lang/Class'{0x00000006c1e4c218} = 'java/lang/StringBuilder'
 - vtable length      68  (start addr: 0x00000238000081d8)
 - itable length      19 (start addr: 0x00000238000083f8)
 - ---- static fields (1 words):
 - static final 'serialVersionUID' 'J' @112 
 - ---- non-static fields (3 words):
 - 'count' 'I' @12 
 - 'coder' 'B' @16 
 - 'maybeLatin1' 'Z' @17 
 - 'value' '[B' @20 
 - non-static oop maps: 20-20 
stack at sp + 5 slots: 0x00007ffada66d143 jvm.dll
stack at sp + 6 slots: 0x02000238004843a0 is an unknown value
stack at sp + 7 slots: 0x000000d167ffe040 is pointing into the stack for thread: 0x000002387d68cd00

invokevirtual  182 invokevirtual  [0x0000023864168f60, 0x0000023864169430]  1232 bytes
[MachCode]
  0x0000023864168f60: 4883 ec08 | c5fa 1104 | 24eb 1f48 | 83ec 10c5 | fb11 0424 | eb14 4883 | ec10 4889 | 0424 48c7 
  0x0000023864168f80: 4424 0800 | 0000 00eb | 0150 4c89 | 6dc0 410f | b755 0148 | 8b4d d0c1 | e202 8b5c | d138 c1eb 
  0x0000023864168fa0: 1881 e3ff | 0000 0081 | fbb6 0000 | 000f 84b4 | 0000 00bb | b600 0000 | e805 0000 | 00e9 9900 
  0x0000023864168fc0: 0000 488b | d348 8d44 | 2408 4c89 | 6dc0 498b | cfc5 f877 | 4989 afa8 | 0300 0049 | 8987 9803 
  0x0000023864168fe0: 0000 4883 | ec20 40f6 | c40f 0f84 | 1900 0000 | 4883 ec08 | 48b8 f05e | 3cda fa7f | 0000 ffd0 
  0x0000023864169000: 4883 c408 | e90c 0000 | 0048 b8f0 | 5e3c dafa | 7f00 00ff | d048 83c4 | 2049 c787 | 9803 0000 
  0x0000023864169020: 0000 0000 | 49c7 87a8 | 0300 0000 | 0000 0049 | c787 a003 | 0000 0000 | 0000 c5f8 | 7749 837f 
  0x0000023864169040: 0800 0f84 | 0500 0000 | e9b3 7efe | ff4c 8b6d | c04c 8b75 | c84e 8d74 | f500 c341 | 0fb7 5501 
  0x0000023864169060: 488b 4dd0 | c1e2 0248 | 8b5c d148 | 8b54 d150 | 8bca 81e1 | ff00 0000 | 488b 4ccc | f844 8bea 
  0x0000023864169080: c1ea 1c49 | ba20 dbc3 | dafa 7f00 | 0049 8b14 | d252 418b | d54c 8b6d | c08b c225 | 0000 1000 
  0x00000238641690a0: 0f84 7801 | 0000 483b | 0148 8b45 | d848 85c0 | 0f84 1200 | 0000 4883 | 4008 0148 | 8358 0800 
  0x00000238641690c0: 4883 c038 | 4889 45d8 | 488b 45d8 | 4885 c00f | 843d 0100 | 0080 78c8 | 0b0f 8533 | 0100 0048 
  0x00000238641690e0: 83c0 084c | 8b68 f841 | 83ed 0041 | 83fd 020f | 8c12 0100 | 004c 8b6b | 0845 0fb7 | 6d2e 4c2b 
  0x0000023864169100: 2841 83ed | 014e 8b6c | ec08 4d85 | ed75 0ef6 | 4008 0175 | 58f0 4883 | 4808 01eb | 5045 8b6d 
  0x0000023864169120: 0849 ba00 | 0000 0038 | 0200 004d | 03ea 4d8b | d54c 3368 | 0849 f7c5 | fcff ffff | 742f 41f6 
  0x0000023864169140: c502 7529 | 4883 7808 | 0074 1e48 | 8378 0801 | 7417 4d8b | ea4c 3368 | 0849 f7c5 | fcff ffff 
  0x0000023864169160: 740b 4883 | 4808 02eb | 044c 8968 | 0848 83c0 | 104c 8b68 | e841 83ed | 0241 83fd | 020f 8c84 
  0x0000023864169180: 0000 004c | 8b6b 0845 | 0fb7 6d2e | 4c2b 2841 | 83ed 014e | 8b6c ec08 | 4d85 ed75 | 0ef6 4008 
  0x00000238641691a0: 0175 58f0 | 4883 4808 | 01eb 5045 | 8b6d 0849 | ba00 0000 | 0038 0200 | 004d 03ea | 4d8b d54c 
  0x00000238641691c0: 3368 0849 | f7c5 fcff | ffff 742f | 41f6 c502 | 7529 4883 | 7808 0074 | 1e48 8378 | 0801 7417 
  0x00000238641691e0: 4d8b ea4c | 3368 0849 | f7c5 fcff | ffff 740b | 4883 4808 | 02eb 044c | 8968 0848 | 83c0 104c 
  0x0000023864169200: 8b68 d841 | 83ed 0441 | c1e5 0349 | 03c5 4889 | 45d8 4c8d | 6c24 084c | 896d f0ff | 6350 8b41 
  0x0000023864169220: 0849 ba00 | 0000 0038 | 0200 0049 | 03c2 4c8b | 75d8 4d85 | f60f 8495 | 0000 0049 | 8b56 1848 
  0x0000023864169240: 3bd0 0f85 | 0f00 0000 | 4983 4620 | 0149 835e | 2000 e971 | 0000 0048 | 85d2 0f84 | 4200 0000 
  0x0000023864169260: 498b 5628 | 483b d00f | 850f 0000 | 0049 8346 | 3001 4983 | 5e30 00e9 | 4c00 0000 | 4885 d274 
  0x0000023864169280: 0f49 8346 | 0801 4983 | 5e08 00e9 | 3800 0000 | 4989 4628 | ba01 0000 | 0049 8956 | 30e9 2600 
  0x00000238641692a0: 0000 493b | 4628 0f85 | 0f00 0000 | 4983 4630 | 0149 835e | 3000 e90d | 0000 0049 | 8946 18ba 
  0x00000238641692c0: 0100 0000 | 4989 5620 | 4983 c638 | 4c89 75d8 | 488b 9cd8 | c001 0000 | 488b 55d8 | 4885 d20f 
  0x00000238641692e0: 843d 0100 | 0080 7ac8 | 0b0f 8533 | 0100 0048 | 83c2 084c | 8b6a f841 | 83ed 0041 | 83fd 020f 
  0x0000023864169300: 8c12 0100 | 004c 8b6b | 0845 0fb7 | 6d2e 4c2b | 2a41 83ed | 014e 8b6c | ec08 4d85 | ed75 0ef6 
  0x0000023864169320: 4208 0175 | 58f0 4883 | 4a08 01eb | 5045 8b6d | 0849 ba00 | 0000 0038 | 0200 004d | 03ea 4d8b 
  0x0000023864169340: d54c 336a | 0849 f7c5 | fcff ffff | 742f 41f6 | c502 7529 | 4883 7a08 | 0074 1e48 | 837a 0801 
  0x0000023864169360: 7417 4d8b | ea4c 336a | 0849 f7c5 | fcff ffff | 740b 4883 | 4a08 02eb | 044c 896a | 0848 83c2 
  0x0000023864169380: 104c 8b6a | e841 83ed | 0241 83fd | 020f 8c84 | 0000 004c | 8b6b 0845 | 0fb7 6d2e | 4c2b 2a41 
  0x00000238641693a0: 83ed 014e | 8b6c ec08 | 4d85 ed75 | 0ef6 4208 | 0175 58f0 | 4883 4a08 | 01eb 5045 | 8b6d 0849 
  0x00000238641693c0: ba00 0000 | 0038 0200 | 004d 03ea | 4d8b d54c | 336a 0849 | f7c5 fcff | ffff 742f | 41f6 c502 
  0x00000238641693e0: 7529 4883 | 7a08 0074 | 1e48 837a | 0801 7417 | 4d8b ea4c | 336a 0849 | f7c5 fcff | ffff 740b 
  0x0000023864169400: 4883 4a08 | 02eb 044c | 896a 0848 | 83c2 104c | 8b6a d841 | 83ed 0441 | c1e5 0349 | 03d5 4889 
  0x0000023864169420: 55d8 4c8d | 6c24 084c | 896d f0ff | 6350 6690 
[/MachCode]

Compiled method (c1)   60712 2346       3       java.lang.StringBuilder::append (9 bytes)
 total in heap  [0x000002385d061a90,0x000002385d0620a0] = 1552
 relocation     [0x000002385d061bf0,0x000002385d061c58] = 104
 main code      [0x000002385d061c60,0x000002385d061f40] = 736
 stub code      [0x000002385d061f40,0x000002385d061f98] = 88
 metadata       [0x000002385d061f98,0x000002385d061fb0] = 24
 scopes data    [0x000002385d061fb0,0x000002385d062008] = 88
 scopes pcs     [0x000002385d062008,0x000002385d062088] = 128
 dependencies   [0x000002385d062088,0x000002385d062090] = 8
 nul chk table  [0x000002385d062090,0x000002385d0620a0] = 16

[Constant Pool (empty)]

[MachCode]
[Entry Point]
  # {method} {0x0000023800467488} 'append' '(Ljava/lang/Object;)Ljava/lang/StringBuilder;' in 'java/lang/StringBuilder'
  # this:     rdx:rdx   = 'java/lang/StringBuilder'
  # parm0:    r8:r8     = 'java/lang/Object'
  #           [sp+0x50]  (sp of caller)
  0x000002385d061c60: 448b 5208 | 49bb 0000 | 0000 3802 | 0000 4d03 | d34c 3bd0 

  0x000002385d061c74: ;   {runtime_call ic_miss_stub}
  0x000002385d061c74: 0f85 06cb | 1307 660f | 1f44 0000 
[Verified Entry Point]
  0x000002385d061c80: 8984 2400 | 80ff ff55 | 4883 ec40 | 4181 7f20 | 0800 0000 

  0x000002385d061c94: ;   {runtime_call StubRoutines (final stubs)}
  0x000002385d061c94: 7405 e8c5 | 3012 0748 | 8954 2430 

  0x000002385d061ca0: ;   {metadata(method data for {method} {0x0000023800467488} 'append' '(Ljava/lang/Object;)Ljava/lang/StringBuilder;' in 'java/lang/StringBuilder')}
  0x000002385d061ca0: 48be 30e7 | 1075 3802 | 0000 8bbe | cc00 0000 | 83c7 0289 | becc 0000 | 0081 e7fe | 0700 0085 
  0x000002385d061cc0: ff0f 84cd 

  0x000002385d061cc4: ;   {metadata(method data for {method} {0x0000023800467488} 'append' '(Ljava/lang/Object;)Ljava/lang/StringBuilder;' in 'java/lang/StringBuilder')}
  0x000002385d061cc4: 0100 0048 | be30 e710 | 7538 0200 | 0048 8386 | 1001 0000 

  0x000002385d061cd8: ;   {metadata(method data for {method} {0x000002380045ac10} 'valueOf' '(Ljava/lang/Object;)Ljava/lang/String;' in 'java/lang/String')}
  0x000002385d061cd8: 0148 bed0 | e810 7538 | 0200 008b | becc 0000 | 0083 c702 | 89be cc00 | 0000 81e7 | feff 1f00 
  0x000002385d061cf8: 85ff 0f84 | b501 0000 

  0x000002385d061d00: ;   {metadata(method data for {method} {0x000002380045ac10} 'valueOf' '(Ljava/lang/Object;)Ljava/lang/String;' in 'java/lang/String')}
  0x000002385d061d00: 4d85 c048 | bed0 e810 | 7538 0200 | 0048 bf10 | 0100 0000 | 0000 0075 | 0a48 bf20 | 0100 0000 
  0x000002385d061d20: 0000 0048 | 8b1c 3e48 | 8d5b 0148 | 891c 3e0f | 851f 0000 

  0x000002385d061d34: ;   {metadata(method data for {method} {0x000002380045ac10} 'valueOf' '(Ljava/lang/Object;)Ljava/lang/String;' in 'java/lang/String')}
  0x000002385d061d34: 0048 bed0 | e810 7538 | 0200 00ff | 8630 0100 

  0x000002385d061d44: ;   {oop("null"{0x00000006c1f07c00})}
  0x000002385d061d44: 0048 be00 | 7cf0 c106 | 0000 00e9 | b300 0000 

  0x000002385d061d54: ; implicit exception: dispatches to 0x000002385d061ed6
  0x000002385d061d54: 493b 0049 

  0x000002385d061d58: ;   {metadata(method data for {method} {0x000002380045ac10} 'valueOf' '(Ljava/lang/Object;)Ljava/lang/String;' in 'java/lang/String')}
  0x000002385d061d58: 8bf0 48bf | d0e8 1075 | 3802 0000 | 8b76 0849 | ba00 0000 | 0038 0200 | 0049 03f2 | 483b b758 
  0x000002385d061d78: 0100 0075 | 0d48 8387 | 6001 0000 | 01e9 6000 | 0000 483b | b768 0100 | 0075 0d48 | 8387 7001 
  0x000002385d061d98: 0000 01e9 | 4a00 0000 | 4883 bf58 | 0100 0000 | 7517 4889 | b758 0100 | 0048 c787 | 6001 0000 
  0x000002385d061db8: 0100 0000 | e929 0000 | 0048 83bf | 6801 0000 | 0075 1748 | 89b7 6801 | 0000 48c7 | 8770 0100 
  0x000002385d061dd8: 0001 0000 | 00e9 0800 | 0000 4883 | 8748 0100 | 0001 498b | d048 b8ff | ffff ffff 

  0x000002385d061df4: ;   {virtual_call}
  0x000002385d061df4: ffff ffe8 

  0x000002385d061df8: ; ImmutableOopMap {[48]=Oop }
                      ;*invokevirtual toString {reexecute=0 rethrow=0 return_oop=0}
                      ; - java.lang.String::valueOf@11 (line 4465)
                      ; - java.lang.StringBuilder::append@2 (line 173)
  0x000002385d061df8: 24be 2007 

  0x000002385d061dfc: ;   {other}
  0x000002385d061dfc: 0f1f 8400 | 6c03 0000 | 488b f048 | 8b54 2430 

  0x000002385d061e0c: ;   {metadata(method data for {method} {0x0000023800467488} 'append' '(Ljava/lang/Object;)Ljava/lang/StringBuilder;' in 'java/lang/StringBuilder')}
  0x000002385d061e0c: 4c8b c248 | bf30 e710 | 7538 0200 | 0048 8387 | 2001 0000 

  0x000002385d061e20: ;   {metadata(method data for {method} {0x0000023800467430} 'append' '(Ljava/lang/String;)Ljava/lang/StringBuilder;' in 'java/lang/StringBuilder')}
  0x000002385d061e20: 0149 b890 | ce00 7538 | 0200 0041 | 8bb8 cc00 | 0000 83c7 | 0241 89b8 | cc00 0000 | 81e7 feff 
  0x000002385d061e40: 1f00 85ff | 0f84 9100 | 0000 4c8b 

  0x000002385d061e4c: ;   {metadata(method data for {method} {0x0000023800467430} 'append' '(Ljava/lang/String;)Ljava/lang/StringBuilder;' in 'java/lang/StringBuilder')}
  0x000002385d061e4c: c248 bf90 | ce00 7538 | 0200 0048 | 8387 1001 | 0000 014c | 8bc6 488b | f248 8bd6 | 0f1f 8000 
  0x000002385d061e6c: ;   {optimized virtual_call}
  0x000002385d061e6c: 0000 00e8 

  0x000002385d061e70: ; ImmutableOopMap {[48]=Oop }
                      ;*invokespecial append {reexecute=0 rethrow=0 return_oop=0}
                      ; - java.lang.StringBuilder::append@2 (line 179)
                      ; - java.lang.StringBuilder::append@5 (line 173)
  0x000002385d061e70: 8c94 9b07 

  0x000002385d061e74: ;   {other}
  0x000002385d061e74: 0f1f 8400 | e403 0001 | 488b 4424 | 3048 83c4 

  0x000002385d061e84: ;   {poll_return}
  0x000002385d061e84: 405d 493b | a748 0400 | 000f 8769 | 0000 00c3 

  0x000002385d061e94: ;   {metadata({method} {0x0000023800467488} 'append' '(Ljava/lang/Object;)Ljava/lang/StringBuilder;' in 'java/lang/StringBuilder')}
  0x000002385d061e94: 49ba 8074 | 4600 3802 | 0000 4c89 | 5424 0848 | c704 24ff 

  0x000002385d061ea8: ;   {runtime_call counter_overflow Runtime1 stub}
  0x000002385d061ea8: ffff ffe8 

  0x000002385d061eac: ; ImmutableOopMap {rdx=Oop r8=Oop [48]=Oop }
                      ;*synchronization entry
                      ; - java.lang.StringBuilder::append@-1 (line 173)
  0x000002385d061eac: 502b 2007 | e912 feff 

  0x000002385d061eb4: ;   {metadata({method} {0x000002380045ac10} 'valueOf' '(Ljava/lang/Object;)Ljava/lang/String;' in 'java/lang/String')}
  0x000002385d061eb4: ff49 ba08 | ac45 0038 | 0200 004c | 8954 2408 | 48c7 0424 | ffff ffff 

  0x000002385d061ecc: ;   {runtime_call counter_overflow Runtime1 stub}
  0x000002385d061ecc: e82f 2b20 

  0x000002385d061ed0: ; ImmutableOopMap {rdx=Oop r8=Oop [48]=Oop }
                      ;*synchronization entry
                      ; - java.lang.String::valueOf@-1 (line 4465)
                      ; - java.lang.StringBuilder::append@2 (line 173)
  0x000002385d061ed0: 07e9 2afe 

  0x000002385d061ed4: ;   {runtime_call throw_null_pointer_exception Runtime1 stub}
  0x000002385d061ed4: ffff e825 

  0x000002385d061ed8: ; ImmutableOopMap {r8=Oop [48]=Oop }
                      ;*invokevirtual toString {reexecute=0 rethrow=0 return_oop=0}
                      ; - java.lang.String::valueOf@11 (line 4465)
                      ; - java.lang.StringBuilder::append@2 (line 173)
                      ;   {metadata({method} {0x0000023800467430} 'append' '(Ljava/lang/String;)Ljava/lang/StringBuilder;' in 'java/lang/StringBuilder')}
  0x000002385d061ed8: da1f 0749 | ba28 7446 | 0038 0200 | 004c 8954 | 2408 48c7 | 0424 ffff 

  0x000002385d061ef0: ;   {runtime_call counter_overflow Runtime1 stub}
  0x000002385d061ef0: ffff e809 

  0x000002385d061ef4: ; ImmutableOopMap {rsi=Oop rdx=Oop [48]=Oop }
                      ;*synchronization entry
                      ; - java.lang.StringBuilder::append@-1 (line 179)
                      ; - java.lang.StringBuilder::append@5 (line 173)
  0x000002385d061ef4: 2b20 07e9 | 4eff ffff 

  0x000002385d061efc: ;   {internal_word}
  0x000002385d061efc: 49ba 861e | 065d 3802 | 0000 4d89 | 9760 0400 

  0x000002385d061f0c: ;   {runtime_call SafepointBlob}
  0x000002385d061f0c: 00e9 ee37 | 1407 498b | 87f8 0400 | 0049 c787 | f804 0000 | 0000 0000 | 49c7 8700 | 0500 0000 
  0x000002385d061f2c: 0000 0048 | 83c4 405d 

  0x000002385d061f34: ;   {runtime_call unwind_exception Runtime1 stub}
  0x000002385d061f34: e9c7 ca1f | 07f4 f4f4 | f4f4 f4f4 
[Stub Code]
  0x000002385d061f40: ;   {no_reloc}
  0x000002385d061f40: 0f1f 4400 

  0x000002385d061f44: ;   {static_stub}
  0x000002385d061f44: 0048 bb00 | 0000 0000 

  0x000002385d061f4c: ;   {runtime_call}
  0x000002385d061f4c: 0000 00e9 | fbff ffff 

  0x000002385d061f54: ;   {static_stub}
  0x000002385d061f54: 9048 bb00 | 0000 0000 

  0x000002385d061f5c: ;   {runtime_call}
  0x000002385d061f5c: 0000 00e9 | fbff ffff 
[Exception Handler]
  0x000002385d061f64: ;   {runtime_call handle_exception_from_callee Runtime1 stub}
  0x000002385d061f64: e897 f71f 

  0x000002385d061f68: ;   {external_word}
  0x000002385d061f68: 0748 b9a0 | 4699 dafa | 7f00 0048 

  0x000002385d061f74: ;   {runtime_call}
  0x000002385d061f74: 83e4 f048 | b8b0 2861 | dafa 7f00 | 00ff d0f4 
[Deopt Handler Code]
  0x000002385d061f84: ;   {section_word}
  0x000002385d061f84: 49ba 841f | 065d 3802 | 0000 4152 

  0x000002385d061f90: ;   {runtime_call DeoptimizationBlob}
  0x000002385d061f90: e90b 2a14 | 07f4 f4f4 
[/MachCode]


Compiled method (c1)   60728 1458       3       java.lang.String::valueOf (15 bytes)
 total in heap  [0x000002385ce99e10,0x000002385ce9a250] = 1088
 relocation     [0x000002385ce99f70,0x000002385ce99fb8] = 72
 main code      [0x000002385ce99fc0,0x000002385ce9a180] = 448
 stub code      [0x000002385ce9a180,0x000002385ce9a1c8] = 72
 metadata       [0x000002385ce9a1c8,0x000002385ce9a1d0] = 8
 scopes data    [0x000002385ce9a1d0,0x000002385ce9a1e8] = 24
 scopes pcs     [0x000002385ce9a1e8,0x000002385ce9a238] = 80
 dependencies   [0x000002385ce9a238,0x000002385ce9a240] = 8
 nul chk table  [0x000002385ce9a240,0x000002385ce9a250] = 16

[Constant Pool (empty)]

[MachCode]
[Verified Entry Point]
  # {method} {0x000002380045ac10} 'valueOf' '(Ljava/lang/Object;)Ljava/lang/String;' in 'java/lang/String'
  # parm0:    rdx:rdx   = 'java/lang/Object'
  #           [sp+0x30]  (sp of caller)
  0x000002385ce99fc0: 8984 2400 | 80ff ff55 | 4883 ec20 | 4181 7f20 | 0800 0000 

  0x000002385ce99fd4: ;   {runtime_call StubRoutines (final stubs)}
  0x000002385ce99fd4: 7405 e885 

  0x000002385ce99fd8: ;   {metadata(method data for {method} {0x000002380045ac10} 'valueOf' '(Ljava/lang/Object;)Ljava/lang/String;' in 'java/lang/String')}
  0x000002385ce99fd8: ad2e 0748 | bed0 e810 | 7538 0200 | 008b becc | 0000 0083 | c702 89be | cc00 0000 | 81e7 fe07 
  0x000002385ce99ff8: 0000 85ff | 0f84 1b01 | 0000 4885 

  0x000002385ce9a004: ;   {metadata(method data for {method} {0x000002380045ac10} 'valueOf' '(Ljava/lang/Object;)Ljava/lang/String;' in 'java/lang/String')}
  0x000002385ce9a004: d248 bed0 | e810 7538 | 0200 0048 | bf10 0100 | 0000 0000 | 0075 0a48 | bf20 0100 | 0000 0000 
  0x000002385ce9a024: 0048 8b1c | 3e48 8d5b | 0148 891c | 3e0f 851f 

  0x000002385ce9a034: ;   {metadata(method data for {method} {0x000002380045ac10} 'valueOf' '(Ljava/lang/Object;)Ljava/lang/String;' in 'java/lang/String')}
  0x000002385ce9a034: 0000 0048 | bad0 e810 | 7538 0200 | 00ff 8230 

  0x000002385ce9a044: ;   {oop("null"{0x00000006c1f07c00})}
  0x000002385ce9a044: 0100 0048 | be00 7cf0 | c106 0000 | 00e9 b100 | 0000 483b | 0248 8bf2 

  0x000002385ce9a05c: ;   {metadata(method data for {method} {0x000002380045ac10} 'valueOf' '(Ljava/lang/Object;)Ljava/lang/String;' in 'java/lang/String')}
  0x000002385ce9a05c: 48bf d0e8 | 1075 3802 | 0000 8b76 | 0849 ba00 | 0000 0038 | 0200 0049 | 03f2 483b | b758 0100 
  0x000002385ce9a07c: 0075 0d48 | 8387 6001 | 0000 01e9 | 6000 0000 | 483b b768 | 0100 0075 | 0d48 8387 | 7001 0000 
  0x000002385ce9a09c: 01e9 4a00 | 0000 4883 | bf58 0100 | 0000 7517 | 4889 b758 | 0100 0048 | c787 6001 | 0000 0100 
  0x000002385ce9a0bc: 0000 e929 | 0000 0048 | 83bf 6801 | 0000 0075 | 1748 89b7 | 6801 0000 | 48c7 8770 | 0100 0001 
  0x000002385ce9a0dc: 0000 00e9 | 0800 0000 | 4883 8748 | 0100 0001 | 9048 b8ff | ffff ffff 

  0x000002385ce9a0f4: ;   {virtual_call}
  0x000002385ce9a0f4: ffff ffe8 

  0x000002385ce9a0f8: ; ImmutableOopMap {}
                      ;*invokevirtual toString {reexecute=0 rethrow=0 return_oop=0}
                      ; - java.lang.String::valueOf@11 (line 4465)
  0x000002385ce9a0f8: 243b 3d07 

  0x000002385ce9a0fc: ;   {other}
  0x000002385ce9a0fc: 0f1f 8400 | ec02 0000 | 488b f048 | 8bc6 4883 

  0x000002385ce9a10c: ;   {poll_return}
  0x000002385ce9a10c: c420 5d49 | 3ba7 4804 | 0000 0f87 | 2700 0000 

  0x000002385ce9a11c: ;   {metadata({method} {0x000002380045ac10} 'valueOf' '(Ljava/lang/Object;)Ljava/lang/String;' in 'java/lang/String')}
  0x000002385ce9a11c: c349 ba08 | ac45 0038 | 0200 004c | 8954 2408 | 48c7 0424 | ffff ffff 

  0x000002385ce9a134: ;   {runtime_call counter_overflow Runtime1 stub}
  0x000002385ce9a134: e8c7 a83c 

  0x000002385ce9a138: ; ImmutableOopMap {rdx=Oop }
                      ;*synchronization entry
                      ; - java.lang.String::valueOf@-1 (line 4465)
  0x000002385ce9a138: 07e9 c4fe 

  0x000002385ce9a13c: ;   {runtime_call throw_null_pointer_exception Runtime1 stub}
  0x000002385ce9a13c: ffff e8bd 

  0x000002385ce9a140: ; ImmutableOopMap {rdx=Oop }
                      ;*invokevirtual toString {reexecute=0 rethrow=0 return_oop=0}
                      ; - java.lang.String::valueOf@11 (line 4465)
                      ;   {internal_word}
  0x000002385ce9a140: 573c 0749 | ba0f a1e9 | 5c38 0200 | 004d 8997 | 6004 0000 

  0x000002385ce9a154: ;   {runtime_call SafepointBlob}
  0x000002385ce9a154: e9a7 b530 | 0749 8b87 | f804 0000 | 49c7 87f8 | 0400 0000 | 0000 0049 | c787 0005 | 0000 0000 
  0x000002385ce9a174: 0000 4883 

  0x000002385ce9a178: ;   {runtime_call unwind_exception Runtime1 stub}
  0x000002385ce9a178: c420 5de9 | 8048 3c07 
[Stub Code]
  0x000002385ce9a180: ;   {no_reloc}
  0x000002385ce9a180: 0f1f 4400 

  0x000002385ce9a184: ;   {static_stub}
  0x000002385ce9a184: 0048 bb00 | 0000 0000 

  0x000002385ce9a18c: ;   {runtime_call}
  0x000002385ce9a18c: 0000 00e9 | fbff ffff 
[Exception Handler]
  0x000002385ce9a194: ;   {runtime_call handle_exception_from_callee Runtime1 stub}
  0x000002385ce9a194: e867 753c 

  0x000002385ce9a198: ;   {external_word}
  0x000002385ce9a198: 0748 b9a0 | 4699 dafa | 7f00 0048 

  0x000002385ce9a1a4: ;   {runtime_call}
  0x000002385ce9a1a4: 83e4 f048 | b8b0 2861 | dafa 7f00 | 00ff d0f4 
[Deopt Handler Code]
  0x000002385ce9a1b4: ;   {section_word}
  0x000002385ce9a1b4: 49ba b4a1 | e95c 3802 | 0000 4152 

  0x000002385ce9a1c0: ;   {runtime_call DeoptimizationBlob}
  0x000002385ce9a1c0: e9db a730 | 07f4 f4f4 
[/MachCode]


---------------  P R O C E S S  ---------------

Threads class SMR info:
_java_thread_list=0x000002387ca73bd0, length=17, elements={
0x0000023874bd7ee0, 0x0000023874bd9850, 0x0000023874be03b0, 0x0000023874be3810,
0x0000023874be3ea0, 0x0000023874be4530, 0x0000023874bed460, 0x0000023874bf3ab0,
0x0000023874be3180, 0x0000023874be10b0, 0x0000023874be1740, 0x000002387bae3ae0,
0x000002387bae4e90, 0x000002387d68bfe0, 0x000002387d689f10, 0x000002387d68cd00,
0x000002387ab661d0
}

Java Threads: ( => current thread )
  0x0000023874bd7ee0 JavaThread "Reference Handler"          daemon [_thread_blocked, id=7312, stack(0x000000d166c00000,0x000000d166d00000) (1024K)]
  0x0000023874bd9850 JavaThread "Finalizer"                  daemon [_thread_blocked, id=4892, stack(0x000000d166d00000,0x000000d166e00000) (1024K)]
  0x0000023874be03b0 JavaThread "Signal Dispatcher"          daemon [_thread_blocked, id=6264, stack(0x000000d166e00000,0x000000d166f00000) (1024K)]
  0x0000023874be3810 JavaThread "Attach Listener"            daemon [_thread_blocked, id=17200, stack(0x000000d166f00000,0x000000d167000000) (1024K)]
  0x0000023874be3ea0 JavaThread "Service Thread"             daemon [_thread_blocked, id=19036, stack(0x000000d167000000,0x000000d167100000) (1024K)]
  0x0000023874be4530 JavaThread "Monitor Deflation Thread"   daemon [_thread_blocked, id=10864, stack(0x000000d167100000,0x000000d167200000) (1024K)]
  0x0000023874bed460 JavaThread "C2 CompilerThread0"         daemon [_thread_in_native, id=13708, stack(0x000000d167200000,0x000000d167300000) (1024K)]
  0x0000023874bf3ab0 JavaThread "C1 CompilerThread0"         daemon [_thread_blocked, id=18652, stack(0x000000d167300000,0x000000d167400000) (1024K)]
  0x0000023874be3180 JavaThread "Common-Cleaner"             daemon [_thread_blocked, id=4756, stack(0x000000d167400000,0x000000d167500000) (1024K)]
  0x0000023874be10b0 JavaThread "Monitor Ctrl-Break"         daemon [_thread_in_native, id=16288, stack(0x000000d167600000,0x000000d167700000) (1024K)]
  0x0000023874be1740 JavaThread "Notification Thread"        daemon [_thread_blocked, id=17652, stack(0x000000d167700000,0x000000d167800000) (1024K)]
  0x000002387bae3ae0 JavaThread "mysql-cj-abandoned-connection-cleanup" daemon [_thread_blocked, id=9704, stack(0x000000d168000000,0x000000d168100000) (1024K)]
  0x000002387bae4e90 JavaThread "Live Reload Server"         daemon [_thread_in_native, id=12784, stack(0x000000d168500000,0x000000d168600000) (1024K)]
  0x000002387d68bfe0 JavaThread "DestroyJavaVM"                     [_thread_blocked, id=16392, stack(0x000000d166400000,0x000000d166500000) (1024K)]
  0x000002387d689f10 JavaThread "Thread-5"                          [_thread_blocked, id=8172, stack(0x000000d167c00000,0x000000d167d00000) (1024K)]
=>0x000002387d68cd00 JavaThread "restartedMain"                     [_thread_in_vm, id=14852, stack(0x000000d167f00000,0x000000d168000000) (1024K)]
  0x000002387ab661d0 JavaThread "C2 CompilerThread1"         daemon [_thread_in_native, id=15448, stack(0x000000d167d00000,0x000000d167e00000) (1024K)]
Total: 17

Other Threads:
  0x0000023874bbf890 VMThread "VM Thread"                           [id=17732, stack(0x000000d166b00000,0x000000d166c00000) (1024K)]
  0x0000023874baaf50 WatcherThread "VM Periodic Task Thread"        [id=6816, stack(0x000000d166a00000,0x000000d166b00000) (1024K)]
  0x0000023853041590 WorkerThread "GC Thread#0"                     [id=7380, stack(0x000000d166500000,0x000000d166600000) (1024K)]
  0x0000023879c07c60 WorkerThread "GC Thread#1"                     [id=19420, stack(0x000000d167800000,0x000000d167900000) (1024K)]
  0x0000023879c040a0 WorkerThread "GC Thread#2"                     [id=18920, stack(0x000000d167900000,0x000000d167a00000) (1024K)]
  0x0000023879c04440 WorkerThread "GC Thread#3"                     [id=16916, stack(0x000000d167a00000,0x000000d167b00000) (1024K)]
  0x000002385304d300 ConcurrentGCThread "G1 Main Marker"            [id=18240, stack(0x000000d166600000,0x000000d166700000) (1024K)]
  0x000002385304e5a0 WorkerThread "G1 Conc#0"                       [id=8060, stack(0x000000d166700000,0x000000d166800000) (1024K)]
  0x0000023874a824d0 ConcurrentGCThread "G1 Refine#0"               [id=12944, stack(0x000000d166800000,0x000000d166900000) (1024K)]
  0x0000023853089ec0 ConcurrentGCThread "G1 Service"                [id=3172, stack(0x000000d166900000,0x000000d166a00000) (1024K)]
Total: 10

Threads with active compile tasks:
C2 CompilerThread0    60763 7017   !   4       org.springframework.beans.factory.support.DefaultListableBeanFactory::doGetBeanNamesForType (527 bytes)
C2 CompilerThread1    60763 7013       4       org.springframework.core.ResolvableType::isArray (59 bytes)
Total: 2

VM state: not at safepoint (normal execution)

VM Mutex/Monitor currently owned by a thread: None

Heap address: 0x00000006c1c00000, size: 5092 MB, Compressed Oops mode: Zero based, Oop shift amount: 3

CDS archive(s) mapped at: [0x0000023800000000-0x0000023800c90000-0x0000023800c90000), size 13172736, SharedBaseAddress: 0x0000023800000000, ArchiveRelocationMode: 1.
Compressed class space mapped at: 0x0000023801000000-0x0000023841000000, reserved size: 1073741824
Narrow klass base: 0x0000023800000000, Narrow klass shift: 0, Narrow klass range: 0x100000000

GC Precious Log:
 CardTable entry size: 512
 Card Set container configuration: InlinePtr #cards 4 size 8 Array Of Cards #cards 32 size 80 Howl #buckets 8 coarsen threshold 7372 Howl Bitmap #cards 1024 size 144 coarsen threshold 921 Card regions per heap region 1 cards per card region 8192
 CPUs: 4 total, 4 available
 Memory: 20355M
 Large Page Support: Disabled
 NUMA Support: Disabled
 Compressed Oops: Enabled (Zero based)
 Heap Region Size: 4M
 Heap Min Capacity: 8M
 Heap Initial Capacity: 320M
 Heap Max Capacity: 5092M
 Pre-touch: Disabled
 Parallel Workers: 4
 Concurrent Workers: 1
 Concurrent Refinement Workers: 4
 Periodic GC: Disabled

Heap:
 garbage-first heap   total 69632K, used 38546K [0x00000006c1c00000, 0x0000000800000000)
  region size 4096K, 5 young (20480K), 0 survivors (0K)
 Metaspace       used 71819K, committed 72640K, reserved 1114112K
  class space    used 9604K, committed 9984K, reserved 1048576K

Heap Regions: E=young(eden), S=young(survivor), O=old, HS=humongous(starts), HC=humongous(continues), CS=collection set, F=free, TAMS=top-at-mark-start, PB=parsable bottom
|   0|0x00000006c1c00000, 0x00000006c2000000, 0x00000006c2000000|100%| O|  |TAMS 0x00000006c1c00000| PB 0x00000006c1c00000| Untracked 
|   1|0x00000006c2000000, 0x00000006c23fffe0, 0x00000006c2400000| 99%| O|  |TAMS 0x00000006c2000000| PB 0x00000006c2000000| Untracked 
|   2|0x00000006c2400000, 0x00000006c27ff578, 0x00000006c2800000| 99%| O|  |TAMS 0x00000006c2400000| PB 0x00000006c2400000| Untracked 
|   3|0x00000006c2800000, 0x00000006c2c00000, 0x00000006c2c00000|100%| O|  |TAMS 0x00000006c2800000| PB 0x00000006c2800000| Untracked 
|   4|0x00000006c2c00000, 0x00000006c2fffff0, 0x00000006c3000000| 99%| O|  |TAMS 0x00000006c2c00000| PB 0x00000006c2c00000| Untracked 
|   5|0x00000006c3000000, 0x00000006c33ffff0, 0x00000006c3400000| 99%| O|  |TAMS 0x00000006c3000000| PB 0x00000006c3000000| Untracked 
|   6|0x00000006c3400000, 0x00000006c35a5578, 0x00000006c3800000| 41%| O|  |TAMS 0x00000006c3400000| PB 0x00000006c3400000| Untracked 
|   7|0x00000006c3800000, 0x00000006c3800000, 0x00000006c3c00000|  0%| F|  |TAMS 0x00000006c3800000| PB 0x00000006c3800000| Untracked 
|   8|0x00000006c3c00000, 0x00000006c3c00000, 0x00000006c4000000|  0%| F|  |TAMS 0x00000006c3c00000| PB 0x00000006c3c00000| Untracked 
|   9|0x00000006c4000000, 0x00000006c4000000, 0x00000006c4400000|  0%| F|  |TAMS 0x00000006c4000000| PB 0x00000006c4000000| Untracked 
|  10|0x00000006c4400000, 0x00000006c4400000, 0x00000006c4800000|  0%| F|  |TAMS 0x00000006c4400000| PB 0x00000006c4400000| Untracked 
|  11|0x00000006c4800000, 0x00000006c4800000, 0x00000006c4c00000|  0%| F|  |TAMS 0x00000006c4800000| PB 0x00000006c4800000| Untracked 
|  12|0x00000006c4c00000, 0x00000006c4f2d660, 0x00000006c5000000| 79%| E|  |TAMS 0x00000006c4c00000| PB 0x00000006c4c00000| Complete 
|  13|0x00000006c5000000, 0x00000006c5400000, 0x00000006c5400000|100%| E|CS|TAMS 0x00000006c5000000| PB 0x00000006c5000000| Complete 
|  67|0x00000006d2800000, 0x00000006d2c00000, 0x00000006d2c00000|100%| E|CS|TAMS 0x00000006d2800000| PB 0x00000006d2800000| Complete 
|  68|0x00000006d2c00000, 0x00000006d3000000, 0x00000006d3000000|100%| E|  |TAMS 0x00000006d2c00000| PB 0x00000006d2c00000| Complete 
|  79|0x00000006d5800000, 0x00000006d5c00000, 0x00000006d5c00000|100%| E|CS|TAMS 0x00000006d5800000| PB 0x00000006d5800000| Complete 

Card table byte_map: [0x000002386cc50000,0x000002386d650000] _byte_map_base: 0x0000023869642000

Marking Bits: (CMBitMap*) 0x0000023853041c90
 Bits: [0x000002386d650000, 0x00000238725e0000)

Polling page: 0x0000023853090000

Metaspace:

Usage:
  Non-class:     60.76 MB used.
      Class:      9.38 MB used.
       Both:     70.14 MB used.

Virtual space:
  Non-class space:       64.00 MB reserved,      61.19 MB ( 96%) committed,  1 nodes.
      Class space:        1.00 GB reserved,       9.75 MB ( <1%) committed,  1 nodes.
             Both:        1.06 GB reserved,      70.94 MB (  7%) committed. 

Chunk freelists:
   Non-Class:  2.03 MB
       Class:  6.09 MB
        Both:  8.13 MB

MaxMetaspaceSize: unlimited
CompressedClassSpaceSize: 1.00 GB
Initial GC threshold: 21.00 MB
Current GC threshold: 118.12 MB
CDS: on
 - commit_granule_bytes: 65536.
 - commit_granule_words: 8192.
 - virtual_space_node_default_size: 8388608.
 - enlarge_chunks_in_place: 1.
 - use_allocation_guard: 0.


Internal statistics:

num_allocs_failed_limit: 9.
num_arena_births: 1146.
num_arena_deaths: 4.
num_vsnodes_births: 2.
num_vsnodes_deaths: 0.
num_space_committed: 1135.
num_space_uncommitted: 0.
num_chunks_returned_to_freelist: 15.
num_chunks_taken_from_freelist: 3715.
num_chunk_merges: 10.
num_chunk_splits: 2650.
num_chunks_enlarged: 1983.
num_inconsistent_stats: 0.

CodeHeap 'non-profiled nmethods': size=120000Kb used=4497Kb max_used=4497Kb free=115502Kb
 bounds [0x00000238646f0000, 0x0000023864b60000, 0x000002386bc20000]
CodeHeap 'profiled nmethods': size=120000Kb used=12082Kb max_used=12082Kb free=107917Kb
 bounds [0x000002385cc20000, 0x000002385d810000, 0x0000023864150000]
CodeHeap 'non-nmethods': size=5760Kb used=1733Kb max_used=1819Kb free=4026Kb
 bounds [0x0000023864150000, 0x00000238643c0000, 0x00000238646f0000]
 total_blobs=6779 nmethods=6024 adapters=659
 compilation: enabled
              stopped_count=0, restarted_count=0
 full_count=0

Compilation events (20 events):
Event: 60.513 Thread 0x0000023874bf3ab0 7038       3       org.springframework.context.annotation.ConfigurationClassParser::processInterfaces (107 bytes)
Event: 60.514 Thread 0x0000023874bf3ab0 nmethod 7038 0x000002385d1f0410 code [0x000002385d1f06e0, 0x000002385d1f1580]
Event: 60.514 Thread 0x0000023874bf3ab0 7039       3       org.springframework.context.annotation.ConfigurationClassParser$SourceClass::getInterfaces (135 bytes)
Event: 60.515 Thread 0x0000023874bf3ab0 nmethod 7039 0x000002385d2ba710 code [0x000002385d2ba9c0, 0x000002385d2bb650]
Event: 60.515 Thread 0x0000023874bf3ab0 7040       3       org.springframework.core.env.MutablePropertySources::get (47 bytes)
Event: 60.516 Thread 0x0000023874bf3ab0 nmethod 7040 0x000002385d2b9c90 code [0x000002385d2b9ea0, 0x000002385d2ba500]
Event: 60.523 Thread 0x0000023874bf3ab0 7041       3       ch.qos.logback.core.pattern.LiteralConverter::convert (5 bytes)
Event: 60.523 Thread 0x0000023874bf3ab0 nmethod 7041 0x000002385d062110 code [0x000002385d0622a0, 0x000002385d0623b0]
Event: 60.524 Thread 0x0000023874bf3ab0 7042       3       java.util.stream.ForEachOps$ForEachOp::<init> (10 bytes)
Event: 60.524 Thread 0x0000023874bf3ab0 nmethod 7042 0x000002385d546390 code [0x000002385d546540, 0x000002385d5466b0]
Event: 60.524 Thread 0x0000023874bf3ab0 7043       3       java.util.stream.ForEachOps$ForEachOp::getOpFlags (15 bytes)
Event: 60.525 Thread 0x0000023874bf3ab0 nmethod 7043 0x000002385cf83e10 code [0x000002385cf83fc0, 0x000002385cf84148]
Event: 60.525 Thread 0x0000023874bf3ab0 7044       3       java.util.stream.ReferencePipeline::forEach (11 bytes)
Event: 60.525 Thread 0x0000023874bf3ab0 nmethod 7044 0x000002385d446d90 code [0x000002385d446f80, 0x000002385d447478]
Event: 60.526 Thread 0x0000023874bf3ab0 7045       3       sun.nio.fs.WindowsFileAttributes::isSymbolicLink (15 bytes)
Event: 60.526 Thread 0x0000023874bf3ab0 nmethod 7045 0x000002385d2b9910 code [0x000002385d2b9aa0, 0x000002385d2b9c08]
Event: 60.527 Thread 0x0000023874bf3ab0 7046       1       java.nio.file.FileTreeWalker$Event::file (5 bytes)
Event: 60.527 Thread 0x0000023874bf3ab0 nmethod 7046 0x0000023864b54490 code [0x0000023864b54620, 0x0000023864b546f0]
Event: 60.533 Thread 0x0000023874bf3ab0 7047       3       ch.qos.logback.classic.Logger::appendLoopOnAppenders (18 bytes)
Event: 60.533 Thread 0x0000023874bf3ab0 nmethod 7047 0x000002385d1efd10 code [0x000002385d1efec0, 0x000002385d1f0080]

GC Heap History (20 events):
Event: 4.733 GC heap before
{Heap before GC invocations=3 (full 0):
 garbage-first heap   total 327680K, used 42146K [0x00000006c1c00000, 0x0000000800000000)
  region size 4096K, 11 young (45056K), 1 survivors (4096K)
 Metaspace       used 21147K, committed 21504K, reserved 1114112K
  class space    used 2665K, committed 2816K, reserved 1048576K
}
Event: 4.748 GC heap after
{Heap after GC invocations=4 (full 0):
 garbage-first heap   total 327680K, used 13016K [0x00000006c1c00000, 0x0000000800000000)
  region size 4096K, 2 young (8192K), 2 survivors (8192K)
 Metaspace       used 21147K, committed 21504K, reserved 1114112K
  class space    used 2665K, committed 2816K, reserved 1048576K
}
Event: 7.213 GC heap before
{Heap before GC invocations=5 (full 0):
 garbage-first heap   total 69632K, used 45784K [0x00000006c1c00000, 0x0000000800000000)
  region size 4096K, 10 young (40960K), 2 survivors (8192K)
 Metaspace       used 25986K, committed 26368K, reserved 1114112K
  class space    used 3288K, committed 3456K, reserved 1048576K
}
Event: 7.225 GC heap after
{Heap after GC invocations=6 (full 0):
 garbage-first heap   total 69632K, used 16487K [0x00000006c1c00000, 0x0000000800000000)
  region size 4096K, 2 young (8192K), 2 survivors (8192K)
 Metaspace       used 25986K, committed 26368K, reserved 1114112K
  class space    used 3288K, committed 3456K, reserved 1048576K
}
Event: 9.382 GC heap before
{Heap before GC invocations=6 (full 0):
 garbage-first heap   total 69632K, used 41063K [0x00000006c1c00000, 0x0000000800000000)
  region size 4096K, 9 young (36864K), 2 survivors (8192K)
 Metaspace       used 31596K, committed 32192K, reserved 1114112K
  class space    used 4033K, committed 4288K, reserved 1048576K
}
Event: 9.395 GC heap after
{Heap after GC invocations=7 (full 0):
 garbage-first heap   total 69632K, used 19618K [0x00000006c1c00000, 0x0000000800000000)
  region size 4096K, 2 young (8192K), 2 survivors (8192K)
 Metaspace       used 31596K, committed 32192K, reserved 1114112K
  class space    used 4033K, committed 4288K, reserved 1048576K
}
Event: 11.440 GC heap before
{Heap before GC invocations=7 (full 0):
 garbage-first heap   total 69632K, used 31906K [0x00000006c1c00000, 0x0000000800000000)
  region size 4096K, 6 young (24576K), 2 survivors (8192K)
 Metaspace       used 35480K, committed 35968K, reserved 1114112K
  class space    used 4518K, committed 4736K, reserved 1048576K
}
Event: 11.451 GC heap after
{Heap after GC invocations=8 (full 0):
 garbage-first heap   total 69632K, used 21261K [0x00000006c1c00000, 0x0000000800000000)
  region size 4096K, 2 young (8192K), 2 survivors (8192K)
 Metaspace       used 35480K, committed 35968K, reserved 1114112K
  class space    used 4518K, committed 4736K, reserved 1048576K
}
Event: 14.952 GC heap before
{Heap before GC invocations=9 (full 0):
 garbage-first heap   total 69632K, used 49933K [0x00000006c1c00000, 0x0000000800000000)
  region size 4096K, 9 young (36864K), 2 survivors (8192K)
 Metaspace       used 45954K, committed 46656K, reserved 1114112K
  class space    used 5784K, committed 6080K, reserved 1048576K
}
Event: 14.969 GC heap after
{Heap after GC invocations=10 (full 0):
 garbage-first heap   total 69632K, used 24233K [0x00000006c1c00000, 0x0000000800000000)
  region size 4096K, 2 young (8192K), 2 survivors (8192K)
 Metaspace       used 45954K, committed 46656K, reserved 1114112K
  class space    used 5784K, committed 6080K, reserved 1048576K
}
Event: 16.648 GC heap before
{Heap before GC invocations=10 (full 0):
 garbage-first heap   total 69632K, used 52905K [0x00000006c1c00000, 0x0000000800000000)
  region size 4096K, 9 young (36864K), 2 survivors (8192K)
 Metaspace       used 53606K, committed 54272K, reserved 1114112K
  class space    used 6977K, committed 7296K, reserved 1048576K
}
Event: 16.664 GC heap after
{Heap after GC invocations=11 (full 0):
 garbage-first heap   total 69632K, used 25252K [0x00000006c1c00000, 0x0000000800000000)
  region size 4096K, 2 young (8192K), 2 survivors (8192K)
 Metaspace       used 53606K, committed 54272K, reserved 1114112K
  class space    used 6977K, committed 7296K, reserved 1048576K
}
Event: 17.730 GC heap before
{Heap before GC invocations=11 (full 0):
 garbage-first heap   total 69632K, used 45732K [0x00000006c1c00000, 0x0000000800000000)
  region size 4096K, 8 young (32768K), 2 survivors (8192K)
 Metaspace       used 59404K, committed 60096K, reserved 1114112K
  class space    used 7798K, committed 8128K, reserved 1048576K
}
Event: 17.741 GC heap after
{Heap after GC invocations=12 (full 0):
 garbage-first heap   total 69632K, used 26487K [0x00000006c1c00000, 0x0000000800000000)
  region size 4096K, 1 young (4096K), 1 survivors (4096K)
 Metaspace       used 59404K, committed 60096K, reserved 1114112K
  class space    used 7798K, committed 8128K, reserved 1048576K
}
Event: 18.920 GC heap before
{Heap before GC invocations=13 (full 0):
 garbage-first heap   total 69632K, used 55159K [0x00000006c1c00000, 0x0000000800000000)
  region size 4096K, 8 young (32768K), 1 survivors (4096K)
 Metaspace       used 66393K, committed 67136K, reserved 1114112K
  class space    used 8850K, committed 9152K, reserved 1048576K
}
Event: 18.932 GC heap after
{Heap after GC invocations=14 (full 0):
 garbage-first heap   total 69632K, used 28088K [0x00000006c1c00000, 0x0000000800000000)
  region size 4096K, 1 young (4096K), 1 survivors (4096K)
 Metaspace       used 66393K, committed 67136K, reserved 1114112K
  class space    used 8850K, committed 9152K, reserved 1048576K
}
Event: 21.787 GC heap before
{Heap before GC invocations=14 (full 0):
 garbage-first heap   total 69632K, used 56760K [0x00000006c1c00000, 0x0000000800000000)
  region size 4096K, 8 young (32768K), 1 survivors (4096K)
 Metaspace       used 70994K, committed 71808K, reserved 1114112K
  class space    used 9494K, committed 9856K, reserved 1048576K
}
Event: 21.808 GC heap after
{Heap after GC invocations=15 (full 0):
 garbage-first heap   total 69632K, used 31395K [0x00000006c1c00000, 0x0000000800000000)
  region size 4096K, 1 young (4096K), 1 survivors (4096K)
 Metaspace       used 70994K, committed 71808K, reserved 1114112K
  class space    used 9494K, committed 9856K, reserved 1048576K
}
Event: 59.116 GC heap before
{Heap before GC invocations=15 (full 0):
 garbage-first heap   total 69632K, used 35491K [0x00000006c1c00000, 0x0000000800000000)
  region size 4096K, 3 young (12288K), 1 survivors (4096K)
 Metaspace       used 71743K, committed 72576K, reserved 1114112K
  class space    used 9601K, committed 9984K, reserved 1048576K
}
Event: 59.353 GC heap after
{Heap after GC invocations=16 (full 1):
 garbage-first heap   total 69632K, used 26258K [0x00000006c1c00000, 0x0000000800000000)
  region size 4096K, 0 young (0K), 0 survivors (0K)
 Metaspace       used 71736K, committed 72576K, reserved 1114112K
  class space    used 9600K, committed 9984K, reserved 1048576K
}

Dll operation events (13 events):
Event: 0.054 Loaded shared library C:\Program Files\Java\jdk-21\bin\java.dll
Event: 0.125 Loaded shared library C:\Program Files\Java\jdk-21\bin\jsvml.dll
Event: 0.333 Loaded shared library C:\Program Files\Java\jdk-21\bin\zip.dll
Event: 0.338 Loaded shared library C:\Program Files\Java\jdk-21\bin\instrument.dll
Event: 0.348 Loaded shared library C:\Program Files\Java\jdk-21\bin\net.dll
Event: 0.352 Loaded shared library C:\Program Files\Java\jdk-21\bin\nio.dll
Event: 0.357 Loaded shared library C:\Program Files\Java\jdk-21\bin\zip.dll
Event: 0.562 Loaded shared library C:\Program Files\Java\jdk-21\bin\extnet.dll
Event: 0.622 Loaded shared library C:\Program Files\Java\jdk-21\bin\jimage.dll
Event: 1.352 Loaded shared library C:\Program Files\Java\jdk-21\bin\management.dll
Event: 1.363 Loaded shared library C:\Program Files\Java\jdk-21\bin\management_ext.dll
Event: 5.189 Loaded shared library C:\Program Files\Java\jdk-21\bin\sunmscapi.dll
Event: 15.549 Loaded shared library C:\Program Files\Java\jdk-21\bin\verify.dll

Deoptimization events (20 events):
Event: 60.397 Thread 0x000002387d68cd00 Uncommon trap: trap_request=0xffffffbe fr.pc=0x0000023864b51564 relative=0x00000000000008a4
Event: 60.397 Thread 0x000002387d68cd00 Uncommon trap: reason=profile_predicate action=maybe_recompile pc=0x0000023864b51564 method=org.springframework.core.annotation.MergedAnnotationsCollection.isPresent(Ljava/lang/Object;Z)Z @ 16 c2
Event: 60.397 Thread 0x000002387d68cd00 DEOPT PACKING pc=0x0000023864b51564 sp=0x000000d167ffe5a0
Event: 60.397 Thread 0x000002387d68cd00 DEOPT UNPACKING pc=0x00000238641a46a2 sp=0x000000d167ffe528 mode 2
Event: 60.411 Thread 0x000002387d68cd00 Uncommon trap: trap_request=0xffffffbe fr.pc=0x0000023864b51564 relative=0x00000000000008a4
Event: 60.411 Thread 0x000002387d68cd00 Uncommon trap: reason=profile_predicate action=maybe_recompile pc=0x0000023864b51564 method=org.springframework.core.annotation.MergedAnnotationsCollection.isPresent(Ljava/lang/Object;Z)Z @ 16 c2
Event: 60.411 Thread 0x000002387d68cd00 DEOPT PACKING pc=0x0000023864b51564 sp=0x000000d167ffe600
Event: 60.411 Thread 0x000002387d68cd00 DEOPT UNPACKING pc=0x00000238641a46a2 sp=0x000000d167ffe588 mode 2
Event: 60.415 Thread 0x000002387d68cd00 Uncommon trap: trap_request=0xffffffbe fr.pc=0x0000023864b51564 relative=0x00000000000008a4
Event: 60.415 Thread 0x000002387d68cd00 Uncommon trap: reason=profile_predicate action=maybe_recompile pc=0x0000023864b51564 method=org.springframework.core.annotation.MergedAnnotationsCollection.isPresent(Ljava/lang/Object;Z)Z @ 16 c2
Event: 60.415 Thread 0x000002387d68cd00 DEOPT PACKING pc=0x0000023864b51564 sp=0x000000d167ffe4f0
Event: 60.415 Thread 0x000002387d68cd00 DEOPT UNPACKING pc=0x00000238641a46a2 sp=0x000000d167ffe478 mode 2
Event: 60.423 Thread 0x000002387d68cd00 Uncommon trap: trap_request=0xffffffbe fr.pc=0x0000023864b51564 relative=0x00000000000008a4
Event: 60.423 Thread 0x000002387d68cd00 Uncommon trap: reason=profile_predicate action=maybe_recompile pc=0x0000023864b51564 method=org.springframework.core.annotation.MergedAnnotationsCollection.isPresent(Ljava/lang/Object;Z)Z @ 16 c2
Event: 60.423 Thread 0x000002387d68cd00 DEOPT PACKING pc=0x0000023864b51564 sp=0x000000d167ffe580
Event: 60.423 Thread 0x000002387d68cd00 DEOPT UNPACKING pc=0x00000238641a46a2 sp=0x000000d167ffe508 mode 2
Event: 60.460 Thread 0x000002387d68cd00 Uncommon trap: trap_request=0xffffffbe fr.pc=0x0000023864aa1c30 relative=0x00000000000003f0
Event: 60.460 Thread 0x000002387d68cd00 Uncommon trap: reason=profile_predicate action=maybe_recompile pc=0x0000023864aa1c30 method=java.util.Arrays$ArrayList.indexOf(Ljava/lang/Object;)I @ 39 c2
Event: 60.460 Thread 0x000002387d68cd00 DEOPT PACKING pc=0x0000023864aa1c30 sp=0x000000d167ffe3f0
Event: 60.460 Thread 0x000002387d68cd00 DEOPT UNPACKING pc=0x00000238641a46a2 sp=0x000000d167ffe368 mode 2

Classes loaded (20 events):
Event: 22.267 Loading class com/sun/beans/util/Cache$Kind$1
Event: 22.267 Loading class com/sun/beans/util/Cache$Kind$1 done
Event: 22.267 Loading class com/sun/beans/util/Cache$Kind$2
Event: 22.267 Loading class com/sun/beans/util/Cache$Kind$2 done
Event: 22.267 Loading class com/sun/beans/util/Cache$Kind$3
Event: 22.267 Loading class com/sun/beans/util/Cache$Kind$3 done
Event: 22.267 Loading class com/sun/beans/util/Cache$CacheEntry
Event: 22.267 Loading class com/sun/beans/util/Cache$CacheEntry done
Event: 58.892 Loading class java/util/concurrent/locks/AbstractQueuedSynchronizer$SharedNode
Event: 58.892 Loading class java/util/concurrent/locks/AbstractQueuedSynchronizer$SharedNode done
Event: 59.012 Loading class sun/security/ssl/Alert
Event: 59.012 Loading class sun/security/ssl/Alert done
Event: 59.013 Loading class sun/security/ssl/Alert$AlertConsumer
Event: 59.013 Loading class sun/security/ssl/Alert$AlertConsumer done
Event: 59.014 Loading class sun/security/ssl/Alert$Level
Event: 59.014 Loading class sun/security/ssl/Alert$Level done
Event: 59.381 Loading class java/lang/ref/Finalizer$2
Event: 59.381 Loading class java/lang/ref/Finalizer$2 done
Event: 59.382 Loading class java/lang/ref/Finalizer$1
Event: 59.382 Loading class java/lang/ref/Finalizer$1 done

Classes unloaded (2 events):
Event: 59.210 Thread 0x0000023874bbf890 Unloading class 0x000002380192c400 'jdk/internal/reflect/GeneratedSerializationConstructorAccessor2'
Event: 59.210 Thread 0x0000023874bbf890 Unloading class 0x000002380192c000 'jdk/internal/reflect/GeneratedSerializationConstructorAccessor1'

Classes redefined (0 events):
No events

Internal exceptions (20 events):
Event: 21.321 Thread 0x0000023874be2460 Exception <a 'java/lang/IncompatibleClassChangeError'{0x00000006c4fedde0}: Found class java.lang.Object, but interface was expected> (0x00000006c4fedde0) 
thrown [s\open\src\hotspot\share\interpreter\linkResolver.cpp, line 840]
Event: 21.371 Thread 0x0000023874be2460 Implicit null exception at 0x00000238647f7ad2 to 0x00000238647f7ba6
Event: 21.501 Thread 0x0000023874be2460 Exception <a 'java/lang/NoSuchMethodError'{0x00000006c4b4fc50}: 'int java.lang.invoke.DirectMethodHandle$Holder.invokeStaticInit(java.lang.Object, java.lang.Object, java.lang.Object, java.lang.Object)'> (0x00000006c4b4fc50) 
thrown [s\open\src\hotspot\share\interpreter\linkResolver.cpp, line 773]
Event: 21.572 Thread 0x0000023874be2460 Exception <a 'java/lang/IncompatibleClassChangeError'{0x00000006c44e8170}: Found class java.lang.Object, but interface was expected> (0x00000006c44e8170) 
thrown [s\open\src\hotspot\share\interpreter\linkResolver.cpp, line 840]
Event: 21.600 Thread 0x0000023874be2460 Implicit null exception at 0x0000023864876c48 to 0x0000023864876cc8
Event: 21.694 Thread 0x0000023874be2460 Exception <a 'java/lang/NoSuchMethodError'{0x00000006c4719c58}: 'java.lang.Object java.lang.invoke.Invokers$Holder.invoke_MT(java.lang.Object, java.lang.Object, java.lang.Object, java.lang.Object, java.lang.Object, java.lang.Object, java.lang.Object, java.lang.Object, java.lang.Object, java.lang.Object, java.lang.Object)'> (0x00000006c4719c58) 
thrown [s\open\src\hotspot\share\interpreter\linkResolver.cpp, line 773]
Event: 22.023 Thread 0x0000023874be2460 Exception <a 'java/lang/NoSuchMethodError'{0x00000006d5985358}: 'java.lang.Object java.lang.invoke.DirectMethodHandle$Holder.newInvokeSpecial(java.lang.Object, java.lang.Object, int, java.lang.Object, java.lang.Object)'> (0x00000006d5985358) 
thrown [s\open\src\hotspot\share\interpreter\linkResolver.cpp, line 773]
Event: 59.015 Thread 0x000002387d68c670 Exception <a 'java/io/IOException'{0x00000006d2da0bf8}> (0x00000006d2da0bf8) 
thrown [s\open\src\hotspot\share\prims\jni.cpp, line 520]
Event: 59.022 Thread 0x000002387d68c670 Exception <a 'java/io/IOException'{0x00000006d2da51d8}> (0x00000006d2da51d8) 
thrown [s\open\src\hotspot\share\prims\jni.cpp, line 520]
Event: 59.026 Thread 0x000002387d68c670 Exception <a 'java/io/IOException'{0x00000006d2da76b8}> (0x00000006d2da76b8) 
thrown [s\open\src\hotspot\share\prims\jni.cpp, line 520]
Event: 59.029 Thread 0x000002387d68c670 Exception <a 'java/io/IOException'{0x00000006d2da9590}> (0x00000006d2da9590) 
thrown [s\open\src\hotspot\share\prims\jni.cpp, line 520]
Event: 59.031 Thread 0x000002387d68c670 Exception <a 'java/io/IOException'{0x00000006d2dab468}> (0x00000006d2dab468) 
thrown [s\open\src\hotspot\share\prims\jni.cpp, line 520]
Event: 59.033 Thread 0x000002387d68c670 Exception <a 'java/io/IOException'{0x00000006d2dad340}> (0x00000006d2dad340) 
thrown [s\open\src\hotspot\share\prims\jni.cpp, line 520]
Event: 59.039 Thread 0x000002387d68c670 Exception <a 'java/io/IOException'{0x00000006d2daf218}> (0x00000006d2daf218) 
thrown [s\open\src\hotspot\share\prims\jni.cpp, line 520]
Event: 59.042 Thread 0x000002387d68c670 Exception <a 'java/io/IOException'{0x00000006d2db12c0}> (0x00000006d2db12c0) 
thrown [s\open\src\hotspot\share\prims\jni.cpp, line 520]
Event: 59.045 Thread 0x000002387d68c670 Exception <a 'java/io/IOException'{0x00000006d2db3198}> (0x00000006d2db3198) 
thrown [s\open\src\hotspot\share\prims\jni.cpp, line 520]
Event: 59.059 Thread 0x000002387d68c670 Exception <a 'java/io/IOException'{0x00000006d2db5070}> (0x00000006d2db5070) 
thrown [s\open\src\hotspot\share\prims\jni.cpp, line 520]
Event: 59.113 Thread 0x000002387bae1380 Exception <a 'java/lang/InterruptedException'{0x00000006d2de7838}: sleep interrupted> (0x00000006d2de7838) 
thrown [s\open\src\hotspot\share\prims\jvm.cpp, line 3074]
Event: 59.431 Thread 0x000002387d68cd00 Exception <a 'sun/nio/fs/WindowsException'{0x00000006d5890120}> (0x00000006d5890120) 
thrown [s\open\src\hotspot\share\prims\jni.cpp, line 520]
Event: 59.865 Thread 0x000002387d68cd00 Implicit null exception at 0x0000023864729e80 to 0x0000023864729f38

ZGC Phase Switch (0 events):
No events

VM Operations (20 events):
Event: 21.447 Executing VM operation: HandshakeAllThreads (Deoptimize)
Event: 21.448 Executing VM operation: HandshakeAllThreads (Deoptimize) done
Event: 21.448 Executing VM operation: Cleanup
Event: 21.448 Executing VM operation: Cleanup done
Event: 21.787 Executing VM operation: G1CollectForAllocation (G1 Evacuation Pause)
Event: 21.808 Executing VM operation: G1CollectForAllocation (G1 Evacuation Pause) done
Event: 22.020 Executing VM operation: HandshakeAllThreads (Deoptimize)
Event: 22.020 Executing VM operation: HandshakeAllThreads (Deoptimize) done
Event: 23.031 Executing VM operation: Cleanup
Event: 23.031 Executing VM operation: Cleanup done
Event: 31.106 Executing VM operation: Cleanup
Event: 31.106 Executing VM operation: Cleanup done
Event: 59.116 Executing VM operation: G1CollectFull (System.gc())
Event: 59.379 Executing VM operation: G1CollectFull (System.gc()) done
Event: 60.071 Executing VM operation: HandshakeAllThreads (HandshakeForDeflation)
Event: 60.071 Executing VM operation: HandshakeAllThreads (HandshakeForDeflation) done
Event: 60.071 Executing VM operation: RendezvousGCThreads
Event: 60.071 Executing VM operation: RendezvousGCThreads done
Event: 60.260 Executing VM operation: ICBufferFull
Event: 60.260 Executing VM operation: ICBufferFull done

Events (20 events):
Event: 59.249 Thread 0x0000023874bbf890 flushing nmethod 0x000002385d541590
Event: 59.249 Thread 0x0000023874bbf890 flushing nmethod 0x000002385d541b10
Event: 59.249 Thread 0x0000023874bbf890 flushing nmethod 0x000002385d546390
Event: 59.249 Thread 0x0000023874bbf890 flushing nmethod 0x000002385d548010
Event: 59.249 Thread 0x0000023874bbf890 flushing nmethod 0x000002385d568510
Event: 59.249 Thread 0x0000023874bbf890 flushing nmethod 0x000002385d575e90
Event: 59.249 Thread 0x0000023874bbf890 flushing nmethod 0x000002385d586690
Event: 59.249 Thread 0x0000023874bbf890 flushing nmethod 0x000002385d5afc10
Event: 59.249 Thread 0x0000023874bbf890 flushing nmethod 0x000002385d68d710
Event: 59.249 Thread 0x0000023874bbf890 flushing nmethod 0x000002385d696810
Event: 59.249 Thread 0x0000023874bbf890 flushing nmethod 0x000002385d698210
Event: 59.249 Thread 0x0000023874bbf890 flushing nmethod 0x000002385d6e3d90
Event: 59.249 Thread 0x0000023874bbf890 flushing nmethod 0x000002385d6ee590
Event: 59.382 Thread 0x000002387d68ac30 Thread added: 0x000002387d68ac30
Event: 59.384 Thread 0x000002387d68cd00 Thread added: 0x000002387d68cd00
Event: 59.391 Thread 0x000002387d68ac30 Thread exited: 0x000002387d68ac30
Event: 59.428 Thread 0x000002387bae0cf0 Thread exited: 0x000002387bae0cf0
Event: 59.464 Thread 0x000002387ab661d0 Thread added: 0x000002387ab661d0
Event: 59.706 Thread 0x000002387d68a5a0 Thread added: 0x000002387d68a5a0
Event: 59.739 Thread 0x000002387d68a5a0 Thread exited: 0x000002387d68a5a0


Dynamic libraries:
0x00007ff6469e0000 - 0x00007ff6469f0000 	C:\Program Files\Java\jdk-21\bin\java.exe
0x00007ffb2e600000 - 0x00007ffb2e867000 	C:\WINDOWS\SYSTEM32\ntdll.dll
0x00007ffb2c410000 - 0x00007ffb2c4d9000 	C:\WINDOWS\System32\KERNEL32.DLL
0x00007ffb2b9f0000 - 0x00007ffb2bde0000 	C:\WINDOWS\System32\KERNELBASE.dll
0x00007ffb2c240000 - 0x00007ffb2c38b000 	C:\WINDOWS\System32\ucrtbase.dll
0x00007ffb28640000 - 0x00007ffb2865b000 	C:\Program Files\Java\jdk-21\bin\VCRUNTIME140.dll
0x00007ffb25cb0000 - 0x00007ffb25cc9000 	C:\Program Files\Java\jdk-21\bin\jli.dll
0x00007ffb2cec0000 - 0x00007ffb2cf74000 	C:\WINDOWS\System32\ADVAPI32.dll
0x00007ffb2d2e0000 - 0x00007ffb2d389000 	C:\WINDOWS\System32\msvcrt.dll
0x00007ffb2e510000 - 0x00007ffb2e5b6000 	C:\WINDOWS\System32\sechost.dll
0x00007ffb2d1c0000 - 0x00007ffb2d2d8000 	C:\WINDOWS\System32\RPCRT4.dll
0x00007ffb2c5e0000 - 0x00007ffb2c7a5000 	C:\WINDOWS\System32\USER32.dll
0x00007ffb2bf60000 - 0x00007ffb2bf87000 	C:\WINDOWS\System32\win32u.dll
0x00007ffb2c4e0000 - 0x00007ffb2c50b000 	C:\WINDOWS\System32\GDI32.dll
0x00007ffb2b8b0000 - 0x00007ffb2b9e8000 	C:\WINDOWS\System32\gdi32full.dll
0x00007ffb2beb0000 - 0x00007ffb2bf53000 	C:\WINDOWS\System32\msvcp_win.dll
0x00007ffb1fcc0000 - 0x00007ffb1fccb000 	C:\WINDOWS\SYSTEM32\VERSION.dll
0x00007ffb1c830000 - 0x00007ffb1caca000 	C:\WINDOWS\WinSxS\amd64_microsoft.windows.common-controls_6595b64144ccf1df_6.0.26100.4768_none_3e0c112ce331287c\COMCTL32.dll
0x00007ffb2ce80000 - 0x00007ffb2ceaf000 	C:\WINDOWS\System32\IMM32.DLL
0x00007ffb28630000 - 0x00007ffb2863c000 	C:\Program Files\Java\jdk-21\bin\vcruntime140_1.dll
0x00007ffb18290000 - 0x00007ffb1831e000 	C:\Program Files\Java\jdk-21\bin\msvcp140.dll
0x00007ffad9ff0000 - 0x00007ffadad0a000 	C:\Program Files\Java\jdk-21\bin\server\jvm.dll
0x00007ffb2db90000 - 0x00007ffb2dc04000 	C:\WINDOWS\System32\WS2_32.dll
0x00007ffb2b590000 - 0x00007ffb2b5ee000 	C:\WINDOWS\SYSTEM32\POWRPROF.dll
0x00007ffb1a520000 - 0x00007ffb1a555000 	C:\WINDOWS\SYSTEM32\WINMM.dll
0x00007ffb2b570000 - 0x00007ffb2b584000 	C:\WINDOWS\SYSTEM32\UMPDC.dll
0x00007ffb2a4b0000 - 0x00007ffb2a4cb000 	C:\WINDOWS\SYSTEM32\kernel.appcore.dll
0x00007ffb28460000 - 0x00007ffb2846a000 	C:\Program Files\Java\jdk-21\bin\jimage.dll
0x00007ffb19990000 - 0x00007ffb19bd1000 	C:\WINDOWS\SYSTEM32\DBGHELP.DLL
0x00007ffb2d750000 - 0x00007ffb2dad5000 	C:\WINDOWS\System32\combase.dll
0x00007ffb2d550000 - 0x00007ffb2d630000 	C:\WINDOWS\System32\OLEAUT32.dll
0x00007ffb04240000 - 0x00007ffb04283000 	C:\WINDOWS\SYSTEM32\dbgcore.DLL
0x00007ffb2c110000 - 0x00007ffb2c1a9000 	C:\WINDOWS\System32\bcryptPrimitives.dll
0x00007ffb26830000 - 0x00007ffb2683f000 	C:\Program Files\Java\jdk-21\bin\instrument.dll
0x00007ffb25790000 - 0x00007ffb257af000 	C:\Program Files\Java\jdk-21\bin\java.dll
0x00007ffb2dcc0000 - 0x00007ffb2e40d000 	C:\WINDOWS\System32\SHELL32.dll
0x00007ffb2b730000 - 0x00007ffb2b8a3000 	C:\WINDOWS\System32\wintypes.dll
0x00007ffb29350000 - 0x00007ffb29bb0000 	C:\WINDOWS\SYSTEM32\windows.storage.dll
0x00007ffb2d640000 - 0x00007ffb2d735000 	C:\WINDOWS\System32\SHCORE.dll
0x00007ffb2cca0000 - 0x00007ffb2cd0a000 	C:\WINDOWS\System32\shlwapi.dll
0x00007ffb2b650000 - 0x00007ffb2b679000 	C:\WINDOWS\SYSTEM32\profapi.dll
0x00007ffafd270000 - 0x00007ffafd347000 	C:\Program Files\Java\jdk-21\bin\jsvml.dll
0x00007ffb25750000 - 0x00007ffb25768000 	C:\Program Files\Java\jdk-21\bin\zip.dll
0x00007ffb25ca0000 - 0x00007ffb25cb0000 	C:\Program Files\Java\jdk-21\bin\net.dll
0x00007ffb1fad0000 - 0x00007ffb1fbee000 	C:\WINDOWS\SYSTEM32\WINHTTP.dll
0x00007ffb2aa40000 - 0x00007ffb2aaab000 	C:\WINDOWS\system32\mswsock.dll
0x00007ffb1f9d0000 - 0x00007ffb1f9e6000 	C:\Program Files\Java\jdk-21\bin\nio.dll
0x00007ffb257e0000 - 0x00007ffb257e9000 	C:\Program Files\Java\jdk-21\bin\extnet.dll
0x00007ffb1df40000 - 0x00007ffb1df4a000 	C:\Program Files\Java\jdk-21\bin\management.dll
0x00007ffb1df30000 - 0x00007ffb1df3b000 	C:\Program Files\Java\jdk-21\bin\management_ext.dll
0x00007ffb2d740000 - 0x00007ffb2d748000 	C:\WINDOWS\System32\PSAPI.DLL
0x00007ffb1dea0000 - 0x00007ffb1deae000 	C:\Program Files\Java\jdk-21\bin\sunmscapi.dll
0x00007ffb2bf90000 - 0x00007ffb2c107000 	C:\WINDOWS\System32\CRYPT32.dll
0x00007ffb2af20000 - 0x00007ffb2af50000 	C:\WINDOWS\SYSTEM32\ncrypt.dll
0x00007ffb2aed0000 - 0x00007ffb2af0f000 	C:\WINDOWS\SYSTEM32\NTASN1.dll
0x00007ffb2ad00000 - 0x00007ffb2ad1b000 	C:\WINDOWS\SYSTEM32\CRYPTSP.dll
0x00007ffb2a410000 - 0x00007ffb2a44b000 	C:\WINDOWS\system32\rsaenh.dll
0x00007ffb2aae0000 - 0x00007ffb2ab0b000 	C:\WINDOWS\SYSTEM32\USERENV.dll
0x00007ffb2b620000 - 0x00007ffb2b646000 	C:\WINDOWS\SYSTEM32\bcrypt.dll
0x00007ffb2ad20000 - 0x00007ffb2ad2c000 	C:\WINDOWS\SYSTEM32\CRYPTBASE.dll
0x00007ffb29ec0000 - 0x00007ffb29ef3000 	C:\WINDOWS\SYSTEM32\IPHLPAPI.DLL
0x00007ffb2d540000 - 0x00007ffb2d54a000 	C:\WINDOWS\System32\NSI.dll
0x00007ffb29f50000 - 0x00007ffb2a076000 	C:\WINDOWS\SYSTEM32\DNSAPI.dll
0x00007ffb14890000 - 0x00007ffb1489b000 	C:\Windows\System32\rasadhlp.dll
0x00007ffb1e7a0000 - 0x00007ffb1e826000 	C:\WINDOWS\System32\fwpuclnt.dll
0x00007ffb1db60000 - 0x00007ffb1db70000 	C:\Program Files\Java\jdk-21\bin\verify.dll
0x00007ffb1e4f0000 - 0x00007ffb1e4f8000 	C:\WINDOWS\system32\wshunix.dll

dbghelp: loaded successfully - version: 4.0.5 - missing functions: none
symbol engine: initialized successfully - sym options: 0x614 - pdb path: .;C:\Program Files\Java\jdk-21\bin;C:\WINDOWS\SYSTEM32;C:\WINDOWS\WinSxS\amd64_microsoft.windows.common-controls_6595b64144ccf1df_6.0.26100.4768_none_3e0c112ce331287c;C:\Program Files\Java\jdk-21\bin\server

VM Arguments:
jvm_args: -javaagent:C:\Program Files\JetBrains\IntelliJ IDEA Community Edition 2024.3.5\lib\idea_rt.jar=57942 -Dfile.encoding=UTF-8 -Dsun.stdout.encoding=UTF-8 -Dsun.stderr.encoding=UTF-8 
java_command: med.vol.api.ApiApplication
java_class_path (initial): D:\Programas java\api\target\classes;C:\Users\Leo\.m2\repository\org\springframework\boot\spring-boot-starter-web\3.5.4\spring-boot-starter-web-3.5.4.jar;C:\Users\Leo\.m2\repository\org\springframework\boot\spring-boot-starter\3.5.4\spring-boot-starter-3.5.4.jar;C:\Users\Leo\.m2\repository\org\springframework\boot\spring-boot-starter-logging\3.5.4\spring-boot-starter-logging-3.5.4.jar;C:\Users\Leo\.m2\repository\ch\qos\logback\logback-classic\1.5.18\logback-classic-1.5.18.jar;C:\Users\Leo\.m2\repository\ch\qos\logback\logback-core\1.5.18\logback-core-1.5.18.jar;C:\Users\Leo\.m2\repository\org\apache\logging\log4j\log4j-to-slf4j\2.24.3\log4j-to-slf4j-2.24.3.jar;C:\Users\Leo\.m2\repository\org\apache\logging\log4j\log4j-api\2.24.3\log4j-api-2.24.3.jar;C:\Users\Leo\.m2\repository\org\slf4j\jul-to-slf4j\2.0.17\jul-to-slf4j-2.0.17.jar;C:\Users\Leo\.m2\repository\jakarta\annotation\jakarta.annotation-api\2.1.1\jakarta.annotation-api-2.1.1.jar;C:\Users\Leo\.m2\repository\org\yaml\snakeyaml\2.4\snakeyaml-2.4.jar;C:\Users\Leo\.m2\repository\org\springframework\boot\spring-boot-starter-json\3.5.4\spring-boot-starter-json-3.5.4.jar;C:\Users\Leo\.m2\repository\com\fasterxml\jackson\core\jackson-databind\2.19.2\jackson-databind-2.19.2.jar;C:\Users\Leo\.m2\repository\com\fasterxml\jackson\datatype\jackson-datatype-jdk8\2.19.2\jackson-datatype-jdk8-2.19.2.jar;C:\Users\Leo\.m2\repository\com\fasterxml\jackson\module\jackson-module-parameter-names\2.19.2\jackson-module-parameter-names-2.19.2.jar;C:\Users\Leo\.m2\repository\org\springframework\boot\spring-boot-starter-tomcat\3.5.4\spring-boot-starter-tomcat-3.5.4.jar;C:\Users\Leo\.m2\repository\org\apache\tomcat\embed\tomcat-embed-core\10.1.43\tomcat-embed-core-10.1.43.jar;C:\Users\Leo\.m2\repository\org\apache\tomcat\embed\tomcat-embed-websocket\10.1.43\tomcat-embed-websocket-10.1.43.jar;C:\Users\Leo\.m2\repository\org\springframework\spring-web\6.2.9\spring-web-6.2.9.jar;C:\Users\Leo\.m2\repository\org\springframework\spring-beans\6.2.9\spring-beans-6.2.9.jar;C:\Users\Leo\.m2\repository\io\micrometer\micrometer-observation\1.15.2\micrometer-observation-1.15.2.jar;C:\Users\Leo\.m2\repository\io\micrometer\micrometer-commons\1.15.2\micrometer-commons-1.15.2.jar;C:\Users\Leo\.m2\repository\org\springframework\spring-webmvc\6.2.9\spring-webmvc-6.2.9.jar;C:\Users\Leo\.m2\repository\org\springframework\spring-aop\6.2.9\spring-aop-6.2.9.jar;C:\Users\Leo\.m2\repository\org\springframework\spring-context\6.2.9\spring-context-6.2.9.jar;C:\Users\Leo\.m2\repository\org\springframework\spring-expression\6.2.9\spring-expression-6.2.9.jar;C:\Users\Leo\.m2\repository\org\springframework\boot\spring-boot-devtools\3.5.4\spring-boot-devtools-3.5.4.jar;C:\Users\Leo\.m2\repository\org\springframework\boot\spring-boot\3.5.4\spring-boot-3.5.4.jar;C:\Users\Leo\.m2\repository\org\springframework\boot\spring-boot-autoconfigure\3.5.4\spring-boot-autoconfigure-3.5.4.jar;C:\Users\Leo\.m2\repository\org\projectlombok\lombok\1.18.38\lombok-1.18.38.jar;C:\Users\Leo\.m2\repository\org\slf4j\slf4j-api\2.0.17\slf4j-api-2.0.17.jar;C:\Users\Leo\.m2\repository\jakarta\xml\bind\jakarta.xml.bind-api\4.0.2\jakarta.xml.bind-api-4.0.2.jar;C:\Users\Leo\.m2\repository\jakarta\activation\jakarta.activation-api\2.1.3\jakarta.activation-api-2.1.3.jar;C:\Users\Leo\.m2\repository\net\bytebuddy\byte-buddy\1.17.6\byte-buddy-1.17.6.jar;C:\Users\Leo\.m2\repository\org\springframework\spring-core\6.2.9\spring-core-6.2.9.jar;C:\Users\Leo\.m2\repository\org\springframework\spring-jcl\6.2.9\spring-jcl-6.2.9.jar;C:\Users\Leo\.m2\repository\org\springframework\boot\spring-boot-starter-data-jpa\3.5.4\spring-boot-starter-data-jpa-3.5.4.jar;C:\Users\Leo\.m2\repository\org\springframework\boot\spring-boot-starter-jdbc\3.5.4\spring-boot-starter-jdbc-3.5.4.jar;C:\Users\Leo\.m2\repository\com\zaxxer\HikariCP\6.3.1\HikariCP-6.3.1.jar;C:\Users\Leo\.m2\repository\org\springframework\spring-jdbc\6.2.9\spring-jdbc-6.2.9.jar;C:\Users\Leo\.m2\repository\org\hibernate\orm\hibernate-core\6.6.22.Final\hibernate-core-6.6.22.Final.jar;C:\Users\Leo\.m2\repository\jakarta\persistence\jakarta.persistence-api\3.1.0\jakarta.persistence-api-3.1.0.jar;C:\Users\Leo\.m2\repository\jakarta\transaction\jakarta.transaction-api\2.0.1\jakarta.transaction-api-2.0.1.jar;C:\Users\Leo\.m2\repository\org\jboss\logging\jboss-logging\3.6.1.Final\jboss-logging-3.6.1.Final.jar;C:\Users\Leo\.m2\repository\org\hibernate\common\hibernate-commons-annotations\7.0.3.Final\hibernate-commons-annotations-7.0.3.Final.jar;C:\Users\Leo\.m2\repository\io\smallrye\jandex\3.2.0\jandex-3.2.0.jar;C:\Users\Leo\.m2\repository\com\fasterxml\classmate\1.7.0\classmate-1.7.0.jar;C:\Users\Leo\.m2\repository\org\glassfish\jaxb\jaxb-runtime\4.0.5\jaxb-runtime-4.0.5.jar;C:\Users\Leo\.m2\repository\org\glassfish\jaxb\jaxb-core\4.0.5\jaxb-core-4.0.5.jar;C:\Users\Leo\.m2\repository\org\eclipse\angus\angus-activation\2.0.2\angus-activation-2.0.2.jar;C:\Users\Leo\.m2\repository\org\glassfish\jaxb\txw2\4.0.5\txw2-4.0.5.jar;C:\Users\Leo\.m2\repository\com\sun\istack\istack-commons-runtime\4.1.2\istack-commons-runtime-4.1.2.jar;C:\Users\Leo\.m2\repository\jakarta\inject\jakarta.inject-api\2.0.1\jakarta.inject-api-2.0.1.jar;C:\Users\Leo\.m2\repository\org\antlr\antlr4-runtime\4.13.0\antlr4-runtime-4.13.0.jar;C:\Users\Leo\.m2\repository\org\springframework\data\spring-data-jpa\3.5.2\spring-data-jpa-3.5.2.jar;C:\Users\Leo\.m2\repository\org\springframework\data\spring-data-commons\3.5.2\spring-data-commons-3.5.2.jar;C:\Users\Leo\.m2\repository\org\springframework\spring-orm\6.2.9\spring-orm-6.2.9.jar;C:\Users\Leo\.m2\repository\org\springframework\spring-tx\6.2.9\spring-tx-6.2.9.jar;C:\Users\Leo\.m2\repository\org\springframework\spring-aspects\6.2.9\spring-aspects-6.2.9.jar;C:\Users\Leo\.m2\repository\org\aspectj\aspectjweaver\1.9.24\aspectjweaver-1.9.24.jar;C:\Users\Leo\.m2\repository\org\springframework\boot\spring-boot-starter-validation\3.5.4\spring-boot-starter-validation-3.5.4.jar;C:\Users\Leo\.m2\repository\org\apache\tomcat\embed\tomcat-embed-el\10.1.43\tomcat-embed-el-10.1.43.jar;C:\Users\Leo\.m2\repository\org\hibernate\validator\hibernate-validator\8.0.2.Final\hibernate-validator-8.0.2.Final.jar;C:\Users\Leo\.m2\repository\jakarta\validation\jakarta.validation-api\3.0.2\jakarta.validation-api-3.0.2.jar;C:\Users\Leo\.m2\repository\org\flywaydb\flyway-core\11.7.2\flyway-core-11.7.2.jar;C:\Users\Leo\.m2\repository\com\fasterxml\jackson\dataformat\jackson-dataformat-toml\2.19.2\jackson-dataformat-toml-2.19.2.jar;C:\Users\Leo\.m2\repository\com\fasterxml\jackson\core\jackson-core\2.19.2\jackson-core-2.19.2.jar;C:\Users\Leo\.m2\repository\com\fasterxml\jackson\datatype\jackson-datatype-jsr310\2.19.2\jackson-datatype-jsr310-2.19.2.jar;C:\Users\Leo\.m2\repository\com\fasterxml\jackson\core\jackson-annotations\2.19.2\jackson-annotations-2.19.2.jar;C:\Users\Leo\.m2\repository\org\flywaydb\flyway-mysql\11.7.2\flyway-mysql-11.7.2.jar;C:\Users\Leo\.m2\repository\com\mysql\mysql-connector-j\9.3.0\mysql-connector-j-9.3.0.jar
Launcher Type: SUN_STANDARD

[Global flags]
     intx CICompilerCount                          = 3                                         {product} {ergonomic}
     uint ConcGCThreads                            = 1                                         {product} {ergonomic}
     uint G1ConcRefinementThreads                  = 4                                         {product} {ergonomic}
   size_t G1HeapRegionSize                         = 4194304                                   {product} {ergonomic}
    uintx GCDrainStackTargetSize                   = 64                                        {product} {ergonomic}
   size_t InitialHeapSize                          = 335544320                                 {product} {ergonomic}
   size_t MarkStackSize                            = 4194304                                   {product} {ergonomic}
   size_t MaxHeapSize                              = 5339348992                                {product} {ergonomic}
   size_t MaxNewSize                               = 3200253952                                {product} {ergonomic}
   size_t MinHeapDeltaBytes                        = 4194304                                   {product} {ergonomic}
   size_t MinHeapSize                              = 8388608                                   {product} {ergonomic}
    uintx NonNMethodCodeHeapSize                   = 5832780                                {pd product} {ergonomic}
    uintx NonProfiledCodeHeapSize                  = 122912730                              {pd product} {ergonomic}
    uintx ProfiledCodeHeapSize                     = 122912730                              {pd product} {ergonomic}
    uintx ReservedCodeCacheSize                    = 251658240                              {pd product} {ergonomic}
     bool SegmentedCodeCache                       = true                                      {product} {ergonomic}
   size_t SoftMaxHeapSize                          = 5339348992                             {manageable} {ergonomic}
     bool UseCompressedOops                        = true                           {product lp64_product} {ergonomic}
     bool UseG1GC                                  = true                                      {product} {ergonomic}
     bool UseLargePagesIndividualAllocation        = false                                  {pd product} {ergonomic}

Logging:
Log output configuration:
 #0: stdout all=warning uptime,level,tags foldmultilines=false
 #1: stderr all=off uptime,level,tags foldmultilines=false

Environment Variables:
PATH=C:\Program Files\Common Files\Oracle\Java\javapath;C:\WINDOWS\system32;C:\WINDOWS;C:\WINDOWS\System32\Wbem;C:\WINDOWS\System32\WindowsPowerShell\v1.0\;C:\WINDOWS\System32\OpenSSH\;C:\Program Files (x86)\NVIDIA Corporation\PhysX\Common;C:\Program Files\NVIDIA Corporation\NVIDIA app\NvDLISR;C:\Program Files\dotnet\;C:\Program Files\Apache\maven-mvnd-1.0.2\bin;C:\Program Files\MySQL\MySQL Shell 8.0\bin\;C:\Users\Leo\AppData\Local\Microsoft\WindowsApps;C:\Users\Leo\AppData\Local\Programs\Git\cmd;C:\Users\Leo\AppData\Local\Programs\Microsoft VS Code\bin;C:\Program Files\MySQL\MySQL Server 8.0\bin;
USERNAME=Leo
OS=Windows_NT
PROCESSOR_IDENTIFIER=Intel64 Family 6 Model 142 Stepping 9, GenuineIntel
TMP=C:\Users\Leo\AppData\Local\Temp
TEMP=C:\Users\Leo\AppData\Local\Temp




Periodic native trim disabled

---------------  S Y S T E M  ---------------

OS:
 Windows 11 , 64 bit Build 26100 (10.0.26100.4768)
OS uptime: 1 days 2:35 hours

CPU: total 4 (initial active 4) (2 cores per cpu, 2 threads per core) family 6 model 142 stepping 9 microcode 0xde, cx8, cmov, fxsr, ht, mmx, 3dnowpref, sse, sse2, sse3, ssse3, sse4.1, sse4.2, popcnt, lzcnt, tsc, tscinvbit, avx, avx2, aes, erms, clmul, bmi1, bmi2, adx, fma, vzeroupper, clflush, clflushopt, rdtscp, f16c
Processor Information for all 4 processors :
  Max Mhz: 2712, Current Mhz: 2511, Mhz Limit: 2495

Memory: 4k page, system-wide physical 20355M (10497M free)
TotalPageFile size 21635M (AvailPageFile size 9750M)
current process WorkingSet (physical memory assigned to process): 279M, peak: 289M
current process commit charge ("private bytes"): 304M, peak: 449M

vm_info: Java HotSpot(TM) 64-Bit Server VM (21.0.6+8-LTS-188) for windows-amd64 JRE (21.0.6+8-LTS-188), built on 2024-12-03T10:50:54Z by "mach5one" with MS VC++ 17.6 (VS2022)

END.
