#
# A fatal error has been detected by the Java Runtime Environment:
#
#  EXCEPTION_ACCESS_VIOLATION (0xc0000005) at pc=0x00007ffada7b068a, pid=13840, tid=256
#
# JRE version: Java(TM) SE Runtime Environment (21.0.6+8) (build 21.0.6+8-LTS-188)
# Java VM: Java HotSpot(TM) 64-Bit Server VM (21.0.6+8-LTS-188, mixed mode, sharing, tiered, compressed oops, compressed class ptrs, g1 gc, windows-amd64)
# Problematic frame:
# V  [jvm.dll+0x7c068a]
#
# No core dump will be written. Minidumps are not enabled by default on client versions of Windows
#
# If you would like to submit a bug report, please visit:
#   https://bugreport.java.com/bugreport/crash.jsp
#

---------------  S U M M A R Y ------------

Command Line: -javaagent:C:\Program Files\JetBrains\IntelliJ IDEA Community Edition 2024.3.5\lib\idea_rt.jar=51097 -Dfile.encoding=UTF-8 -Dsun.stdout.encoding=UTF-8 -Dsun.stderr.encoding=UTF-8 med.vol.api.ApiApplication

Host: Intel(R) Core(TM) i5-7200U CPU @ 2.50GHz, 4 cores, 19G,  Windows 11 , 64 bit Build 26100 (10.0.26100.4768)
Time: Sun Aug 17 14:35:33 2025 Hora oficial do Brasil elapsed time: 1747.093841 seconds (0d 0h 29m 7s)

---------------  T H R E A D  ---------------

Current thread (0x00000168090a3390):  JavaThread "restartedMain"        [_thread_in_vm, id=256, stack(0x0000001dd9d00000,0x0000001dd9e00000) (1024K)]

Stack: [0x0000001dd9d00000,0x0000001dd9e00000],  sp=0x0000001dd9dfdd80,  free space=1015k
Native frames: (J=compiled Java code, j=interpreted, Vv=VM code, C=native code)
V  [jvm.dll+0x7c068a]
V  [jvm.dll+0x67d143]
V  [jvm.dll+0x5d3fae]
V  [jvm.dll+0x5d18c7]
V  [jvm.dll+0x5d4659]
V  [jvm.dll+0x5d34a5]
V  [jvm.dll+0x3d68e5]
V  [jvm.dll+0x3d5f5d]
C  0x00000167b05b9000

The last pc belongs to invokevirtual (printed below).
Java frames: (J=compiled Java code, j=interpreted, Vv=VM code)
j  java.util.Date.convertToAbbr(Ljava/lang/StringBuilder;Ljava/lang/String;)Ljava/lang/StringBuilder;+9 java.base@21.0.6
j  java.util.Date.toString()Ljava/lang/String;+34 java.base@21.0.6
J 2383 c1 java.lang.StringBuilder.append(Ljava/lang/Object;)Ljava/lang/StringBuilder; java.base@21.0.6 (9 bytes) @ 0x00000167a94dd3fc [0x00000167a94dd260+0x000000000000019c]
j  org.springframework.context.support.AbstractApplicationContext.toString()Ljava/lang/String;+30
J 13087 c1 org.springframework.context.support.AbstractApplicationContext.getApplicationEventMulticaster()Lorg/springframework/context/event/ApplicationEventMulticaster; (29 bytes) @ 0x00000167a9af3a6c [0x00000167a9af3880+0x00000000000001ec]
j  org.springframework.context.support.ApplicationListenerDetector.postProcessBeforeDestruction(Ljava/lang/Object;Ljava/lang/String;)V+16
j  org.springframework.beans.factory.support.DisposableBeanAdapter.destroy()V+48
J 9274 c1 org.springframework.beans.factory.support.DefaultSingletonBeanRegistry.destroyBean(Ljava/lang/String;Lorg/springframework/beans/factory/DisposableBean;)V (349 bytes) @ 0x00000167a9fea44c [0x00000167a9fe98e0+0x0000000000000b6c]
J 11568 c1 org.springframework.beans.factory.support.DefaultSingletonBeanRegistry.destroySingleton(Ljava/lang/String;)V (111 bytes) @ 0x00000167a9cc71bc [0x00000167a9cc6e60+0x000000000000035c]
J 11567 c1 org.springframework.beans.factory.support.DefaultListableBeanFactory.destroySingleton(Ljava/lang/String;)V (15 bytes) @ 0x00000167a9629d5c [0x00000167a9629cc0+0x000000000000009c]
j  org.springframework.beans.factory.support.DefaultSingletonBeanRegistry.destroySingletons()V+78
j  org.springframework.beans.factory.support.DefaultListableBeanFactory.destroySingletons()V+1
j  org.springframework.context.support.AbstractApplicationContext.destroyBeans()V+4
j  org.springframework.context.support.AbstractApplicationContext.refresh()V+142
j  org.springframework.boot.web.servlet.context.ServletWebServerApplicationContext.refresh()V+1
j  org.springframework.boot.SpringApplication.refresh(Lorg/springframework/context/ConfigurableApplicationContext;)V+1
j  org.springframework.boot.SpringApplication.refreshContext(Lorg/springframework/context/ConfigurableApplicationContext;)V+19
j  org.springframework.boot.SpringApplication.run([Ljava/lang/String;)Lorg/springframework/context/ConfigurableApplicationContext;+113
j  org.springframework.boot.SpringApplication.run([Ljava/lang/Class;[Ljava/lang/String;)Lorg/springframework/context/ConfigurableApplicationContext;+9
j  org.springframework.boot.SpringApplication.run(Ljava/lang/Class;[Ljava/lang/String;)Lorg/springframework/context/ConfigurableApplicationContext;+9
j  med.vol.api.ApiApplication.main([Ljava/lang/String;)V+3
j  java.lang.invoke.LambdaForm$DMH+0x00000167c2008000.invokeStatic(Ljava/lang/Object;Ljava/lang/Object;)V+10 java.base@21.0.6
j  java.lang.invoke.LambdaForm$MH+0x00000167c2094800.invoke(Ljava/lang/Object;Ljava/lang/Object;Ljava/lang/Object;)Ljava/lang/Object;+33 java.base@21.0.6
J 7666 c2 jdk.internal.reflect.DirectMethodHandleAccessor.invoke(Ljava/lang/Object;[Ljava/lang/Object;)Ljava/lang/Object; java.base@21.0.6 (92 bytes) @ 0x00000167b0fa1bcc [0x00000167b0fa1940+0x000000000000028c]
J 11996 c1 java.lang.reflect.Method.invoke(Ljava/lang/Object;[Ljava/lang/Object;)Ljava/lang/Object; java.base@21.0.6 (108 bytes) @ 0x00000167a9697184 [0x00000167a9696c40+0x0000000000000544]
j  org.springframework.boot.devtools.restart.RestartLauncher.run()V+47
v  ~StubRoutines::call_stub 0x00000167b05a100d

siginfo: EXCEPTION_ACCESS_VIOLATION (0xc0000005), reading address 0xffffffffffffffff


Registers:
RAX=0x00000000ffffffff, RBX=0x02000167c14843a0, RCX=0x02000167c14843a0, RDX=0x0000001dd9dfdd58
RSP=0x0000001dd9dfdd80, RBP=0x0000001dd9dfde40, RSI=0x00000167c1487348, RDI=0x00000167c1008018
R8 =0x000000000000001c, R9 =0x0000000000000001, R10=0x0000000000000017, R11=0x0000000000000000
R12=0x000001680a246130, R13=0x000001680b4843c0, R14=0x0000001dd9dfe108, R15=0x00000167c1008018
RIP=0x00007ffada7b068a, EFLAGS=0x0000000000010202


Register to memory mapping:

RAX=0x00000000ffffffff is an unknown value
RBX=0x02000167c14843a0 is an unknown value
RCX=0x02000167c14843a0 is an unknown value
RDX=0x0000001dd9dfdd58 is pointing into the stack for thread: 0x00000168090a3390
RSP=0x0000001dd9dfdd80 is pointing into the stack for thread: 0x00000168090a3390
RBP=0x0000001dd9dfde40 is pointing into the stack for thread: 0x00000168090a3390
RSI=0x00000167c1487348 is pointing into metadata
RDI=0x00000167c1008018 is a pointer to class: 
java.lang.StringBuilder {0x00000167c1008020}
 - instance size:     3
 - klass size:        144
 - access:            public final synchronized 
 - flags:             rewritten has_nonstatic_fields has_nonstatic_concrete_methods is_shared_boot_class has_localvariable_table has_miranda_methods has_resolved_methods 
 - state:             fully_initialized
 - name:              'java/lang/StringBuilder'
 - super:             'java/lang/AbstractStringBuilder'
 - sub:               
 - arrays:            'java/lang/StringBuilder'[]
 - methods:           Array<T>(0x00000167c1620868)
 - method ordering:   Array<T>(0x00000167c1620bb0)
 - default_methods:   Array<T>(0x00000167c1620b78)
 - default vtable indices:   Array<T>(0x00000167c1620d38)
 - local interfaces:  Array<T>(0x00000167c1620b88)
 - trans. interfaces: Array<T>(0x00000167c161fac8)
 - constants:         constant pool [422] {0x00000167c161faf8} for 'java/lang/StringBuilder' cache=0x00000167c1467818
 - class loader data:  loader data: 0x00000167c0745a10 of 'bootstrap'
 - source file:       'StringBuilder.java'
 - generic signature: 'Ljava/lang/AbstractStringBuilder;Ljava/lang/Appendable;Ljava/io/Serializable;Ljava/lang/Comparable<Ljava/lang/StringBuilder;>;Ljava/lang/CharSequence;'
 - inner classes:     Array<T>(0x00000167c1613ef0)
 - nest members:     Array<T>(0x00000167c1613ef0)
 - permitted subclasses:     Array<T>(0x00000167c1613ef0)
 - java mirror:       a 'java/lang/Class'{0x00000006c1ea66c0} = 'java/lang/StringBuilder'
 - vtable length      68  (start addr: 0x00000167c10081d8)
 - itable length      19 (start addr: 0x00000167c10083f8)
 - ---- static fields (1 words):
 - static final 'serialVersionUID' 'J' @112 
 - ---- non-static fields (3 words):
 - 'count' 'I' @12 
 - 'coder' 'B' @16 
 - 'maybeLatin1' 'Z' @17 
 - 'value' '[B' @20 
 - non-static oop maps: 20-20 
R8 =0x000000000000001c is an unknown value
R9 =0x0000000000000001 is an unknown value
R10=0x0000000000000017 is an unknown value
R11=0x0 is null
R12=0x000001680a246130 points into unknown readable memory: 0x0000000000000014 | 14 00 00 00 00 00 00 00
R13=0x000001680b4843c0 points into unknown readable memory: 0x00000167c08a2502 | 02 25 8a c0 67 01 00 00
R14=0x0000001dd9dfe108 is pointing into the stack for thread: 0x00000168090a3390
R15=0x00000167c1008018 is a pointer to class: 
java.lang.StringBuilder {0x00000167c1008020}
 - instance size:     3
 - klass size:        144
 - access:            public final synchronized 
 - flags:             rewritten has_nonstatic_fields has_nonstatic_concrete_methods is_shared_boot_class has_localvariable_table has_miranda_methods has_resolved_methods 
 - state:             fully_initialized
 - name:              'java/lang/StringBuilder'
 - super:             'java/lang/AbstractStringBuilder'
 - sub:               
 - arrays:            'java/lang/StringBuilder'[]
 - methods:           Array<T>(0x00000167c1620868)
 - method ordering:   Array<T>(0x00000167c1620bb0)
 - default_methods:   Array<T>(0x00000167c1620b78)
 - default vtable indices:   Array<T>(0x00000167c1620d38)
 - local interfaces:  Array<T>(0x00000167c1620b88)
 - trans. interfaces: Array<T>(0x00000167c161fac8)
 - constants:         constant pool [422] {0x00000167c161faf8} for 'java/lang/StringBuilder' cache=0x00000167c1467818
 - class loader data:  loader data: 0x00000167c0745a10 of 'bootstrap'
 - source file:       'StringBuilder.java'
 - generic signature: 'Ljava/lang/AbstractStringBuilder;Ljava/lang/Appendable;Ljava/io/Serializable;Ljava/lang/Comparable<Ljava/lang/StringBuilder;>;Ljava/lang/CharSequence;'
 - inner classes:     Array<T>(0x00000167c1613ef0)
 - nest members:     Array<T>(0x00000167c1613ef0)
 - permitted subclasses:     Array<T>(0x00000167c1613ef0)
 - java mirror:       a 'java/lang/Class'{0x00000006c1ea66c0} = 'java/lang/StringBuilder'
 - vtable length      68  (start addr: 0x00000167c10081d8)
 - itable length      19 (start addr: 0x00000167c10083f8)
 - ---- static fields (1 words):
 - static final 'serialVersionUID' 'J' @112 
 - ---- non-static fields (3 words):
 - 'count' 'I' @12 
 - 'coder' 'B' @16 
 - 'maybeLatin1' 'Z' @17 
 - 'value' '[B' @20 
 - non-static oop maps: 20-20 

Top of Stack: (sp=0x0000001dd9dfdd80)
0x0000001dd9dfdd80:   000000000000001c ffffffff0000000c
0x0000001dd9dfdd90:   00000167c1480090 0000000000000000
0x0000001dd9dfdda0:   00000167c1008018 00007ffada66d143
0x0000001dd9dfddb0:   02000167c14843a0 0000001dd9dfde40
0x0000001dd9dfddc0:   00000167c1487348 0000001dd9dfe108
0x0000001dd9dfddd0:   0000000000000000 00007ffada5c3fae
0x0000001dd9dfdde0:   0000000000000000 0000001dd9dfdee0
0x0000001dd9dfddf0:   00000168090a3390 000000000000003b
0x0000001dd9dfde00:   0000016800000000 00007ffada5c4050
0x0000001dd9dfde10:   000001680a246120 0000000000000000
0x0000001dd9dfde20:   0000000000000000 000001680a246508
0x0000001dd9dfde30:   00000168090a3390 00000000000003d8
0x0000001dd9dfde40:   00007ffadaa21408 0000001800000000
0x0000001dd9dfde50:   0000000000000000 0000000000000000
0x0000001dd9dfde60:   0000000000000000 0000000000000000
0x0000001dd9dfde70:   0000001dd9dfde89 0000000000000018
0x0000001dd9dfde80:   0000000000000030 6c2e6176616a2700
0x0000001dd9dfde90:   697274532e676e61 65646c697542676e
0x0000001dd9dfdea0:   0000000000000072 00000167c1480000
0x0000001dd9dfdeb0:   00007ffadac38490 00000167c158b230
0x0000001dd9dfdec0:   00000167c14871e8 00007ffada3b0080
0x0000001dd9dfded0:   0000f9ddb72cfd09 0000001dd9dfe220
0x0000001dd9dfdee0:   0000001dd9dfe108 0000001dd9dfe220
0x0000001dd9dfdef0:   00000167c17d9336 0000000000000001
0x0000001dd9dfdf00:   00000168090a3390 00000168090a3390
0x0000001dd9dfdf10:   0000f9ddb72cfd49 00007ffada5c187a
0x0000001dd9dfdf20:   00000167c17d9339 0000001dd9dfe220
0x0000001dd9dfdf30:   00000167c17d9339 0000000000000000
0x0000001dd9dfdf40:   0000001dd9dfe108 00000168090a3390
0x0000001dd9dfdf50:   00000167c1008018 00007ffada5c18c7
0x0000001dd9dfdf60:   00000167c17d6d82 000001680a2bd5e8
0x0000001dd9dfdf70:   00000168090a3390 00000168090a3390 

Instructions: (pc=0x00007ffada7b068a)
0x00007ffada7b058a:   cc cc cc cc cc cc 48 89 5c 24 08 48 89 74 24 10
0x00007ffada7b059a:   48 89 7c 24 18 41 56 48 83 ec 20 41 8b d9 49 63
0x00007ffada7b05aa:   f8 48 8b f2 4c 8b f1 e8 1a d4 ef ff 44 0f bf d0
0x00007ffada7b05ba:   49 8d 4e 06 41 c1 e2 10 4c 8b c7 44 0b d3 66 41
0x00007ffada7b05ca:   89 7e 04 48 8b d6 45 89 16 41 c6 46 07 00 c6 01
0x00007ffada7b05da:   00 e8 30 44 13 00 48 8b 5c 24 30 49 8b c6 48 8b
0x00007ffada7b05ea:   74 24 38 48 8b 7c 24 40 48 83 c4 20 41 5e c3 cc
0x00007ffada7b05fa:   cc cc cc cc cc cc 40 53 48 83 ec 20 8b 02 48 8b
0x00007ffada7b060a:   d9 89 01 0f b7 42 04 48 83 c2 06 66 89 41 04 44
0x00007ffada7b061a:   8b c0 48 83 c1 06 e8 eb 43 13 00 48 8b c3 48 83
0x00007ffada7b062a:   c4 20 5b c3 cc cc 4c 8b d2 4c 8b d9 45 85 c0 7e
0x00007ffada7b063a:   3c 44 0f b7 49 04 41 8d 40 ff 41 3b c1 44 0f 4c
0x00007ffada7b064a:   c8 4d 63 c1 45 85 c9 7e 1f 48 8b c2 4c 2b da 49
0x00007ffada7b065a:   8b d0 0f 1f 40 00 41 0f b6 4c 03 06 88 08 48 8d
0x00007ffada7b066a:   40 01 48 83 ea 01 75 ee 43 c6 04 10 00 49 8b c2
0x00007ffada7b067a:   c3 cc cc cc cc cc 48 89 5c 24 08 57 48 83 ec 20
0x00007ffada7b068a:   0f b7 59 04 48 8b f9 33 d2 48 8d 4b 01 e8 d4 f5
0x00007ffada7b069a:   f5 ff 0f b7 57 04 4c 8b c0 3b da 0f 42 d3 44 8b
0x00007ffada7b06aa:   ca 85 d2 74 39 48 2b f8 0f 1f 40 00 66 66 0f 1f
0x00007ffada7b06ba:   84 00 00 00 00 00 0f b6 4c 07 06 88 08 48 ff c0
0x00007ffada7b06ca:   48 8b c8 49 2b c8 49 3b c9 7c eb 42 c6 04 02 00
0x00007ffada7b06da:   49 8b c0 48 8b 5c 24 30 48 83 c4 20 5f c3 48 8b
0x00007ffada7b06ea:   5c 24 30 c6 04 02 00 48 83 c4 20 5f c3 cc cc cc
0x00007ffada7b06fa:   cc cc cc cc cc cc 4c 8b d1 45 85 c0 7e 6c 44 0f
0x00007ffada7b070a:   b7 49 04 41 8d 40 ff 41 3b c1 44 0f 4c c8 4d 63
0x00007ffada7b071a:   d9 45 85 c9 7e 22 48 8b ca 4c 2b d2 4d 8b c3 0f
0x00007ffada7b072a:   1f 80 00 00 00 00 41 0f b6 44 0a 06 88 01 48 8d
0x00007ffada7b073a:   49 01 49 83 e8 01 75 ee 41 c6 04 13 00 48 c7 c0
0x00007ffada7b074a:   ff ff ff ff 66 90 48 ff c0 80 3c 02 00 75 f7 48
0x00007ffada7b075a:   63 c8 85 c0 48 8b c2 7e 14 80 38 2f 75 03 c6 00
0x00007ffada7b076a:   2e 48 ff c0 48 83 e9 01 75 ef 48 8b c2 c3 cc cc
0x00007ffada7b077a:   cc cc cc cc cc cc 48 83 ec 28 e8 f7 fe ff ff 4c 


Stack slot to memory mapping:

stack at sp + 0 slots: 0x000000000000001c is an unknown value
stack at sp + 1 slots: 0xffffffff0000000c is an unknown value
stack at sp + 2 slots: 0x00000167c1480090 is pointing into metadata
stack at sp + 3 slots: 0x0 is null
stack at sp + 4 slots: 0x00000167c1008018 is a pointer to class: 
java.lang.StringBuilder {0x00000167c1008020}
 - instance size:     3
 - klass size:        144
 - access:            public final synchronized 
 - flags:             rewritten has_nonstatic_fields has_nonstatic_concrete_methods is_shared_boot_class has_localvariable_table has_miranda_methods has_resolved_methods 
 - state:             fully_initialized
 - name:              'java/lang/StringBuilder'
 - super:             'java/lang/AbstractStringBuilder'
 - sub:               
 - arrays:            'java/lang/StringBuilder'[]
 - methods:           Array<T>(0x00000167c1620868)
 - method ordering:   Array<T>(0x00000167c1620bb0)
 - default_methods:   Array<T>(0x00000167c1620b78)
 - default vtable indices:   Array<T>(0x00000167c1620d38)
 - local interfaces:  Array<T>(0x00000167c1620b88)
 - trans. interfaces: Array<T>(0x00000167c161fac8)
 - constants:         constant pool [422] {0x00000167c161faf8} for 'java/lang/StringBuilder' cache=0x00000167c1467818
 - class loader data:  loader data: 0x00000167c0745a10 of 'bootstrap'
 - source file:       'StringBuilder.java'
 - generic signature: 'Ljava/lang/AbstractStringBuilder;Ljava/lang/Appendable;Ljava/io/Serializable;Ljava/lang/Comparable<Ljava/lang/StringBuilder;>;Ljava/lang/CharSequence;'
 - inner classes:     Array<T>(0x00000167c1613ef0)
 - nest members:     Array<T>(0x00000167c1613ef0)
 - permitted subclasses:     Array<T>(0x00000167c1613ef0)
 - java mirror:       a 'java/lang/Class'{0x00000006c1ea66c0} = 'java/lang/StringBuilder'
 - vtable length      68  (start addr: 0x00000167c10081d8)
 - itable length      19 (start addr: 0x00000167c10083f8)
 - ---- static fields (1 words):
 - static final 'serialVersionUID' 'J' @112 
 - ---- non-static fields (3 words):
 - 'count' 'I' @12 
 - 'coder' 'B' @16 
 - 'maybeLatin1' 'Z' @17 
 - 'value' '[B' @20 
 - non-static oop maps: 20-20 
stack at sp + 5 slots: 0x00007ffada66d143 jvm.dll
stack at sp + 6 slots: 0x02000167c14843a0 is an unknown value
stack at sp + 7 slots: 0x0000001dd9dfde40 is pointing into the stack for thread: 0x00000168090a3390

invokevirtual  182 invokevirtual  [0x00000167b05b8f60, 0x00000167b05b9430]  1232 bytes
[MachCode]
  0x00000167b05b8f60: 4883 ec08 | c5fa 1104 | 24eb 1f48 | 83ec 10c5 | fb11 0424 | eb14 4883 | ec10 4889 | 0424 48c7 
  0x00000167b05b8f80: 4424 0800 | 0000 00eb | 0150 4c89 | 6dc0 410f | b755 0148 | 8b4d d0c1 | e202 8b5c | d138 c1eb 
  0x00000167b05b8fa0: 1881 e3ff | 0000 0081 | fbb6 0000 | 000f 84b4 | 0000 00bb | b600 0000 | e805 0000 | 00e9 9900 
  0x00000167b05b8fc0: 0000 488b | d348 8d44 | 2408 4c89 | 6dc0 498b | cfc5 f877 | 4989 afa8 | 0300 0049 | 8987 9803 
  0x00000167b05b8fe0: 0000 4883 | ec20 40f6 | c40f 0f84 | 1900 0000 | 4883 ec08 | 48b8 f05e | 3cda fa7f | 0000 ffd0 
  0x00000167b05b9000: 4883 c408 | e90c 0000 | 0048 b8f0 | 5e3c dafa | 7f00 00ff | d048 83c4 | 2049 c787 | 9803 0000 
  0x00000167b05b9020: 0000 0000 | 49c7 87a8 | 0300 0000 | 0000 0049 | c787 a003 | 0000 0000 | 0000 c5f8 | 7749 837f 
  0x00000167b05b9040: 0800 0f84 | 0500 0000 | e9b3 7efe | ff4c 8b6d | c04c 8b75 | c84e 8d74 | f500 c341 | 0fb7 5501 
  0x00000167b05b9060: 488b 4dd0 | c1e2 0248 | 8b5c d148 | 8b54 d150 | 8bca 81e1 | ff00 0000 | 488b 4ccc | f844 8bea 
  0x00000167b05b9080: c1ea 1c49 | ba20 dbc3 | dafa 7f00 | 0049 8b14 | d252 418b | d54c 8b6d | c08b c225 | 0000 1000 
  0x00000167b05b90a0: 0f84 7801 | 0000 483b | 0148 8b45 | d848 85c0 | 0f84 1200 | 0000 4883 | 4008 0148 | 8358 0800 
  0x00000167b05b90c0: 4883 c038 | 4889 45d8 | 488b 45d8 | 4885 c00f | 843d 0100 | 0080 78c8 | 0b0f 8533 | 0100 0048 
  0x00000167b05b90e0: 83c0 084c | 8b68 f841 | 83ed 0041 | 83fd 020f | 8c12 0100 | 004c 8b6b | 0845 0fb7 | 6d2e 4c2b 
  0x00000167b05b9100: 2841 83ed | 014e 8b6c | ec08 4d85 | ed75 0ef6 | 4008 0175 | 58f0 4883 | 4808 01eb | 5045 8b6d 
  0x00000167b05b9120: 0849 ba00 | 0000 c167 | 0100 004d | 03ea 4d8b | d54c 3368 | 0849 f7c5 | fcff ffff | 742f 41f6 
  0x00000167b05b9140: c502 7529 | 4883 7808 | 0074 1e48 | 8378 0801 | 7417 4d8b | ea4c 3368 | 0849 f7c5 | fcff ffff 
  0x00000167b05b9160: 740b 4883 | 4808 02eb | 044c 8968 | 0848 83c0 | 104c 8b68 | e841 83ed | 0241 83fd | 020f 8c84 
  0x00000167b05b9180: 0000 004c | 8b6b 0845 | 0fb7 6d2e | 4c2b 2841 | 83ed 014e | 8b6c ec08 | 4d85 ed75 | 0ef6 4008 
  0x00000167b05b91a0: 0175 58f0 | 4883 4808 | 01eb 5045 | 8b6d 0849 | ba00 0000 | c167 0100 | 004d 03ea | 4d8b d54c 
  0x00000167b05b91c0: 3368 0849 | f7c5 fcff | ffff 742f | 41f6 c502 | 7529 4883 | 7808 0074 | 1e48 8378 | 0801 7417 
  0x00000167b05b91e0: 4d8b ea4c | 3368 0849 | f7c5 fcff | ffff 740b | 4883 4808 | 02eb 044c | 8968 0848 | 83c0 104c 
  0x00000167b05b9200: 8b68 d841 | 83ed 0441 | c1e5 0349 | 03c5 4889 | 45d8 4c8d | 6c24 084c | 896d f0ff | 6350 8b41 
  0x00000167b05b9220: 0849 ba00 | 0000 c167 | 0100 0049 | 03c2 4c8b | 75d8 4d85 | f60f 8495 | 0000 0049 | 8b56 1848 
  0x00000167b05b9240: 3bd0 0f85 | 0f00 0000 | 4983 4620 | 0149 835e | 2000 e971 | 0000 0048 | 85d2 0f84 | 4200 0000 
  0x00000167b05b9260: 498b 5628 | 483b d00f | 850f 0000 | 0049 8346 | 3001 4983 | 5e30 00e9 | 4c00 0000 | 4885 d274 
  0x00000167b05b9280: 0f49 8346 | 0801 4983 | 5e08 00e9 | 3800 0000 | 4989 4628 | ba01 0000 | 0049 8956 | 30e9 2600 
  0x00000167b05b92a0: 0000 493b | 4628 0f85 | 0f00 0000 | 4983 4630 | 0149 835e | 3000 e90d | 0000 0049 | 8946 18ba 
  0x00000167b05b92c0: 0100 0000 | 4989 5620 | 4983 c638 | 4c89 75d8 | 488b 9cd8 | c001 0000 | 488b 55d8 | 4885 d20f 
  0x00000167b05b92e0: 843d 0100 | 0080 7ac8 | 0b0f 8533 | 0100 0048 | 83c2 084c | 8b6a f841 | 83ed 0041 | 83fd 020f 
  0x00000167b05b9300: 8c12 0100 | 004c 8b6b | 0845 0fb7 | 6d2e 4c2b | 2a41 83ed | 014e 8b6c | ec08 4d85 | ed75 0ef6 
  0x00000167b05b9320: 4208 0175 | 58f0 4883 | 4a08 01eb | 5045 8b6d | 0849 ba00 | 0000 c167 | 0100 004d | 03ea 4d8b 
  0x00000167b05b9340: d54c 336a | 0849 f7c5 | fcff ffff | 742f 41f6 | c502 7529 | 4883 7a08 | 0074 1e48 | 837a 0801 
  0x00000167b05b9360: 7417 4d8b | ea4c 336a | 0849 f7c5 | fcff ffff | 740b 4883 | 4a08 02eb | 044c 896a | 0848 83c2 
  0x00000167b05b9380: 104c 8b6a | e841 83ed | 0241 83fd | 020f 8c84 | 0000 004c | 8b6b 0845 | 0fb7 6d2e | 4c2b 2a41 
  0x00000167b05b93a0: 83ed 014e | 8b6c ec08 | 4d85 ed75 | 0ef6 4208 | 0175 58f0 | 4883 4a08 | 01eb 5045 | 8b6d 0849 
  0x00000167b05b93c0: ba00 0000 | c167 0100 | 004d 03ea | 4d8b d54c | 336a 0849 | f7c5 fcff | ffff 742f | 41f6 c502 
  0x00000167b05b93e0: 7529 4883 | 7a08 0074 | 1e48 837a | 0801 7417 | 4d8b ea4c | 336a 0849 | f7c5 fcff | ffff 740b 
  0x00000167b05b9400: 4883 4a08 | 02eb 044c | 896a 0848 | 83c2 104c | 8b6a d841 | 83ed 0441 | c1e5 0349 | 03d5 4889 
  0x00000167b05b9420: 55d8 4c8d | 6c24 084c | 896d f0ff | 6350 6690 
[/MachCode]

Compiled method (c1) 1747233 2383       3       java.lang.StringBuilder::append (9 bytes)
 total in heap  [0x00000167a94dd090,0x00000167a94dd6a0] = 1552
 relocation     [0x00000167a94dd1f0,0x00000167a94dd258] = 104
 main code      [0x00000167a94dd260,0x00000167a94dd540] = 736
 stub code      [0x00000167a94dd540,0x00000167a94dd598] = 88
 metadata       [0x00000167a94dd598,0x00000167a94dd5b0] = 24
 scopes data    [0x00000167a94dd5b0,0x00000167a94dd608] = 88
 scopes pcs     [0x00000167a94dd608,0x00000167a94dd688] = 128
 dependencies   [0x00000167a94dd688,0x00000167a94dd690] = 8
 nul chk table  [0x00000167a94dd690,0x00000167a94dd6a0] = 16

[Constant Pool (empty)]

[MachCode]
[Entry Point]
  # {method} {0x00000167c1467488} 'append' '(Ljava/lang/Object;)Ljava/lang/StringBuilder;' in 'java/lang/StringBuilder'
  # this:     rdx:rdx   = 'java/lang/StringBuilder'
  # parm0:    r8:r8     = 'java/lang/Object'
  #           [sp+0x50]  (sp of caller)
  0x00000167a94dd260: 448b 5208 | 49bb 0000 | 00c1 6701 | 0000 4d03 | d34c 3bd0 

  0x00000167a94dd274: ;   {runtime_call ic_miss_stub}
  0x00000167a94dd274: 0f85 0615 | 1107 660f | 1f44 0000 
[Verified Entry Point]
  0x00000167a94dd280: 8984 2400 | 80ff ff55 | 4883 ec40 | 4181 7f20 | 1e00 0000 

  0x00000167a94dd294: ;   {runtime_call StubRoutines (final stubs)}
  0x00000167a94dd294: 7405 e8c5 | 7a0f 0748 | 8954 2430 

  0x00000167a94dd2a0: ;   {metadata(method data for {method} {0x00000167c1467488} 'append' '(Ljava/lang/Object;)Ljava/lang/StringBuilder;' in 'java/lang/StringBuilder')}
  0x00000167a94dd2a0: 48be e00f | 1102 6801 | 0000 8bbe | cc00 0000 | 83c7 0289 | becc 0000 | 0081 e7fe | 0700 0085 
  0x00000167a94dd2c0: ff0f 84cd 

  0x00000167a94dd2c4: ;   {metadata(method data for {method} {0x00000167c1467488} 'append' '(Ljava/lang/Object;)Ljava/lang/StringBuilder;' in 'java/lang/StringBuilder')}
  0x00000167a94dd2c4: 0100 0048 | bee0 0f11 | 0268 0100 | 0048 8386 | 1001 0000 

  0x00000167a94dd2d8: ;   {metadata(method data for {method} {0x00000167c145ac10} 'valueOf' '(Ljava/lang/Object;)Ljava/lang/String;' in 'java/lang/String')}
  0x00000167a94dd2d8: 0148 be80 | 1111 0268 | 0100 008b | becc 0000 | 0083 c702 | 89be cc00 | 0000 81e7 | feff 1f00 
  0x00000167a94dd2f8: 85ff 0f84 | b501 0000 

  0x00000167a94dd300: ;   {metadata(method data for {method} {0x00000167c145ac10} 'valueOf' '(Ljava/lang/Object;)Ljava/lang/String;' in 'java/lang/String')}
  0x00000167a94dd300: 4d85 c048 | be80 1111 | 0268 0100 | 0048 bf10 | 0100 0000 | 0000 0075 | 0a48 bf20 | 0100 0000 
  0x00000167a94dd320: 0000 0048 | 8b1c 3e48 | 8d5b 0148 | 891c 3e0f | 851f 0000 

  0x00000167a94dd334: ;   {metadata(method data for {method} {0x00000167c145ac10} 'valueOf' '(Ljava/lang/Object;)Ljava/lang/String;' in 'java/lang/String')}
  0x00000167a94dd334: 0048 be80 | 1111 0268 | 0100 00ff | 8630 0100 

  0x00000167a94dd344: ;   {oop("null"{0x00000006c1eb4d80})}
  0x00000167a94dd344: 0048 be80 | 4deb c106 | 0000 00e9 | b300 0000 

  0x00000167a94dd354: ; implicit exception: dispatches to 0x00000167a94dd4d6
  0x00000167a94dd354: 493b 0049 

  0x00000167a94dd358: ;   {metadata(method data for {method} {0x00000167c145ac10} 'valueOf' '(Ljava/lang/Object;)Ljava/lang/String;' in 'java/lang/String')}
  0x00000167a94dd358: 8bf0 48bf | 8011 1102 | 6801 0000 | 8b76 0849 | ba00 0000 | c167 0100 | 0049 03f2 | 483b b758 
  0x00000167a94dd378: 0100 0075 | 0d48 8387 | 6001 0000 | 01e9 6000 | 0000 483b | b768 0100 | 0075 0d48 | 8387 7001 
  0x00000167a94dd398: 0000 01e9 | 4a00 0000 | 4883 bf58 | 0100 0000 | 7517 4889 | b758 0100 | 0048 c787 | 6001 0000 
  0x00000167a94dd3b8: 0100 0000 | e929 0000 | 0048 83bf | 6801 0000 | 0075 1748 | 89b7 6801 | 0000 48c7 | 8770 0100 
  0x00000167a94dd3d8: 0001 0000 | 00e9 0800 | 0000 4883 | 8748 0100 | 0001 498b | d048 b8ff | ffff ffff 

  0x00000167a94dd3f4: ;   {virtual_call}
  0x00000167a94dd3f4: ffff ffe8 

  0x00000167a94dd3f8: ; ImmutableOopMap {[48]=Oop }
                      ;*invokevirtual toString {reexecute=0 rethrow=0 return_oop=0}
                      ; - java.lang.String::valueOf@11 (line 4465)
                      ; - java.lang.StringBuilder::append@2 (line 173)
  0x00000167a94dd3f8: 04eb 1d07 

  0x00000167a94dd3fc: ;   {other}
  0x00000167a94dd3fc: 0f1f 8400 | 6c03 0000 | 488b f048 | 8b54 2430 

  0x00000167a94dd40c: ;   {metadata(method data for {method} {0x00000167c1467488} 'append' '(Ljava/lang/Object;)Ljava/lang/StringBuilder;' in 'java/lang/StringBuilder')}
  0x00000167a94dd40c: 4c8b c248 | bfe0 0f11 | 0268 0100 | 0048 8387 | 2001 0000 

  0x00000167a94dd420: ;   {metadata(method data for {method} {0x00000167c1467430} 'append' '(Ljava/lang/String;)Ljava/lang/StringBuilder;' in 'java/lang/StringBuilder')}
  0x00000167a94dd420: 0149 b800 | cb00 0268 | 0100 0041 | 8bb8 cc00 | 0000 83c7 | 0241 89b8 | cc00 0000 | 81e7 feff 
  0x00000167a94dd440: 1f00 85ff | 0f84 9100 | 0000 4c8b 

  0x00000167a94dd44c: ;   {metadata(method data for {method} {0x00000167c1467430} 'append' '(Ljava/lang/String;)Ljava/lang/StringBuilder;' in 'java/lang/StringBuilder')}
  0x00000167a94dd44c: c248 bf00 | cb00 0268 | 0100 0048 | 8387 1001 | 0000 014c | 8bc6 488b | f248 8bd6 | 0f1f 8000 
  0x00000167a94dd46c: ;   {optimized virtual_call}
  0x00000167a94dd46c: 0000 00e8 

  0x00000167a94dd470: ; ImmutableOopMap {[48]=Oop }
                      ;*invokespecial append {reexecute=0 rethrow=0 return_oop=0}
                      ; - java.lang.StringBuilder::append@2 (line 179)
                      ; - java.lang.StringBuilder::append@5 (line 173)
  0x00000167a94dd470: 0c81 9307 

  0x00000167a94dd474: ;   {other}
  0x00000167a94dd474: 0f1f 8400 | e403 0001 | 488b 4424 | 3048 83c4 

  0x00000167a94dd484: ;   {poll_return}
  0x00000167a94dd484: 405d 493b | a748 0400 | 000f 8769 | 0000 00c3 

  0x00000167a94dd494: ;   {metadata({method} {0x00000167c1467488} 'append' '(Ljava/lang/Object;)Ljava/lang/StringBuilder;' in 'java/lang/StringBuilder')}
  0x00000167a94dd494: 49ba 8074 | 46c1 6701 | 0000 4c89 | 5424 0848 | c704 24ff 

  0x00000167a94dd4a8: ;   {runtime_call counter_overflow Runtime1 stub}
  0x00000167a94dd4a8: ffff ffe8 

  0x00000167a94dd4ac: ; ImmutableOopMap {rdx=Oop r8=Oop [48]=Oop }
                      ;*synchronization entry
                      ; - java.lang.StringBuilder::append@-1 (line 173)
  0x00000167a94dd4ac: 50b7 1d07 | e912 feff 

  0x00000167a94dd4b4: ;   {metadata({method} {0x00000167c145ac10} 'valueOf' '(Ljava/lang/Object;)Ljava/lang/String;' in 'java/lang/String')}
  0x00000167a94dd4b4: ff49 ba08 | ac45 c167 | 0100 004c | 8954 2408 | 48c7 0424 | ffff ffff 

  0x00000167a94dd4cc: ;   {runtime_call counter_overflow Runtime1 stub}
  0x00000167a94dd4cc: e82f b71d 

  0x00000167a94dd4d0: ; ImmutableOopMap {rdx=Oop r8=Oop [48]=Oop }
                      ;*synchronization entry
                      ; - java.lang.String::valueOf@-1 (line 4465)
                      ; - java.lang.StringBuilder::append@2 (line 173)
  0x00000167a94dd4d0: 07e9 2afe 

  0x00000167a94dd4d4: ;   {runtime_call throw_null_pointer_exception Runtime1 stub}
  0x00000167a94dd4d4: ffff e825 

  0x00000167a94dd4d8: ; ImmutableOopMap {r8=Oop [48]=Oop }
                      ;*invokevirtual toString {reexecute=0 rethrow=0 return_oop=0}
                      ; - java.lang.String::valueOf@11 (line 4465)
                      ; - java.lang.StringBuilder::append@2 (line 173)
                      ;   {metadata({method} {0x00000167c1467430} 'append' '(Ljava/lang/String;)Ljava/lang/StringBuilder;' in 'java/lang/StringBuilder')}
  0x00000167a94dd4d8: 661d 0749 | ba28 7446 | c167 0100 | 004c 8954 | 2408 48c7 | 0424 ffff 

  0x00000167a94dd4f0: ;   {runtime_call counter_overflow Runtime1 stub}
  0x00000167a94dd4f0: ffff e809 

  0x00000167a94dd4f4: ; ImmutableOopMap {rsi=Oop rdx=Oop [48]=Oop }
                      ;*synchronization entry
                      ; - java.lang.StringBuilder::append@-1 (line 179)
                      ; - java.lang.StringBuilder::append@5 (line 173)
  0x00000167a94dd4f4: b71d 07e9 | 4eff ffff 

  0x00000167a94dd4fc: ;   {internal_word}
  0x00000167a94dd4fc: 49ba 86d4 | 4da9 6701 | 0000 4d89 | 9760 0400 

  0x00000167a94dd50c: ;   {runtime_call SafepointBlob}
  0x00000167a94dd50c: 00e9 ee81 | 1107 498b | 87f8 0400 | 0049 c787 | f804 0000 | 0000 0000 | 49c7 8700 | 0500 0000 
  0x00000167a94dd52c: 0000 0048 | 83c4 405d 

  0x00000167a94dd534: ;   {runtime_call unwind_exception Runtime1 stub}
  0x00000167a94dd534: e9c7 561d | 07f4 f4f4 | f4f4 f4f4 
[Stub Code]
  0x00000167a94dd540: ;   {no_reloc}
  0x00000167a94dd540: 0f1f 4400 

  0x00000167a94dd544: ;   {static_stub}
  0x00000167a94dd544: 0048 bb00 | 0000 0000 

  0x00000167a94dd54c: ;   {runtime_call}
  0x00000167a94dd54c: 0000 00e9 | fbff ffff 

  0x00000167a94dd554: ;   {static_stub}
  0x00000167a94dd554: 9048 bb00 | 0000 0000 

  0x00000167a94dd55c: ;   {runtime_call}
  0x00000167a94dd55c: 0000 00e9 | fbff ffff 
[Exception Handler]
  0x00000167a94dd564: ;   {runtime_call handle_exception_from_callee Runtime1 stub}
  0x00000167a94dd564: e897 831d 

  0x00000167a94dd568: ;   {external_word}
  0x00000167a94dd568: 0748 b9a0 | 4699 dafa | 7f00 0048 

  0x00000167a94dd574: ;   {runtime_call}
  0x00000167a94dd574: 83e4 f048 | b8b0 2861 | dafa 7f00 | 00ff d0f4 
[Deopt Handler Code]
  0x00000167a94dd584: ;   {section_word}
  0x00000167a94dd584: 49ba 84d5 | 4da9 6701 | 0000 4152 

  0x00000167a94dd590: ;   {runtime_call DeoptimizationBlob}
  0x00000167a94dd590: e90b 7411 | 07f4 f4f4 
[/MachCode]


Compiled method (c1) 1747265 13087       3       org.springframework.context.support.AbstractApplicationContext::getApplicationEventMulticaster (29 bytes)
 total in heap  [0x00000167a9af3690,0x00000167a9af3d60] = 1744
 relocation     [0x00000167a9af37f0,0x00000167a9af3868] = 120
 main code      [0x00000167a9af3880,0x00000167a9af3bc8] = 840
 stub code      [0x00000167a9af3bc8,0x00000167a9af3c30] = 104
 oops           [0x00000167a9af3c30,0x00000167a9af3c38] = 8
 metadata       [0x00000167a9af3c38,0x00000167a9af3c60] = 40
 scopes data    [0x00000167a9af3c60,0x00000167a9af3cb8] = 88
 scopes pcs     [0x00000167a9af3cb8,0x00000167a9af3d58] = 160
 dependencies   [0x00000167a9af3d58,0x00000167a9af3d60] = 8

[Constant Pool (empty)]

[MachCode]
[Entry Point]
  # {method} {0x00000168025c3190} 'getApplicationEventMulticaster' '()Lorg/springframework/context/event/ApplicationEventMulticaster;' in 'org/springframework/context/support/AbstractApplicationContext'
  #           [sp+0x50]  (sp of caller)
  0x00000167a9af3880: 448b 5208 | 49bb 0000 | 00c1 6701 | 0000 4d03 | d34c 3bd0 

  0x00000167a9af3894: ;   {runtime_call ic_miss_stub}
  0x00000167a9af3894: 0f85 e6ae | af06 660f | 1f44 0000 
[Verified Entry Point]
  0x00000167a9af38a0: 8984 2400 | 80ff ff55 | 4883 ec40 | 4181 7f20 | 1e00 0000 

  0x00000167a9af38b4: ;   {runtime_call StubRoutines (final stubs)}
  0x00000167a9af38b4: 7405 e8a5 | 14ae 0648 

  0x00000167a9af38bc: ;   {metadata(method data for {method} {0x00000168025c3190} 'getApplicationEventMulticaster' '()Lorg/springframework/context/event/ApplicationEventMulticaster;' in 'org/springframework/context/support/AbstractApplicationContext')}
  0x00000167a9af38bc: 8bda 48ba | 4811 7b0e | 6801 0000 | 8bb2 cc00 | 0000 83c6 | 0289 b2cc | 0000 0081 | e6fe 0700 
  0x00000167a9af38dc: 0085 f60f | 8421 0200 | 008b 7358 | 48c1 e603 

  0x00000167a9af38ec: ;   {metadata(method data for {method} {0x00000168025c3190} 'getApplicationEventMulticaster' '()Lorg/springframework/context/event/ApplicationEventMulticaster;' in 'org/springframework/context/support/AbstractApplicationContext')}
  0x00000167a9af38ec: 4885 f648 | ba48 117b | 0e68 0100 | 0048 bf10 | 0100 0000 | 0000 0075 | 0a48 bf20 | 0100 0000 
  0x00000167a9af390c: 0000 0048 | 8b04 3a48 | 8d40 0148 | 8904 3a0f | 8558 0100 | 000f 1f80 | 0000 0000 

  0x00000167a9af3928: ;   {metadata('java/lang/IllegalStateException')}
  0x00000167a9af3928: 48ba 5855 | 04c2 6701 | 0000 498b | 87b8 0100 | 0048 8d78 | 2849 3bbf | c801 0000 | 0f87 f601 
  0x00000167a9af3948: 0000 4989 | bfb8 0100 | 0048 c700 | 0100 0000 | 488b ca49 | ba00 0000 | c167 0100 | 0049 2bca 
  0x00000167a9af3968: 8948 0848 | 33c9 8948 | 0c48 33c9 | 4889 4810 | 4889 4818 | 4889 4820 | 4889 4424 

  0x00000167a9af3984: ;   {metadata(method data for {method} {0x00000168025c3190} 'getApplicationEventMulticaster' '()Lorg/springframework/context/event/ApplicationEventMulticaster;' in 'org/springframework/context/support/AbstractApplicationContext')}
  0x00000167a9af3984: 3048 ba48 | 117b 0e68 | 0100 0048 | 8382 3001 

  0x00000167a9af3994: ;   {metadata(method data for {method} {0x00000167c145ac10} 'valueOf' '(Ljava/lang/Object;)Ljava/lang/String;' in 'java/lang/String')}
  0x00000167a9af3994: 0000 0148 | ba80 1111 | 0268 0100 | 008b b2cc | 0000 0083 | c602 89b2 | cc00 0000 | 81e6 feff 
  0x00000167a9af39b4: 1f00 85f6 | 0f84 8f01 

  0x00000167a9af39bc: ;   {metadata(method data for {method} {0x00000167c145ac10} 'valueOf' '(Ljava/lang/Object;)Ljava/lang/String;' in 'java/lang/String')}
  0x00000167a9af39bc: 0000 48ba | 8011 1102 | 6801 0000 | ff82 1001 | 0000 488b 

  0x00000167a9af39d0: ;   {metadata(method data for {method} {0x00000167c145ac10} 'valueOf' '(Ljava/lang/Object;)Ljava/lang/String;' in 'java/lang/String')}
  0x00000167a9af39d0: d348 be80 | 1111 0268 | 0100 008b | 5208 49ba | 0000 00c1 | 6701 0000 | 4903 d248 | 3b96 5801 
  0x00000167a9af39f0: 0000 750d | 4883 8660 | 0100 0001 | e960 0000 | 0048 3b96 | 6801 0000 | 750d 4883 | 8670 0100 
  0x00000167a9af3a10: 0001 e94a | 0000 0048 | 83be 5801 | 0000 0075 | 1748 8996 | 5801 0000 | 48c7 8660 | 0100 0001 
  0x00000167a9af3a30: 0000 00e9 | 2900 0000 | 4883 be68 | 0100 0000 | 7517 4889 | 9668 0100 | 0048 c786 | 7001 0000 
  0x00000167a9af3a50: 0100 0000 | e908 0000 | 0048 8386 | 4801 0000 | 0148 8bd3 

  0x00000167a9af3a64: ;   {optimized virtual_call}
  0x00000167a9af3a64: 6666 90e8 

  0x00000167a9af3a68: ; ImmutableOopMap {[48]=Oop }
                      ;*invokevirtual toString {reexecute=0 rethrow=0 return_oop=0}
                      ; - java.lang.String::valueOf@11 (line 4465)
                      ; - org.springframework.context.support.AbstractApplicationContext::getApplicationEventMulticaster@12 (line 475)
  0x00000167a9af3a68: 6101 0000 

  0x00000167a9af3a6c: ;   {other}
  0x00000167a9af3a6c: 0f1f 8400 | dc03 0000 | e916 0000 | 0048 8bc6 | 4883 c440 

  0x00000167a9af3a80: ;   {poll_return}
  0x00000167a9af3a80: 5d49 3ba7 | 4804 0000 | 0f87 e000 | 0000 c390 

  0x00000167a9af3a90: ;   {no_reloc}
  0x00000167a9af3a90: e9fe 0000 | 0090 9090 | 9090 488b 

  0x00000167a9af3a9c: ;   {static_call}
  0x00000167a9af3a9c: d066 90e8 

  0x00000167a9af3aa0: ; ImmutableOopMap {[48]=Oop }
                      ;*invokedynamic {reexecute=0 rethrow=0 return_oop=0}
                      ; - org.springframework.context.support.AbstractApplicationContext::getApplicationEventMulticaster@15 (line 475)
  0x00000167a9af3aa0: dcb5 af06 

  0x00000167a9af3aa4: ;   {other}
  0x00000167a9af3aa4: 0f1f 8400 | 1404 0001 

  0x00000167a9af3aac: ;   {metadata(method data for {method} {0x00000168025c3190} 'getApplicationEventMulticaster' '()Lorg/springframework/context/event/ApplicationEventMulticaster;' in 'org/springframework/context/support/AbstractApplicationContext')}
  0x00000167a9af3aac: 49b8 4811 | 7b0e 6801 | 0000 4d8d | 8060 0100 | 0048 85c0 | 750b 41f6 | 0001 7505 | f049 8308 
  0x00000167a9af3acc: 014c 8b44 

  0x00000167a9af3ad0: ;   {metadata(method data for {method} {0x00000168025c3190} 'getApplicationEventMulticaster' '()Lorg/springframework/context/event/ApplicationEventMulticaster;' in 'org/springframework/context/support/AbstractApplicationContext')}
  0x00000167a9af3ad0: 2430 48ba | 4811 7b0e | 6801 0000 | 4883 8270 | 0100 0001 | 4c8b c048 | 8b54 2430 

  0x00000167a9af3aec: ;   {optimized virtual_call}
  0x00000167a9af3aec: 6666 90e8 

  0x00000167a9af3af0: ; ImmutableOopMap {[48]=Oop }
                      ;*invokespecial <init> {reexecute=0 rethrow=0 return_oop=0}
                      ; - org.springframework.context.support.AbstractApplicationContext::getApplicationEventMulticaster@20 (line 475)
  0x00000167a9af3af0: 8caf af06 

  0x00000167a9af3af4: ;   {other}
  0x00000167a9af3af4: 0f1f 8400 | 6404 0002 | 488b 4424 | 30e9 b400 

  0x00000167a9af3b04: ;   {metadata({method} {0x00000168025c3190} 'getApplicationEventMulticaster' '()Lorg/springframework/context/event/ApplicationEventMulticaster;' in 'org/springframework/context/support/AbstractApplicationContext')}
  0x00000167a9af3b04: 0000 49ba | 8831 5c02 | 6801 0000 | 4c89 5424 | 0848 c704 | 24ff ffff 

  0x00000167a9af3b1c: ;   {runtime_call counter_overflow Runtime1 stub}
  0x00000167a9af3b1c: ffe8 de50 

  0x00000167a9af3b20: ; ImmutableOopMap {rbx=Oop }
                      ;*synchronization entry
                      ; - org.springframework.context.support.AbstractApplicationContext::getApplicationEventMulticaster@-1 (line 474)
  0x00000167a9af3b20: bc06 e9be 

  0x00000167a9af3b24: ;   {metadata('java/lang/IllegalStateException')}
  0x00000167a9af3b24: fdff ff48 | ba58 5504 | c267 0100 | 00b8 000f 

  0x00000167a9af3b34: ;   {runtime_call load_klass_patching Runtime1 stub}
  0x00000167a9af3b34: 050a e845 

  0x00000167a9af3b38: ; ImmutableOopMap {rbx=Oop }
                      ;*new {reexecute=1 rethrow=0 return_oop=0}
                      ; - (reexecute) org.springframework.context.support.AbstractApplicationContext::getApplicationEventMulticaster@7 (line 475)
  0x00000167a9af3b38: 40bc 06e9 | e8fd ffff 

  0x00000167a9af3b40: ;   {runtime_call fast_new_instance Runtime1 stub}
  0x00000167a9af3b40: 488b d2e8 

  0x00000167a9af3b44: ; ImmutableOopMap {rbx=Oop }
                      ;*new {reexecute=0 rethrow=0 return_oop=0}
                      ; - org.springframework.context.support.AbstractApplicationContext::getApplicationEventMulticaster@7 (line 475)
  0x00000167a9af3b44: b808 bc06 | e933 feff 

  0x00000167a9af3b4c: ;   {metadata({method} {0x00000167c145ac10} 'valueOf' '(Ljava/lang/Object;)Ljava/lang/String;' in 'java/lang/String')}
  0x00000167a9af3b4c: ff49 ba08 | ac45 c167 | 0100 004c | 8954 2408 | 48c7 0424 | ffff ffff 

  0x00000167a9af3b64: ;   {runtime_call counter_overflow Runtime1 stub}
  0x00000167a9af3b64: e897 50bc 

  0x00000167a9af3b68: ; ImmutableOopMap {rbx=Oop rax=Oop [48]=Oop }
                      ;*synchronization entry
                      ; - java.lang.String::valueOf@-1 (line 4465)
                      ; - org.springframework.context.support.AbstractApplicationContext::getApplicationEventMulticaster@12 (line 475)
  0x00000167a9af3b68: 06e9 50fe 

  0x00000167a9af3b6c: ;   {internal_word}
  0x00000167a9af3b6c: ffff 49ba | 813a afa9 | 6701 0000 | 4d89 9760 

  0x00000167a9af3b7c: ;   {runtime_call SafepointBlob}
  0x00000167a9af3b7c: 0400 00e9 | 7c1b b006 | 49b8 0000 | 0000 0000 | 0000 b800 

  0x00000167a9af3b90: ;   {runtime_call load_appendix_patching Runtime1 stub}
  0x00000167a9af3b90: 0f05 0ae8 

  0x00000167a9af3b94: ; ImmutableOopMap {rax=Oop [48]=Oop }
                      ;*invokedynamic {reexecute=1 rethrow=0 return_oop=0}
                      ; - (reexecute) org.springframework.context.support.AbstractApplicationContext::getApplicationEventMulticaster@15 (line 475)
  0x00000167a9af3b94: e848 bc06 | e9f3 feff | ff49 8b87 | f804 0000 | 49c7 87f8 | 0400 0000 | 0000 0049 | c787 0005 
  0x00000167a9af3bb4: 0000 0000 | 0000 4883 

  0x00000167a9af3bbc: ;   {runtime_call unwind_exception Runtime1 stub}
  0x00000167a9af3bbc: c440 5de9 | 3cf0 bb06 | f4f4 f4f4 
[Stub Code]
  0x00000167a9af3bc8: ;   {no_reloc}
  0x00000167a9af3bc8: 0f1f 4400 

  0x00000167a9af3bcc: ;   {static_stub}
  0x00000167a9af3bcc: 0048 bb80 | 775c 0268 

  0x00000167a9af3bd4: ;   {runtime_call I2C/C2I adapters}
  0x00000167a9af3bd4: 0100 00e9 | 87f8 af06 

  0x00000167a9af3bdc: ;   {static_stub}
  0x00000167a9af3bdc: 9048 bb00 | 0000 0000 

  0x00000167a9af3be4: ;   {runtime_call}
  0x00000167a9af3be4: 0000 00e9 | fbff ffff 

  0x00000167a9af3bec: ;   {static_stub}
  0x00000167a9af3bec: 48bb 0000 | 0000 0000 

  0x00000167a9af3bf4: ;   {runtime_call}
  0x00000167a9af3bf4: 0000 e9fb 

  0x00000167a9af3bf8: ;   {runtime_call handle_exception_from_callee Runtime1 stub}
  0x00000167a9af3bf8: ffff ffe8 | 001d bc06 

  0x00000167a9af3c00: ;   {external_word}
  0x00000167a9af3c00: 48b9 a046 | 99da fa7f | 0000 4883 

  0x00000167a9af3c0c: ;   {runtime_call}
  0x00000167a9af3c0c: e4f0 48b8 | b028 61da | fa7f 0000 

  0x00000167a9af3c18: ;   {section_word}
  0x00000167a9af3c18: ffd0 f449 | ba1b 3caf | a967 0100 

  0x00000167a9af3c24: ;   {runtime_call DeoptimizationBlob}
  0x00000167a9af3c24: 0041 52e9 | 740d b006 | f4f4 f4f4 
[/MachCode]


---------------  P R O C E S S  ---------------

Threads class SMR info:
_java_thread_list=0x0000016808670660, length=16, elements={
0x00000167c08b7dc0, 0x00000167c08b9730, 0x00000167c08befc0, 0x00000167c08bfa10,
0x00000167c08c0460, 0x00000167c08c0eb0, 0x00000167c08c1c30, 0x00000167c08c7390,
0x00000167c0afecc0, 0x00000167c0d5a550, 0x00000167c0daee80, 0x00000168090a4740,
0x00000168090a6180, 0x00000168090a8f70, 0x00000168090a5460, 0x00000168090a3390
}

Java Threads: ( => current thread )
  0x00000167c08b7dc0 JavaThread "Reference Handler"          daemon [_thread_blocked, id=3512, stack(0x0000001dd8f00000,0x0000001dd9000000) (1024K)]
  0x00000167c08b9730 JavaThread "Finalizer"                  daemon [_thread_blocked, id=4836, stack(0x0000001dd9000000,0x0000001dd9100000) (1024K)]
  0x00000167c08befc0 JavaThread "Signal Dispatcher"          daemon [_thread_blocked, id=16972, stack(0x0000001dd9100000,0x0000001dd9200000) (1024K)]
  0x00000167c08bfa10 JavaThread "Attach Listener"            daemon [_thread_blocked, id=17588, stack(0x0000001dd9200000,0x0000001dd9300000) (1024K)]
  0x00000167c08c0460 JavaThread "Service Thread"             daemon [_thread_blocked, id=12308, stack(0x0000001dd9300000,0x0000001dd9400000) (1024K)]
  0x00000167c08c0eb0 JavaThread "Monitor Deflation Thread"   daemon [_thread_blocked, id=13732, stack(0x0000001dd9400000,0x0000001dd9500000) (1024K)]
  0x00000167c08c1c30 JavaThread "C2 CompilerThread0"         daemon [_thread_blocked, id=14960, stack(0x0000001dd9500000,0x0000001dd9600000) (1024K)]
  0x00000167c08c7390 JavaThread "C1 CompilerThread0"         daemon [_thread_blocked, id=15684, stack(0x0000001dd9600000,0x0000001dd9700000) (1024K)]
  0x00000167c0afecc0 JavaThread "Common-Cleaner"             daemon [_thread_blocked, id=6780, stack(0x0000001dd9700000,0x0000001dd9800000) (1024K)]
  0x00000167c0d5a550 JavaThread "Monitor Ctrl-Break"         daemon [_thread_in_native, id=15856, stack(0x0000001dd9800000,0x0000001dd9900000) (1024K)]
  0x00000167c0daee80 JavaThread "Notification Thread"        daemon [_thread_blocked, id=7916, stack(0x0000001dd9900000,0x0000001dd9a00000) (1024K)]
  0x00000168090a4740 JavaThread "mysql-cj-abandoned-connection-cleanup" daemon [_thread_blocked, id=13832, stack(0x0000001dda300000,0x0000001dda400000) (1024K)]
  0x00000168090a6180 JavaThread "Live Reload Server"         daemon [_thread_in_native, id=16652, stack(0x0000001dda700000,0x0000001dda800000) (1024K)]
  0x00000168090a8f70 JavaThread "DestroyJavaVM"                     [_thread_blocked, id=11968, stack(0x0000001dd8700000,0x0000001dd8800000) (1024K)]
  0x00000168090a5460 JavaThread "Thread-43"                         [_thread_blocked, id=18644, stack(0x0000001dd8400000,0x0000001dd8500000) (1024K)]
=>0x00000168090a3390 JavaThread "restartedMain"                     [_thread_in_vm, id=256, stack(0x0000001dd9d00000,0x0000001dd9e00000) (1024K)]
Total: 16

Other Threads:
  0x00000167c089f770 VMThread "VM Thread"                           [id=16840, stack(0x0000001dd8e00000,0x0000001dd8f00000) (1024K)]
  0x00000167c088ae30 WatcherThread "VM Periodic Task Thread"        [id=3768, stack(0x0000001dd8d00000,0x0000001dd8e00000) (1024K)]
  0x00000167a0c61500 WorkerThread "GC Thread#0"                     [id=2200, stack(0x0000001dd8800000,0x0000001dd8900000) (1024K)]
  0x0000016806284ff0 WorkerThread "GC Thread#1"                     [id=9156, stack(0x0000001dd9a00000,0x0000001dd9b00000) (1024K)]
  0x0000016806285390 WorkerThread "GC Thread#2"                     [id=3208, stack(0x0000001dd9b00000,0x0000001dd9c00000) (1024K)]
  0x0000016806285730 WorkerThread "GC Thread#3"                     [id=15644, stack(0x0000001dd9c00000,0x0000001dd9d00000) (1024K)]
  0x00000167a0c6c3f0 ConcurrentGCThread "G1 Main Marker"            [id=11028, stack(0x0000001dd8900000,0x0000001dd8a00000) (1024K)]
  0x00000167a0c6dd70 WorkerThread "G1 Conc#0"                       [id=9312, stack(0x0000001dd8a00000,0x0000001dd8b00000) (1024K)]
  0x00000167c075a110 ConcurrentGCThread "G1 Refine#0"               [id=5108, stack(0x0000001dd8b00000,0x0000001dd8c00000) (1024K)]
  0x00000167c075ba10 ConcurrentGCThread "G1 Service"                [id=1420, stack(0x0000001dd8c00000,0x0000001dd8d00000) (1024K)]
Total: 10

Threads with active compile tasks:
Total: 0

VM state: not at safepoint (normal execution)

VM Mutex/Monitor currently owned by a thread: None

Heap address: 0x00000006c1c00000, size: 5092 MB, Compressed Oops mode: Zero based, Oop shift amount: 3

CDS archive(s) mapped at: [0x00000167c1000000-0x00000167c1c90000-0x00000167c1c90000), size 13172736, SharedBaseAddress: 0x00000167c1000000, ArchiveRelocationMode: 1.
Compressed class space mapped at: 0x00000167c2000000-0x0000016802000000, reserved size: 1073741824
Narrow klass base: 0x00000167c1000000, Narrow klass shift: 0, Narrow klass range: 0x100000000

GC Precious Log:
 CardTable entry size: 512
 Card Set container configuration: InlinePtr #cards 4 size 8 Array Of Cards #cards 32 size 80 Howl #buckets 8 coarsen threshold 7372 Howl Bitmap #cards 1024 size 144 coarsen threshold 921 Card regions per heap region 1 cards per card region 8192
 CPUs: 4 total, 4 available
 Memory: 20355M
 Large Page Support: Disabled
 NUMA Support: Disabled
 Compressed Oops: Enabled (Zero based)
 Heap Region Size: 4M
 Heap Min Capacity: 8M
 Heap Initial Capacity: 320M
 Heap Max Capacity: 5092M
 Pre-touch: Disabled
 Parallel Workers: 4
 Concurrent Workers: 1
 Concurrent Refinement Workers: 4
 Periodic GC: Disabled

Heap:
 garbage-first heap   total 69632K, used 45726K [0x00000006c1c00000, 0x0000000800000000)
  region size 4096K, 5 young (20480K), 0 survivors (0K)
 Metaspace       used 83705K, committed 84672K, reserved 1179648K
  class space    used 10559K, committed 11008K, reserved 1048576K

Heap Regions: E=young(eden), S=young(survivor), O=old, HS=humongous(starts), HC=humongous(continues), CS=collection set, F=free, TAMS=top-at-mark-start, PB=parsable bottom
|   0|0x00000006c1c00000, 0x00000006c2000000, 0x00000006c2000000|100%| O|  |TAMS 0x00000006c1c00000| PB 0x00000006c1c00000| Untracked 
|   1|0x00000006c2000000, 0x00000006c2400000, 0x00000006c2400000|100%| O|  |TAMS 0x00000006c2000000| PB 0x00000006c2000000| Untracked 
|   2|0x00000006c2400000, 0x00000006c27fffe0, 0x00000006c2800000| 99%| O|  |TAMS 0x00000006c2400000| PB 0x00000006c2400000| Untracked 
|   3|0x00000006c2800000, 0x00000006c2c00000, 0x00000006c2c00000|100%| O|  |TAMS 0x00000006c2800000| PB 0x00000006c2800000| Untracked 
|   4|0x00000006c2c00000, 0x00000006c2fffff0, 0x00000006c3000000| 99%| O|  |TAMS 0x00000006c2c00000| PB 0x00000006c2c00000| Untracked 
|   5|0x00000006c3000000, 0x00000006c3400000, 0x00000006c3400000|100%| O|  |TAMS 0x00000006c3000000| PB 0x00000006c3000000| Untracked 
|   6|0x00000006c3400000, 0x00000006c37ffff0, 0x00000006c3800000| 99%| O|  |TAMS 0x00000006c3400000| PB 0x00000006c3400000| Untracked 
|   7|0x00000006c3800000, 0x00000006c38a78b8, 0x00000006c3c00000| 16%| O|  |TAMS 0x00000006c3800000| PB 0x00000006c3800000| Untracked 
|   8|0x00000006c3c00000, 0x00000006c3c00000, 0x00000006c4000000|  0%| F|  |TAMS 0x00000006c3c00000| PB 0x00000006c3c00000| Untracked 
|   9|0x00000006c4000000, 0x00000006c4000000, 0x00000006c4400000|  0%| F|  |TAMS 0x00000006c4000000| PB 0x00000006c4000000| Untracked 
|  10|0x00000006c4400000, 0x00000006c4400000, 0x00000006c4800000|  0%| F|  |TAMS 0x00000006c4400000| PB 0x00000006c4400000| Untracked 
|  11|0x00000006c4800000, 0x00000006c4800000, 0x00000006c4c00000|  0%| F|  |TAMS 0x00000006c4800000| PB 0x00000006c4800000| Untracked 
|  12|0x00000006c4c00000, 0x00000006c4e251f8, 0x00000006c5000000| 53%| E|  |TAMS 0x00000006c4c00000| PB 0x00000006c4c00000| Complete 
|  13|0x00000006c5000000, 0x00000006c5400000, 0x00000006c5400000|100%| E|CS|TAMS 0x00000006c5000000| PB 0x00000006c5000000| Complete 
|  68|0x00000006d2c00000, 0x00000006d3000000, 0x00000006d3000000|100%| E|CS|TAMS 0x00000006d2c00000| PB 0x00000006d2c00000| Complete 
|  69|0x00000006d3000000, 0x00000006d3400000, 0x00000006d3400000|100%| E|CS|TAMS 0x00000006d3000000| PB 0x00000006d3000000| Complete 
|  79|0x00000006d5800000, 0x00000006d5c00000, 0x00000006d5c00000|100%| E|CS|TAMS 0x00000006d5800000| PB 0x00000006d5800000| Complete 

Card table byte_map: [0x00000167b8a70000,0x00000167b9470000] _byte_map_base: 0x00000167b5462000

Marking Bits: (CMBitMap*) 0x00000167a0c61c00
 Bits: [0x00000167b9470000, 0x00000167be400000)

Polling page: 0x000001679eab0000

Metaspace:

Usage:
  Non-class:     71.43 MB used.
      Class:     10.31 MB used.
       Both:     81.74 MB used.

Virtual space:
  Non-class space:      128.00 MB reserved,      71.94 MB ( 56%) committed,  2 nodes.
      Class space:        1.00 GB reserved,      10.75 MB (  1%) committed,  1 nodes.
             Both:        1.12 GB reserved,      82.69 MB (  7%) committed. 

Chunk freelists:
   Non-Class:  7.46 MB
       Class:  5.11 MB
        Both:  12.57 MB

MaxMetaspaceSize: unlimited
CompressedClassSpaceSize: 1.00 GB
Initial GC threshold: 21.00 MB
Current GC threshold: 137.81 MB
CDS: on
 - commit_granule_bytes: 65536.
 - commit_granule_words: 8192.
 - virtual_space_node_default_size: 8388608.
 - enlarge_chunks_in_place: 1.
 - use_allocation_guard: 0.


Internal statistics:

num_allocs_failed_limit: 12.
num_arena_births: 1230.
num_arena_deaths: 58.
num_vsnodes_births: 3.
num_vsnodes_deaths: 0.
num_space_committed: 1323.
num_space_uncommitted: 0.
num_chunks_returned_to_freelist: 90.
num_chunks_taken_from_freelist: 4436.
num_chunk_merges: 15.
num_chunk_splits: 3036.
num_chunks_enlarged: 2202.
num_inconsistent_stats: 0.

CodeHeap 'non-profiled nmethods': size=120000Kb used=7704Kb max_used=7708Kb free=112295Kb
 bounds [0x00000167b0b40000, 0x00000167b12d0000, 0x00000167b8070000]
CodeHeap 'profiled nmethods': size=120000Kb used=17914Kb max_used=18036Kb free=102085Kb
 bounds [0x00000167a9070000, 0x00000167aa220000, 0x00000167b05a0000]
CodeHeap 'non-nmethods': size=5760Kb used=1749Kb max_used=1858Kb free=4010Kb
 bounds [0x00000167b05a0000, 0x00000167b0810000, 0x00000167b0b40000]
 total_blobs=9449 nmethods=8685 adapters=667
 compilation: enabled
              stopped_count=0, restarted_count=0
 full_count=0

Compilation events (20 events):
Event: 1746.954 Thread 0x00000167c08c1c30 nmethod 13810 0x00000167b11be310 code [0x00000167b11be4c0, 0x00000167b11be790]
Event: 1746.988 Thread 0x00000167c08c1c30 13811       4       java.util.TimSort::sort (229 bytes)
Event: 1747.000 Thread 0x00000167c08c7390 13813       3       org.springframework.core.type.filter.AbstractTypeHierarchyTraversingFilter::match (13 bytes)
Event: 1747.000 Thread 0x00000167c08c7390 nmethod 13813 0x00000167a9112c10 code [0x00000167a9112de0, 0x00000167a9113090]
Event: 1747.024 Thread 0x00000167c08c7390 13815       3       org.springframework.beans.factory.annotation.AnnotatedGenericBeanDefinition::<init> (18 bytes)
Event: 1747.025 Thread 0x00000167c08c7390 nmethod 13815 0x00000167a9178f10 code [0x00000167a9179160, 0x00000167a9179a98]
Event: 1747.031 Thread 0x00000167c08c1c30 nmethod 13811 0x00000167b12c7310 code [0x00000167b12c75a0, 0x00000167b12c8980]
Event: 1747.032 Thread 0x00000167c08c1c30 13814       4       org.springframework.core.annotation.MergedAnnotationsCollection$AnnotationsSpliterator::estimateSize (64 bytes)
Event: 1747.040 Thread 0x00000167c08c1c30 nmethod 13814 0x00000167b0e38910 code [0x00000167b0e38ac0, 0x00000167b0e38dd0]
Event: 1747.040 Thread 0x00000167c08c1c30 13812       4       java.lang.Class::copyConstructors (38 bytes)
Event: 1747.044 Thread 0x00000167c08c7390 13816       3       org.springframework.boot.autoconfigure.condition.OnBeanCondition::isCandidate (39 bytes)
Event: 1747.045 Thread 0x00000167c08c7390 nmethod 13816 0x00000167a910fd90 code [0x00000167a910ff80, 0x00000167a91107b0]
Event: 1747.045 Thread 0x00000167c08c7390 13817       3       org.springframework.boot.autoconfigure.condition.OnBeanCondition::isAutowireCandidate (24 bytes)
Event: 1747.046 Thread 0x00000167c08c7390 nmethod 13817 0x00000167a99d6390 code [0x00000167a99d6660, 0x00000167a99d7570]
Event: 1747.046 Thread 0x00000167c08c7390 13818       3       org.springframework.boot.autoconfigure.condition.OnBeanCondition::isDefaultCandidate (19 bytes)
Event: 1747.047 Thread 0x00000167c08c7390 nmethod 13818 0x00000167a923eb10 code [0x00000167a923ecc0, 0x00000167a923f0c8]
Event: 1747.055 Thread 0x00000167c08c1c30 nmethod 13812 0x00000167b1276490 code [0x00000167b1276660, 0x00000167b1276de0]
Event: 1747.059 Thread 0x00000167c08c1c30 13819   !   4       sun.reflect.annotation.AnnotationParser::parseEnumValue (123 bytes)
Event: 1747.079 Thread 0x00000167c08c1c30 nmethod 13819 0x00000167b12c9490 code [0x00000167b12c9720, 0x00000167b12ca390]
Event: 1747.079 Thread 0x00000167c08c1c30 13820       4       org.springframework.core.annotation.TypeMappedAnnotation::getAttributeValue (23 bytes)

GC Heap History (20 events):
Event: 1248.012 GC heap before
{Heap before GC invocations=39 (full 7):
 garbage-first heap   total 69632K, used 42989K [0x00000006c1c00000, 0x0000000800000000)
  region size 4096K, 4 young (16384K), 1 survivors (4096K)
 Metaspace       used 82120K, committed 83008K, reserved 1179648K
  class space    used 10488K, committed 10880K, reserved 1048576K
}
Event: 1248.241 GC heap after
{Heap after GC invocations=40 (full 8):
 garbage-first heap   total 69632K, used 28704K [0x00000006c1c00000, 0x0000000800000000)
  region size 4096K, 0 young (0K), 0 survivors (0K)
 Metaspace       used 82114K, committed 83008K, reserved 1179648K
  class space    used 10487K, committed 10880K, reserved 1048576K
}
Event: 1248.751 GC heap before
{Heap before GC invocations=40 (full 8):
 garbage-first heap   total 69632K, used 57376K [0x00000006c1c00000, 0x0000000800000000)
  region size 4096K, 7 young (28672K), 0 survivors (0K)
 Metaspace       used 82181K, committed 83072K, reserved 1179648K
  class space    used 10493K, committed 10880K, reserved 1048576K
}
Event: 1248.756 GC heap after
{Heap after GC invocations=41 (full 8):
 garbage-first heap   total 69632K, used 31803K [0x00000006c1c00000, 0x0000000800000000)
  region size 4096K, 1 young (4096K), 1 survivors (4096K)
 Metaspace       used 82181K, committed 83072K, reserved 1179648K
  class space    used 10493K, committed 10880K, reserved 1048576K
}
Event: 1249.494 GC heap before
{Heap before GC invocations=42 (full 8):
 garbage-first heap   total 69632K, used 56379K [0x00000006c1c00000, 0x0000000800000000)
  region size 4096K, 7 young (28672K), 1 survivors (4096K)
 Metaspace       used 82629K, committed 83520K, reserved 1179648K
  class space    used 10511K, committed 10944K, reserved 1048576K
}
Event: 1249.500 GC heap after
{Heap after GC invocations=43 (full 8):
 garbage-first heap   total 69632K, used 34379K [0x00000006c1c00000, 0x0000000800000000)
  region size 4096K, 1 young (4096K), 1 survivors (4096K)
 Metaspace       used 82629K, committed 83520K, reserved 1179648K
  class space    used 10511K, committed 10944K, reserved 1048576K
}
Event: 1338.113 GC heap before
{Heap before GC invocations=43 (full 8):
 garbage-first heap   total 69632K, used 42571K [0x00000006c1c00000, 0x0000000800000000)
  region size 4096K, 4 young (16384K), 1 survivors (4096K)
 Metaspace       used 82666K, committed 83584K, reserved 1179648K
  class space    used 10511K, committed 10944K, reserved 1048576K
}
Event: 1338.289 GC heap after
{Heap after GC invocations=44 (full 9):
 garbage-first heap   total 69632K, used 28935K [0x00000006c1c00000, 0x0000000800000000)
  region size 4096K, 0 young (0K), 0 survivors (0K)
 Metaspace       used 82656K, committed 83584K, reserved 1179648K
  class space    used 10510K, committed 10944K, reserved 1048576K
}
Event: 1339.010 GC heap before
{Heap before GC invocations=44 (full 9):
 garbage-first heap   total 69632K, used 57607K [0x00000006c1c00000, 0x0000000800000000)
  region size 4096K, 7 young (28672K), 0 survivors (0K)
 Metaspace       used 82712K, committed 83584K, reserved 1179648K
  class space    used 10514K, committed 10944K, reserved 1048576K
}
Event: 1339.015 GC heap after
{Heap after GC invocations=45 (full 9):
 garbage-first heap   total 69632K, used 32003K [0x00000006c1c00000, 0x0000000800000000)
  region size 4096K, 1 young (4096K), 1 survivors (4096K)
 Metaspace       used 82712K, committed 83584K, reserved 1179648K
  class space    used 10514K, committed 10944K, reserved 1048576K
}
Event: 1339.878 GC heap before
{Heap before GC invocations=46 (full 9):
 garbage-first heap   total 69632K, used 56579K [0x00000006c1c00000, 0x0000000800000000)
  region size 4096K, 7 young (28672K), 1 survivors (4096K)
 Metaspace       used 83092K, committed 84032K, reserved 1179648K
  class space    used 10531K, committed 10944K, reserved 1048576K
}
Event: 1339.885 GC heap after
{Heap after GC invocations=47 (full 9):
 garbage-first heap   total 69632K, used 34351K [0x00000006c1c00000, 0x0000000800000000)
  region size 4096K, 1 young (4096K), 1 survivors (4096K)
 Metaspace       used 83092K, committed 84032K, reserved 1179648K
  class space    used 10531K, committed 10944K, reserved 1048576K
}
Event: 1343.512 GC heap before
{Heap before GC invocations=47 (full 9):
 garbage-first heap   total 69632K, used 42543K [0x00000006c1c00000, 0x0000000800000000)
  region size 4096K, 4 young (16384K), 1 survivors (4096K)
 Metaspace       used 83160K, committed 84096K, reserved 1179648K
  class space    used 10533K, committed 10944K, reserved 1048576K
}
Event: 1343.738 GC heap after
{Heap after GC invocations=48 (full 10):
 garbage-first heap   total 69632K, used 29128K [0x00000006c1c00000, 0x0000000800000000)
  region size 4096K, 0 young (0K), 0 survivors (0K)
 Metaspace       used 83154K, committed 84096K, reserved 1179648K
  class space    used 10532K, committed 10944K, reserved 1048576K
}
Event: 1344.246 GC heap before
{Heap before GC invocations=48 (full 10):
 garbage-first heap   total 69632K, used 57800K [0x00000006c1c00000, 0x0000000800000000)
  region size 4096K, 7 young (28672K), 0 survivors (0K)
 Metaspace       used 83227K, committed 84160K, reserved 1179648K
  class space    used 10537K, committed 10944K, reserved 1048576K
}
Event: 1344.251 GC heap after
{Heap after GC invocations=49 (full 10):
 garbage-first heap   total 69632K, used 32211K [0x00000006c1c00000, 0x0000000800000000)
  region size 4096K, 1 young (4096K), 1 survivors (4096K)
 Metaspace       used 83227K, committed 84160K, reserved 1179648K
  class space    used 10537K, committed 10944K, reserved 1048576K
}
Event: 1345.106 GC heap before
{Heap before GC invocations=50 (full 10):
 garbage-first heap   total 69632K, used 56787K [0x00000006c1c00000, 0x0000000800000000)
  region size 4096K, 7 young (28672K), 1 survivors (4096K)
 Metaspace       used 83651K, committed 84608K, reserved 1179648K
  class space    used 10558K, committed 11008K, reserved 1048576K
}
Event: 1345.113 GC heap after
{Heap after GC invocations=51 (full 10):
 garbage-first heap   total 69632K, used 34638K [0x00000006c1c00000, 0x0000000800000000)
  region size 4096K, 1 young (4096K), 1 survivors (4096K)
 Metaspace       used 83651K, committed 84608K, reserved 1179648K
  class space    used 10558K, committed 11008K, reserved 1048576K
}
Event: 1746.365 GC heap before
{Heap before GC invocations=51 (full 10):
 garbage-first heap   total 69632K, used 51022K [0x00000006c1c00000, 0x0000000800000000)
  region size 4096K, 6 young (24576K), 1 survivors (4096K)
 Metaspace       used 83682K, committed 84672K, reserved 1179648K
  class space    used 10558K, committed 11008K, reserved 1048576K
}
Event: 1746.625 GC heap after
{Heap after GC invocations=52 (full 11):
 garbage-first heap   total 69632K, used 29342K [0x00000006c1c00000, 0x0000000800000000)
  region size 4096K, 0 young (0K), 0 survivors (0K)
 Metaspace       used 83672K, committed 84672K, reserved 1179648K
  class space    used 10557K, committed 11008K, reserved 1048576K
}

Dll operation events (13 events):
Event: 0.025 Loaded shared library C:\Program Files\Java\jdk-21\bin\java.dll
Event: 0.193 Loaded shared library C:\Program Files\Java\jdk-21\bin\jsvml.dll
Event: 0.589 Loaded shared library C:\Program Files\Java\jdk-21\bin\zip.dll
Event: 0.604 Loaded shared library C:\Program Files\Java\jdk-21\bin\instrument.dll
Event: 0.621 Loaded shared library C:\Program Files\Java\jdk-21\bin\net.dll
Event: 0.626 Loaded shared library C:\Program Files\Java\jdk-21\bin\nio.dll
Event: 0.636 Loaded shared library C:\Program Files\Java\jdk-21\bin\zip.dll
Event: 0.972 Loaded shared library C:\Program Files\Java\jdk-21\bin\extnet.dll
Event: 1.017 Loaded shared library C:\Program Files\Java\jdk-21\bin\jimage.dll
Event: 1.740 Loaded shared library C:\Program Files\Java\jdk-21\bin\management.dll
Event: 1.756 Loaded shared library C:\Program Files\Java\jdk-21\bin\management_ext.dll
Event: 5.653 Loaded shared library C:\Program Files\Java\jdk-21\bin\sunmscapi.dll
Event: 12.993 Loaded shared library C:\Program Files\Java\jdk-21\bin\verify.dll

Deoptimization events (20 events):
Event: 1344.796 Thread 0x000001680c8719e0 Uncommon trap: trap_request=0xfffffff4 fr.pc=0x00000167b129ebd8 relative=0x00000000000006b8
Event: 1344.796 Thread 0x000001680c8719e0 Uncommon trap: reason=null_check action=make_not_entrant pc=0x00000167b129ebd8 method=net.bytebuddy.description.annotation.AnnotationDescription$ForLoadedAnnotation.asValue(Ljava/lang/Object;Ljava/lang/Class;)Lnet/bytebuddy/description/annotation/Annotati
Event: 1344.796 Thread 0x000001680c8719e0 DEOPT PACKING pc=0x00000167b129ebd8 sp=0x0000001dd9dfcea0
Event: 1344.796 Thread 0x000001680c8719e0 DEOPT UNPACKING pc=0x00000167b05f46a2 sp=0x0000001dd9dfce20 mode 2
Event: 1344.880 Thread 0x000001680c8719e0 Uncommon trap: trap_request=0xfffffff4 fr.pc=0x00000167b12a0c58 relative=0x00000000000006b8
Event: 1344.880 Thread 0x000001680c8719e0 Uncommon trap: reason=null_check action=make_not_entrant pc=0x00000167b12a0c58 method=net.bytebuddy.description.annotation.AnnotationDescription$ForLoadedAnnotation.asValue(Ljava/lang/Object;Ljava/lang/Class;)Lnet/bytebuddy/description/annotation/Annotati
Event: 1344.880 Thread 0x000001680c8719e0 DEOPT PACKING pc=0x00000167b12a0c58 sp=0x0000001dd9dfc8b0
Event: 1344.880 Thread 0x000001680c8719e0 DEOPT UNPACKING pc=0x00000167b05f46a2 sp=0x0000001dd9dfc830 mode 2
Event: 1344.908 Thread 0x000001680c8719e0 Uncommon trap: trap_request=0xfffffff4 fr.pc=0x00000167b12a75d8 relative=0x00000000000006b8
Event: 1344.908 Thread 0x000001680c8719e0 Uncommon trap: reason=null_check action=make_not_entrant pc=0x00000167b12a75d8 method=net.bytebuddy.description.annotation.AnnotationDescription$ForLoadedAnnotation.asValue(Ljava/lang/Object;Ljava/lang/Class;)Lnet/bytebuddy/description/annotation/Annotati
Event: 1344.908 Thread 0x000001680c8719e0 DEOPT PACKING pc=0x00000167b12a75d8 sp=0x0000001dd9dfc680
Event: 1344.908 Thread 0x000001680c8719e0 DEOPT UNPACKING pc=0x00000167b05f46a2 sp=0x0000001dd9dfc600 mode 2
Event: 1746.337 Thread 0x000001680c873ab0 Uncommon trap: trap_request=0xffffffc6 fr.pc=0x00000167b0c62854 relative=0x0000000000000734
Event: 1746.337 Thread 0x000001680c873ab0 Uncommon trap: reason=bimorphic_or_optimized_type_check action=maybe_recompile pc=0x00000167b0c62854 method=java.util.HashMap.removeNode(ILjava/lang/Object;Ljava/lang/Object;ZZ)Ljava/util/HashMap$Node; @ 143 c2
Event: 1746.337 Thread 0x000001680c873ab0 DEOPT PACKING pc=0x00000167b0c62854 sp=0x0000001dda4fed80
Event: 1746.337 Thread 0x000001680c873ab0 DEOPT UNPACKING pc=0x00000167b05f46a2 sp=0x0000001dda4feca8 mode 2
Event: 1747.075 Thread 0x00000168090a3390 Uncommon trap: trap_request=0xffffff76 fr.pc=0x00000167b12c869c relative=0x00000000000010fc
Event: 1747.075 Thread 0x00000168090a3390 Uncommon trap: reason=predicate action=maybe_recompile pc=0x00000167b12c869c method=java.util.TimSort.reverseRange([Ljava/lang/Object;II)V @ 5 c2
Event: 1747.075 Thread 0x00000168090a3390 DEOPT PACKING pc=0x00000167b12c869c sp=0x0000001dd9dfe120
Event: 1747.075 Thread 0x00000168090a3390 DEOPT UNPACKING pc=0x00000167b05f46a2 sp=0x0000001dd9dfdfd0 mode 2

Classes loaded (20 events):
Event: 1014.695 Loading class java/lang/invoke/WrongMethodTypeException
Event: 1014.696 Loading class java/lang/invoke/WrongMethodTypeException done
Event: 1014.739 Loading class java/util/stream/ReferencePipeline$4
Event: 1014.739 Loading class java/util/stream/ReferencePipeline$4 done
Event: 1014.739 Loading class java/util/function/IntBinaryOperator
Event: 1014.739 Loading class java/util/function/IntBinaryOperator done
Event: 1014.739 Loading class java/util/stream/ReduceOps$7
Event: 1014.740 Loading class java/util/stream/ReduceOps$7 done
Event: 1014.741 Loading class java/util/stream/ReduceOps$6ReducingSink
Event: 1014.741 Loading class java/util/stream/ReduceOps$6ReducingSink done
Event: 1014.742 Loading class java/util/stream/ReferencePipeline$4$1
Event: 1014.742 Loading class java/util/stream/ReferencePipeline$4$1 done
Event: 1014.747 Loading class java/io/PrintWriter$1
Event: 1014.747 Loading class jdk/internal/access/JavaIOPrintWriterAccess
Event: 1014.747 Loading class jdk/internal/access/JavaIOPrintWriterAccess done
Event: 1014.748 Loading class java/io/PrintWriter$1 done
Event: 1014.748 Loading class java/lang/Throwable$WrappedPrintWriter
Event: 1014.748 Loading class java/lang/Throwable$PrintStreamOrWriter
Event: 1014.748 Loading class java/lang/Throwable$PrintStreamOrWriter done
Event: 1014.748 Loading class java/lang/Throwable$WrappedPrintWriter done

Classes unloaded (20 events):
Event: 734.244 Thread 0x00000167c089f770 Unloading class 0x00000167c2a99800 'org/apache/catalina/loader/JdbcLeakPrevention'
Event: 1008.161 Thread 0x00000167c089f770 Unloading class 0x00000167c2aa8c00 'jdk/internal/reflect/GeneratedSerializationConstructorAccessor9'
Event: 1008.162 Thread 0x00000167c089f770 Unloading class 0x00000167c2aa8800 'jdk/internal/reflect/GeneratedSerializationConstructorAccessor8'
Event: 1008.162 Thread 0x00000167c089f770 Unloading class 0x00000167c2aa0c00 'org/apache/catalina/loader/JdbcLeakPrevention'
Event: 1016.360 Thread 0x00000167c089f770 Unloading class 0x00000167c2ab1000 'jdk/internal/reflect/GeneratedSerializationConstructorAccessor11'
Event: 1016.360 Thread 0x00000167c089f770 Unloading class 0x00000167c2ab0c00 'jdk/internal/reflect/GeneratedSerializationConstructorAccessor10'
Event: 1016.360 Thread 0x00000167c089f770 Unloading class 0x00000167c2aa9000 'org/apache/catalina/loader/JdbcLeakPrevention'
Event: 1242.125 Thread 0x00000167c089f770 Unloading class 0x00000167c2ac1800 'jdk/internal/reflect/GeneratedSerializationConstructorAccessor13'
Event: 1242.125 Thread 0x00000167c089f770 Unloading class 0x00000167c2ac1400 'jdk/internal/reflect/GeneratedSerializationConstructorAccessor12'
Event: 1242.125 Thread 0x00000167c089f770 Unloading class 0x00000167c2ac0000 'org/apache/catalina/loader/JdbcLeakPrevention'
Event: 1248.108 Thread 0x00000167c089f770 Unloading class 0x00000167c2acc000 'jdk/internal/reflect/GeneratedSerializationConstructorAccessor14'
Event: 1248.108 Thread 0x00000167c089f770 Unloading class 0x00000167c2ac1c00 'org/apache/catalina/loader/JdbcLeakPrevention'
Event: 1338.180 Thread 0x00000167c089f770 Unloading class 0x00000167c2ad4000 'jdk/internal/reflect/GeneratedSerializationConstructorAccessor16'
Event: 1338.180 Thread 0x00000167c089f770 Unloading class 0x00000167c2ace400 'jdk/internal/reflect/GeneratedSerializationConstructorAccessor15'
Event: 1338.180 Thread 0x00000167c089f770 Unloading class 0x00000167c2acc800 'org/apache/catalina/loader/JdbcLeakPrevention'
Event: 1343.600 Thread 0x00000167c089f770 Unloading class 0x00000167c2ada000 'jdk/internal/reflect/GeneratedSerializationConstructorAccessor17'
Event: 1343.600 Thread 0x00000167c089f770 Unloading class 0x00000167c2ad4800 'org/apache/catalina/loader/JdbcLeakPrevention'
Event: 1746.460 Thread 0x00000167c089f770 Unloading class 0x00000167c2ae4000 'jdk/internal/reflect/GeneratedSerializationConstructorAccessor19'
Event: 1746.460 Thread 0x00000167c089f770 Unloading class 0x00000167c2add400 'jdk/internal/reflect/GeneratedSerializationConstructorAccessor18'
Event: 1746.460 Thread 0x00000167c089f770 Unloading class 0x00000167c2ada800 'org/apache/catalina/loader/JdbcLeakPrevention'

Classes redefined (0 events):
No events

Internal exceptions (20 events):
Event: 1343.499 Thread 0x000001680c86f910 Exception <a 'java/io/IOException'{0x00000006d2c91200}> (0x00000006d2c91200) 
thrown [s\open\src\hotspot\share\prims\jni.cpp, line 520]
Event: 1343.502 Thread 0x000001680c86f910 Exception <a 'java/io/IOException'{0x00000006d2c94120}> (0x00000006d2c94120) 
thrown [s\open\src\hotspot\share\prims\jni.cpp, line 520]
Event: 1343.505 Thread 0x000001680c86f910 Exception <a 'java/io/IOException'{0x00000006d2c981d8}> (0x00000006d2c981d8) 
thrown [s\open\src\hotspot\share\prims\jni.cpp, line 520]
Event: 1343.507 Thread 0x000001680c86f910 Exception <a 'java/io/IOException'{0x00000006d2c99f60}> (0x00000006d2c99f60) 
thrown [s\open\src\hotspot\share\prims\jni.cpp, line 520]
Event: 1343.511 Thread 0x00000168090a4dd0 Exception <a 'java/lang/InterruptedException'{0x00000006d2cb4728}: sleep interrupted> (0x00000006d2cb4728) 
thrown [s\open\src\hotspot\share\prims\jvm.cpp, line 3074]
Event: 1343.756 Thread 0x000001680c8719e0 Exception <a 'sun/nio/fs/WindowsException'{0x00000006d5869098}> (0x00000006d5869098) 
thrown [s\open\src\hotspot\share\prims\jni.cpp, line 520]
Event: 1344.157 Thread 0x000001680c8719e0 Exception <a 'java/lang/NoClassDefFoundError'{0x00000006c49d8008}: liquibase/integration/spring/SpringLiquibase> (0x00000006c49d8008) 
thrown [s\open\src\hotspot\share\oops\constantPool.cpp, line 873]
Event: 1344.160 Thread 0x000001680c8719e0 Exception <a 'java/lang/NoClassDefFoundError'{0x00000006c49ff700}: org/jooq/DSLContext> (0x00000006c49ff700) 
thrown [s\open\src\hotspot\share\oops\constantPool.cpp, line 873]
Event: 1344.162 Thread 0x000001680c8719e0 Exception <a 'java/lang/NoClassDefFoundError'{0x00000006c4a3c7d0}: org/springframework/batch/core/repository/JobRepository> (0x00000006c4a3c7d0) 
thrown [s\open\src\hotspot\share\oops\constantPool.cpp, line 873]
Event: 1344.162 Thread 0x000001680c8719e0 Exception <a 'java/lang/NoClassDefFoundError'{0x00000006c4a3ce28}: org/quartz/Scheduler> (0x00000006c4a3ce28) 
thrown [s\open\src\hotspot\share\oops\constantPool.cpp, line 873]
Event: 1344.162 Thread 0x000001680c8719e0 Exception <a 'java/lang/NoClassDefFoundError'{0x00000006c4a3d4a8}: org/springframework/session/jdbc/JdbcIndexedSessionRepository> (0x00000006c4a3d4a8) 
thrown [s\open\src\hotspot\share\oops\constantPool.cpp, line 873]
Event: 1344.241 Thread 0x000001680c8719e0 Exception <a 'java/io/FileNotFoundException'{0x00000006c47a0eb8}> (0x00000006c47a0eb8) 
thrown [s\open\src\hotspot\share\prims\jni.cpp, line 520]
Event: 1344.302 Thread 0x000001680c8719e0 Exception <a 'java/io/FileNotFoundException'{0x00000006d5965d88}> (0x00000006d5965d88) 
thrown [s\open\src\hotspot\share\prims\jni.cpp, line 520]
Event: 1344.796 Thread 0x000001680c8719e0 Implicit null exception at 0x00000167b129e54d to 0x00000167b129ebc4
Event: 1344.880 Thread 0x000001680c8719e0 Implicit null exception at 0x00000167b12a05cd to 0x00000167b12a0c44
Event: 1344.908 Thread 0x000001680c8719e0 Implicit null exception at 0x00000167b12a6f4d to 0x00000167b12a75c4
Event: 1746.359 Thread 0x00000168090a1fe0 Exception <a 'java/io/IOException'{0x00000006c4d76e00}> (0x00000006c4d76e00) 
thrown [s\open\src\hotspot\share\prims\jni.cpp, line 520]
Event: 1746.361 Thread 0x00000168090a1fe0 Exception <a 'java/io/IOException'{0x00000006c4d7b190}> (0x00000006c4d7b190) 
thrown [s\open\src\hotspot\share\prims\jni.cpp, line 520]
Event: 1746.365 Thread 0x000001680c86ebf0 Exception <a 'java/lang/InterruptedException'{0x00000006c4da35f0}: sleep interrupted> (0x00000006c4da35f0) 
thrown [s\open\src\hotspot\share\prims\jvm.cpp, line 3074]
Event: 1746.756 Thread 0x00000168090a3390 Exception <a 'sun/nio/fs/WindowsException'{0x00000006d585d708}> (0x00000006d585d708) 
thrown [s\open\src\hotspot\share\prims\jni.cpp, line 520]

ZGC Phase Switch (0 events):
No events

VM Operations (20 events):
Event: 1344.346 Executing VM operation: G1PauseRemark
Event: 1344.403 Executing VM operation: G1PauseRemark done
Event: 1344.442 Executing VM operation: G1PauseCleanup
Event: 1344.445 Executing VM operation: G1PauseCleanup done
Event: 1345.106 Executing VM operation: G1CollectForAllocation (G1 Evacuation Pause)
Event: 1345.114 Executing VM operation: G1CollectForAllocation (G1 Evacuation Pause) done
Event: 1346.114 Executing VM operation: Cleanup
Event: 1346.114 Executing VM operation: Cleanup done
Event: 1365.195 Executing VM operation: Cleanup
Event: 1365.195 Executing VM operation: Cleanup done
Event: 1382.828 Executing VM operation: HandshakeAllThreads (HandshakeForDeflation)
Event: 1382.828 Executing VM operation: HandshakeAllThreads (HandshakeForDeflation) done
Event: 1382.828 Executing VM operation: RendezvousGCThreads
Event: 1382.828 Executing VM operation: RendezvousGCThreads done
Event: 1404.969 Executing VM operation: Cleanup
Event: 1404.970 Executing VM operation: Cleanup done
Event: 1447.196 Executing VM operation: Cleanup
Event: 1447.196 Executing VM operation: Cleanup done
Event: 1746.365 Executing VM operation: G1CollectFull (System.gc())
Event: 1746.713 Executing VM operation: G1CollectFull (System.gc()) done

Events (20 events):
Event: 1746.533 Thread 0x00000167c089f770 flushing nmethod 0x00000167a9b02010
Event: 1746.533 Thread 0x00000167c089f770 flushing nmethod 0x00000167a9ba6110
Event: 1746.533 Thread 0x00000167c089f770 flushing nmethod 0x00000167a9ba8b90
Event: 1746.533 Thread 0x00000167c089f770 flushing nmethod 0x00000167a9bd6910
Event: 1746.533 Thread 0x00000167c089f770 flushing nmethod 0x00000167a9be2310
Event: 1746.533 Thread 0x00000167c089f770 flushing nmethod 0x00000167a9cc8290
Event: 1746.533 Thread 0x00000167c089f770 flushing nmethod 0x00000167a9cd6290
Event: 1746.533 Thread 0x00000167c089f770 flushing nmethod 0x00000167a9d76d10
Event: 1746.533 Thread 0x00000167c089f770 flushing nmethod 0x00000167a9d7fe10
Event: 1746.533 Thread 0x00000167c089f770 flushing nmethod 0x00000167a9daca90
Event: 1746.533 Thread 0x00000167c089f770 flushing nmethod 0x00000167a9efee90
Event: 1746.533 Thread 0x00000167c089f770 flushing nmethod 0x00000167aa07a010
Event: 1746.533 Thread 0x00000167c089f770 flushing nmethod 0x00000167aa0b3110
Event: 1746.533 Thread 0x00000167c089f770 flushing nmethod 0x00000167aa0e2a90
Event: 1746.713 Thread 0x00000168090a2670 Thread added: 0x00000168090a2670
Event: 1746.717 Thread 0x00000168090a2670 Thread exited: 0x00000168090a2670
Event: 1746.717 Thread 0x00000168090a3390 Thread added: 0x00000168090a3390
Event: 1746.781 Thread 0x000001680c870630 Thread exited: 0x000001680c870630
Event: 1746.859 Thread 0x00000168090a4dd0 Thread added: 0x00000168090a4dd0
Event: 1746.891 Thread 0x00000168090a4dd0 Thread exited: 0x00000168090a4dd0


Dynamic libraries:
0x00007ff6469e0000 - 0x00007ff6469f0000 	C:\Program Files\Java\jdk-21\bin\java.exe
0x00007ffb2e600000 - 0x00007ffb2e867000 	C:\WINDOWS\SYSTEM32\ntdll.dll
0x00007ffb2c410000 - 0x00007ffb2c4d9000 	C:\WINDOWS\System32\KERNEL32.DLL
0x00007ffb2b9f0000 - 0x00007ffb2bde0000 	C:\WINDOWS\System32\KERNELBASE.dll
0x00007ffb2c240000 - 0x00007ffb2c38b000 	C:\WINDOWS\System32\ucrtbase.dll
0x00007ffb28640000 - 0x00007ffb28659000 	C:\Program Files\Java\jdk-21\bin\jli.dll
0x00007ffb2cec0000 - 0x00007ffb2cf74000 	C:\WINDOWS\System32\ADVAPI32.dll
0x00007ffb2d2e0000 - 0x00007ffb2d389000 	C:\WINDOWS\System32\msvcrt.dll
0x00007ffb2e510000 - 0x00007ffb2e5b6000 	C:\WINDOWS\System32\sechost.dll
0x00007ffb25cb0000 - 0x00007ffb25ccb000 	C:\Program Files\Java\jdk-21\bin\VCRUNTIME140.dll
0x00007ffb2d1c0000 - 0x00007ffb2d2d8000 	C:\WINDOWS\System32\RPCRT4.dll
0x00007ffb2c5e0000 - 0x00007ffb2c7a5000 	C:\WINDOWS\System32\USER32.dll
0x00007ffb2bf60000 - 0x00007ffb2bf87000 	C:\WINDOWS\System32\win32u.dll
0x00007ffb2c4e0000 - 0x00007ffb2c50b000 	C:\WINDOWS\System32\GDI32.dll
0x00007ffb2b8b0000 - 0x00007ffb2b9e8000 	C:\WINDOWS\System32\gdi32full.dll
0x00007ffb2beb0000 - 0x00007ffb2bf53000 	C:\WINDOWS\System32\msvcp_win.dll
0x00007ffb1c830000 - 0x00007ffb1caca000 	C:\WINDOWS\WinSxS\amd64_microsoft.windows.common-controls_6595b64144ccf1df_6.0.26100.4768_none_3e0c112ce331287c\COMCTL32.dll
0x00007ffb1fcc0000 - 0x00007ffb1fccb000 	C:\WINDOWS\SYSTEM32\VERSION.dll
0x00007ffb2ce80000 - 0x00007ffb2ceaf000 	C:\WINDOWS\System32\IMM32.DLL
0x00007ffb28630000 - 0x00007ffb2863c000 	C:\Program Files\Java\jdk-21\bin\vcruntime140_1.dll
0x00007ffb18290000 - 0x00007ffb1831e000 	C:\Program Files\Java\jdk-21\bin\msvcp140.dll
0x00007ffad9ff0000 - 0x00007ffadad0a000 	C:\Program Files\Java\jdk-21\bin\server\jvm.dll
0x00007ffb2db90000 - 0x00007ffb2dc04000 	C:\WINDOWS\System32\WS2_32.dll
0x00007ffb1a520000 - 0x00007ffb1a555000 	C:\WINDOWS\SYSTEM32\WINMM.dll
0x00007ffb2b590000 - 0x00007ffb2b5ee000 	C:\WINDOWS\SYSTEM32\POWRPROF.dll
0x00007ffb2b570000 - 0x00007ffb2b584000 	C:\WINDOWS\SYSTEM32\UMPDC.dll
0x00007ffb2a4b0000 - 0x00007ffb2a4cb000 	C:\WINDOWS\SYSTEM32\kernel.appcore.dll
0x00007ffb28460000 - 0x00007ffb2846a000 	C:\Program Files\Java\jdk-21\bin\jimage.dll
0x00007ffb19990000 - 0x00007ffb19bd1000 	C:\WINDOWS\SYSTEM32\DBGHELP.DLL
0x00007ffb2d750000 - 0x00007ffb2dad5000 	C:\WINDOWS\System32\combase.dll
0x00007ffb2d550000 - 0x00007ffb2d630000 	C:\WINDOWS\System32\OLEAUT32.dll
0x00007ffb04240000 - 0x00007ffb04283000 	C:\WINDOWS\SYSTEM32\dbgcore.DLL
0x00007ffb2c110000 - 0x00007ffb2c1a9000 	C:\WINDOWS\System32\bcryptPrimitives.dll
0x00007ffb26830000 - 0x00007ffb2683f000 	C:\Program Files\Java\jdk-21\bin\instrument.dll
0x00007ffb25790000 - 0x00007ffb257af000 	C:\Program Files\Java\jdk-21\bin\java.dll
0x00007ffb2dcc0000 - 0x00007ffb2e40d000 	C:\WINDOWS\System32\SHELL32.dll
0x00007ffb2b730000 - 0x00007ffb2b8a3000 	C:\WINDOWS\System32\wintypes.dll
0x00007ffb29350000 - 0x00007ffb29bb0000 	C:\WINDOWS\SYSTEM32\windows.storage.dll
0x00007ffb2d640000 - 0x00007ffb2d735000 	C:\WINDOWS\System32\SHCORE.dll
0x00007ffb2cca0000 - 0x00007ffb2cd0a000 	C:\WINDOWS\System32\shlwapi.dll
0x00007ffb2b650000 - 0x00007ffb2b679000 	C:\WINDOWS\SYSTEM32\profapi.dll
0x00007ffafd270000 - 0x00007ffafd347000 	C:\Program Files\Java\jdk-21\bin\jsvml.dll
0x00007ffb25750000 - 0x00007ffb25768000 	C:\Program Files\Java\jdk-21\bin\zip.dll
0x00007ffb25ca0000 - 0x00007ffb25cb0000 	C:\Program Files\Java\jdk-21\bin\net.dll
0x00007ffb1fad0000 - 0x00007ffb1fbee000 	C:\WINDOWS\SYSTEM32\WINHTTP.dll
0x00007ffb2aa40000 - 0x00007ffb2aaab000 	C:\WINDOWS\system32\mswsock.dll
0x00007ffb1f9d0000 - 0x00007ffb1f9e6000 	C:\Program Files\Java\jdk-21\bin\nio.dll
0x00007ffb257e0000 - 0x00007ffb257e9000 	C:\Program Files\Java\jdk-21\bin\extnet.dll
0x00007ffb1df40000 - 0x00007ffb1df4a000 	C:\Program Files\Java\jdk-21\bin\management.dll
0x00007ffb1df30000 - 0x00007ffb1df3b000 	C:\Program Files\Java\jdk-21\bin\management_ext.dll
0x00007ffb2d740000 - 0x00007ffb2d748000 	C:\WINDOWS\System32\PSAPI.DLL
0x00007ffb1dea0000 - 0x00007ffb1deae000 	C:\Program Files\Java\jdk-21\bin\sunmscapi.dll
0x00007ffb2bf90000 - 0x00007ffb2c107000 	C:\WINDOWS\System32\CRYPT32.dll
0x00007ffb2af20000 - 0x00007ffb2af50000 	C:\WINDOWS\SYSTEM32\ncrypt.dll
0x00007ffb2aed0000 - 0x00007ffb2af0f000 	C:\WINDOWS\SYSTEM32\NTASN1.dll
0x00007ffb2ad00000 - 0x00007ffb2ad1b000 	C:\WINDOWS\SYSTEM32\CRYPTSP.dll
0x00007ffb2a410000 - 0x00007ffb2a44b000 	C:\WINDOWS\system32\rsaenh.dll
0x00007ffb2aae0000 - 0x00007ffb2ab0b000 	C:\WINDOWS\SYSTEM32\USERENV.dll
0x00007ffb2b620000 - 0x00007ffb2b646000 	C:\WINDOWS\SYSTEM32\bcrypt.dll
0x00007ffb2ad20000 - 0x00007ffb2ad2c000 	C:\WINDOWS\SYSTEM32\CRYPTBASE.dll
0x00007ffb29ec0000 - 0x00007ffb29ef3000 	C:\WINDOWS\SYSTEM32\IPHLPAPI.DLL
0x00007ffb2d540000 - 0x00007ffb2d54a000 	C:\WINDOWS\System32\NSI.dll
0x00007ffb29f50000 - 0x00007ffb2a076000 	C:\WINDOWS\SYSTEM32\DNSAPI.dll
0x00007ffb14890000 - 0x00007ffb1489b000 	C:\Windows\System32\rasadhlp.dll
0x00007ffb1e7a0000 - 0x00007ffb1e826000 	C:\WINDOWS\System32\fwpuclnt.dll
0x00007ffb1db60000 - 0x00007ffb1db70000 	C:\Program Files\Java\jdk-21\bin\verify.dll
0x00007ffb1e4f0000 - 0x00007ffb1e4f8000 	C:\WINDOWS\system32\wshunix.dll

dbghelp: loaded successfully - version: 4.0.5 - missing functions: none
symbol engine: initialized successfully - sym options: 0x614 - pdb path: .;C:\Program Files\Java\jdk-21\bin;C:\WINDOWS\SYSTEM32;C:\WINDOWS\WinSxS\amd64_microsoft.windows.common-controls_6595b64144ccf1df_6.0.26100.4768_none_3e0c112ce331287c;C:\Program Files\Java\jdk-21\bin\server

VM Arguments:
jvm_args: -javaagent:C:\Program Files\JetBrains\IntelliJ IDEA Community Edition 2024.3.5\lib\idea_rt.jar=51097 -Dfile.encoding=UTF-8 -Dsun.stdout.encoding=UTF-8 -Dsun.stderr.encoding=UTF-8 
java_command: med.vol.api.ApiApplication
java_class_path (initial): D:\Programas java\api\target\classes;C:\Users\Leo\.m2\repository\org\springframework\boot\spring-boot-starter-web\3.5.4\spring-boot-starter-web-3.5.4.jar;C:\Users\Leo\.m2\repository\org\springframework\boot\spring-boot-starter\3.5.4\spring-boot-starter-3.5.4.jar;C:\Users\Leo\.m2\repository\org\springframework\boot\spring-boot-starter-logging\3.5.4\spring-boot-starter-logging-3.5.4.jar;C:\Users\Leo\.m2\repository\ch\qos\logback\logback-classic\1.5.18\logback-classic-1.5.18.jar;C:\Users\Leo\.m2\repository\ch\qos\logback\logback-core\1.5.18\logback-core-1.5.18.jar;C:\Users\Leo\.m2\repository\org\apache\logging\log4j\log4j-to-slf4j\2.24.3\log4j-to-slf4j-2.24.3.jar;C:\Users\Leo\.m2\repository\org\apache\logging\log4j\log4j-api\2.24.3\log4j-api-2.24.3.jar;C:\Users\Leo\.m2\repository\org\slf4j\jul-to-slf4j\2.0.17\jul-to-slf4j-2.0.17.jar;C:\Users\Leo\.m2\repository\jakarta\annotation\jakarta.annotation-api\2.1.1\jakarta.annotation-api-2.1.1.jar;C:\Users\Leo\.m2\repository\org\yaml\snakeyaml\2.4\snakeyaml-2.4.jar;C:\Users\Leo\.m2\repository\org\springframework\boot\spring-boot-starter-json\3.5.4\spring-boot-starter-json-3.5.4.jar;C:\Users\Leo\.m2\repository\com\fasterxml\jackson\core\jackson-databind\2.19.2\jackson-databind-2.19.2.jar;C:\Users\Leo\.m2\repository\com\fasterxml\jackson\datatype\jackson-datatype-jdk8\2.19.2\jackson-datatype-jdk8-2.19.2.jar;C:\Users\Leo\.m2\repository\com\fasterxml\jackson\module\jackson-module-parameter-names\2.19.2\jackson-module-parameter-names-2.19.2.jar;C:\Users\Leo\.m2\repository\org\springframework\boot\spring-boot-starter-tomcat\3.5.4\spring-boot-starter-tomcat-3.5.4.jar;C:\Users\Leo\.m2\repository\org\apache\tomcat\embed\tomcat-embed-core\10.1.43\tomcat-embed-core-10.1.43.jar;C:\Users\Leo\.m2\repository\org\apache\tomcat\embed\tomcat-embed-websocket\10.1.43\tomcat-embed-websocket-10.1.43.jar;C:\Users\Leo\.m2\repository\org\springframework\spring-web\6.2.9\spring-web-6.2.9.jar;C:\Users\Leo\.m2\repository\org\springframework\spring-beans\6.2.9\spring-beans-6.2.9.jar;C:\Users\Leo\.m2\repository\io\micrometer\micrometer-observation\1.15.2\micrometer-observation-1.15.2.jar;C:\Users\Leo\.m2\repository\io\micrometer\micrometer-commons\1.15.2\micrometer-commons-1.15.2.jar;C:\Users\Leo\.m2\repository\org\springframework\spring-webmvc\6.2.9\spring-webmvc-6.2.9.jar;C:\Users\Leo\.m2\repository\org\springframework\spring-aop\6.2.9\spring-aop-6.2.9.jar;C:\Users\Leo\.m2\repository\org\springframework\spring-context\6.2.9\spring-context-6.2.9.jar;C:\Users\Leo\.m2\repository\org\springframework\spring-expression\6.2.9\spring-expression-6.2.9.jar;C:\Users\Leo\.m2\repository\org\springframework\boot\spring-boot-devtools\3.5.4\spring-boot-devtools-3.5.4.jar;C:\Users\Leo\.m2\repository\org\springframework\boot\spring-boot\3.5.4\spring-boot-3.5.4.jar;C:\Users\Leo\.m2\repository\org\springframework\boot\spring-boot-autoconfigure\3.5.4\spring-boot-autoconfigure-3.5.4.jar;C:\Users\Leo\.m2\repository\org\projectlombok\lombok\1.18.38\lombok-1.18.38.jar;C:\Users\Leo\.m2\repository\org\slf4j\slf4j-api\2.0.17\slf4j-api-2.0.17.jar;C:\Users\Leo\.m2\repository\jakarta\xml\bind\jakarta.xml.bind-api\4.0.2\jakarta.xml.bind-api-4.0.2.jar;C:\Users\Leo\.m2\repository\jakarta\activation\jakarta.activation-api\2.1.3\jakarta.activation-api-2.1.3.jar;C:\Users\Leo\.m2\repository\net\bytebuddy\byte-buddy\1.17.6\byte-buddy-1.17.6.jar;C:\Users\Leo\.m2\repository\org\springframework\spring-core\6.2.9\spring-core-6.2.9.jar;C:\Users\Leo\.m2\repository\org\springframework\spring-jcl\6.2.9\spring-jcl-6.2.9.jar;C:\Users\Leo\.m2\repository\org\springframework\boot\spring-boot-starter-data-jpa\3.5.4\spring-boot-starter-data-jpa-3.5.4.jar;C:\Users\Leo\.m2\repository\org\springframework\boot\spring-boot-starter-jdbc\3.5.4\spring-boot-starter-jdbc-3.5.4.jar;C:\Users\Leo\.m2\repository\com\zaxxer\HikariCP\6.3.1\HikariCP-6.3.1.jar;C:\Users\Leo\.m2\repository\org\springframework\spring-jdbc\6.2.9\spring-jdbc-6.2.9.jar;C:\Users\Leo\.m2\repository\org\hibernate\orm\hibernate-core\6.6.22.Final\hibernate-core-6.6.22.Final.jar;C:\Users\Leo\.m2\repository\jakarta\persistence\jakarta.persistence-api\3.1.0\jakarta.persistence-api-3.1.0.jar;C:\Users\Leo\.m2\repository\jakarta\transaction\jakarta.transaction-api\2.0.1\jakarta.transaction-api-2.0.1.jar;C:\Users\Leo\.m2\repository\org\jboss\logging\jboss-logging\3.6.1.Final\jboss-logging-3.6.1.Final.jar;C:\Users\Leo\.m2\repository\org\hibernate\common\hibernate-commons-annotations\7.0.3.Final\hibernate-commons-annotations-7.0.3.Final.jar;C:\Users\Leo\.m2\repository\io\smallrye\jandex\3.2.0\jandex-3.2.0.jar;C:\Users\Leo\.m2\repository\com\fasterxml\classmate\1.7.0\classmate-1.7.0.jar;C:\Users\Leo\.m2\repository\org\glassfish\jaxb\jaxb-runtime\4.0.5\jaxb-runtime-4.0.5.jar;C:\Users\Leo\.m2\repository\org\glassfish\jaxb\jaxb-core\4.0.5\jaxb-core-4.0.5.jar;C:\Users\Leo\.m2\repository\org\eclipse\angus\angus-activation\2.0.2\angus-activation-2.0.2.jar;C:\Users\Leo\.m2\repository\org\glassfish\jaxb\txw2\4.0.5\txw2-4.0.5.jar;C:\Users\Leo\.m2\repository\com\sun\istack\istack-commons-runtime\4.1.2\istack-commons-runtime-4.1.2.jar;C:\Users\Leo\.m2\repository\jakarta\inject\jakarta.inject-api\2.0.1\jakarta.inject-api-2.0.1.jar;C:\Users\Leo\.m2\repository\org\antlr\antlr4-runtime\4.13.0\antlr4-runtime-4.13.0.jar;C:\Users\Leo\.m2\repository\org\springframework\data\spring-data-jpa\3.5.2\spring-data-jpa-3.5.2.jar;C:\Users\Leo\.m2\repository\org\springframework\data\spring-data-commons\3.5.2\spring-data-commons-3.5.2.jar;C:\Users\Leo\.m2\repository\org\springframework\spring-orm\6.2.9\spring-orm-6.2.9.jar;C:\Users\Leo\.m2\repository\org\springframework\spring-tx\6.2.9\spring-tx-6.2.9.jar;C:\Users\Leo\.m2\repository\org\springframework\spring-aspects\6.2.9\spring-aspects-6.2.9.jar;C:\Users\Leo\.m2\repository\org\aspectj\aspectjweaver\1.9.24\aspectjweaver-1.9.24.jar;C:\Users\Leo\.m2\repository\org\springframework\boot\spring-boot-starter-validation\3.5.4\spring-boot-starter-validation-3.5.4.jar;C:\Users\Leo\.m2\repository\org\apache\tomcat\embed\tomcat-embed-el\10.1.43\tomcat-embed-el-10.1.43.jar;C:\Users\Leo\.m2\repository\org\hibernate\validator\hibernate-validator\8.0.2.Final\hibernate-validator-8.0.2.Final.jar;C:\Users\Leo\.m2\repository\jakarta\validation\jakarta.validation-api\3.0.2\jakarta.validation-api-3.0.2.jar;C:\Users\Leo\.m2\repository\org\flywaydb\flyway-core\11.7.2\flyway-core-11.7.2.jar;C:\Users\Leo\.m2\repository\com\fasterxml\jackson\dataformat\jackson-dataformat-toml\2.19.2\jackson-dataformat-toml-2.19.2.jar;C:\Users\Leo\.m2\repository\com\fasterxml\jackson\core\jackson-core\2.19.2\jackson-core-2.19.2.jar;C:\Users\Leo\.m2\repository\com\fasterxml\jackson\datatype\jackson-datatype-jsr310\2.19.2\jackson-datatype-jsr310-2.19.2.jar;C:\Users\Leo\.m2\repository\com\fasterxml\jackson\core\jackson-annotations\2.19.2\jackson-annotations-2.19.2.jar;C:\Users\Leo\.m2\repository\org\flywaydb\flyway-mysql\11.7.2\flyway-mysql-11.7.2.jar;C:\Users\Leo\.m2\repository\com\mysql\mysql-connector-j\9.3.0\mysql-connector-j-9.3.0.jar
Launcher Type: SUN_STANDARD

[Global flags]
     intx CICompilerCount                          = 3                                         {product} {ergonomic}
     uint ConcGCThreads                            = 1                                         {product} {ergonomic}
     uint G1ConcRefinementThreads                  = 4                                         {product} {ergonomic}
   size_t G1HeapRegionSize                         = 4194304                                   {product} {ergonomic}
    uintx GCDrainStackTargetSize                   = 64                                        {product} {ergonomic}
   size_t InitialHeapSize                          = 335544320                                 {product} {ergonomic}
   size_t MarkStackSize                            = 4194304                                   {product} {ergonomic}
   size_t MaxHeapSize                              = 5339348992                                {product} {ergonomic}
   size_t MaxNewSize                               = 3200253952                                {product} {ergonomic}
   size_t MinHeapDeltaBytes                        = 4194304                                   {product} {ergonomic}
   size_t MinHeapSize                              = 8388608                                   {product} {ergonomic}
    uintx NonNMethodCodeHeapSize                   = 5832780                                {pd product} {ergonomic}
    uintx NonProfiledCodeHeapSize                  = 122912730                              {pd product} {ergonomic}
    uintx ProfiledCodeHeapSize                     = 122912730                              {pd product} {ergonomic}
    uintx ReservedCodeCacheSize                    = 251658240                              {pd product} {ergonomic}
     bool SegmentedCodeCache                       = true                                      {product} {ergonomic}
   size_t SoftMaxHeapSize                          = 5339348992                             {manageable} {ergonomic}
     bool UseCompressedOops                        = true                           {product lp64_product} {ergonomic}
     bool UseG1GC                                  = true                                      {product} {ergonomic}
     bool UseLargePagesIndividualAllocation        = false                                  {pd product} {ergonomic}

Logging:
Log output configuration:
 #0: stdout all=warning uptime,level,tags foldmultilines=false
 #1: stderr all=off uptime,level,tags foldmultilines=false

Environment Variables:
PATH=C:\Program Files\Common Files\Oracle\Java\javapath;C:\WINDOWS\system32;C:\WINDOWS;C:\WINDOWS\System32\Wbem;C:\WINDOWS\System32\WindowsPowerShell\v1.0\;C:\WINDOWS\System32\OpenSSH\;C:\Program Files (x86)\NVIDIA Corporation\PhysX\Common;C:\Program Files\NVIDIA Corporation\NVIDIA app\NvDLISR;C:\Program Files\dotnet\;C:\Program Files\Apache\maven-mvnd-1.0.2\bin;C:\Program Files\MySQL\MySQL Shell 8.0\bin\;C:\Users\Leo\AppData\Local\Microsoft\WindowsApps;C:\Users\Leo\AppData\Local\Programs\Git\cmd;C:\Users\Leo\AppData\Local\Programs\Microsoft VS Code\bin;C:\Program Files\MySQL\MySQL Server 8.0\bin;
USERNAME=Leo
OS=Windows_NT
PROCESSOR_IDENTIFIER=Intel64 Family 6 Model 142 Stepping 9, GenuineIntel
TMP=C:\Users\Leo\AppData\Local\Temp
TEMP=C:\Users\Leo\AppData\Local\Temp




Periodic native trim disabled

---------------  S Y S T E M  ---------------

OS:
 Windows 11 , 64 bit Build 26100 (10.0.26100.4768)
OS uptime: 1 days 2:15 hours

CPU: total 4 (initial active 4) (2 cores per cpu, 2 threads per core) family 6 model 142 stepping 9 microcode 0xde, cx8, cmov, fxsr, ht, mmx, 3dnowpref, sse, sse2, sse3, ssse3, sse4.1, sse4.2, popcnt, lzcnt, tsc, tscinvbit, avx, avx2, aes, erms, clmul, bmi1, bmi2, adx, fma, vzeroupper, clflush, clflushopt, rdtscp, f16c
Processor Information for all 4 processors :
  Max Mhz: 2712, Current Mhz: 2511, Mhz Limit: 2495

Memory: 4k page, system-wide physical 20355M (10582M free)
TotalPageFile size 21635M (AvailPageFile size 9788M)
current process WorkingSet (physical memory assigned to process): 310M, peak: 312M
current process commit charge ("private bytes"): 334M, peak: 464M

vm_info: Java HotSpot(TM) 64-Bit Server VM (21.0.6+8-LTS-188) for windows-amd64 JRE (21.0.6+8-LTS-188), built on 2024-12-03T10:50:54Z by "mach5one" with MS VC++ 17.6 (VS2022)

END.
